INFO - 2023-12-02 05:26:10 --> Session: Class initialized using 'CodeIgniter\Session\Handlers\FileHandler' driver.
CRITICAL - 2023-12-02 05:26:10 --> Undefined variable: judul
in APPPATH\Views\Home\index.php on line 2.
 1 APPPATH\Views\Home\index.php(2): CodeIgniter\Debug\Exceptions->errorHandler(8, 'Undefined variable: judul', 'D:\\App\\Aplikasi-MyPkm\\Mypkm\\app\\Views\\Home\\index.php', 2, [])
 2 SYSTEMPATH\View\View.php(213): include('D:\\App\\Aplikasi-MyPkm\\Mypkm\\app\\Views\\Home\\index.php')
 3 SYSTEMPATH\View\View.php(216): CodeIgniter\View\View->CodeIgniter\View\{closure}()
 4 SYSTEMPATH\Common.php(1184): CodeIgniter\View\View->render('Home/index', [], true)
 5 APPPATH\Controllers\User.php(17): view('Home/index')
 6 SYSTEMPATH\CodeIgniter.php(934): App\Controllers\User->index()
 7 SYSTEMPATH\CodeIgniter.php(499): CodeIgniter\CodeIgniter->runController(Object(App\Controllers\User))
 8 SYSTEMPATH\CodeIgniter.php(368): CodeIgniter\CodeIgniter->handleRequest(null, Object(Config\Cache), false)
 9 FCPATH\index.php(79): CodeIgniter\CodeIgniter->run()
10 SYSTEMPATH\Commands\Server\rewrite.php(47): require_once('D:\\App\\Aplikasi-MyPkm\\Mypkm\\public\\index.php')
INFO - 2023-12-02 05:31:17 --> Session: Class initialized using 'CodeIgniter\Session\Handlers\FileHandler' driver.
ERROR - 2023-12-02 05:31:34 --> mysqli_sql_exception: Table 'db_mypkm.users' doesn't exist in D:\App\Aplikasi-MyPkm\Mypkm\system\Database\MySQLi\Connection.php:295
Stack trace:
#0 D:\App\Aplikasi-MyPkm\Mypkm\system\Database\MySQLi\Connection.php(295): mysqli->query('SELECT *\nFROM `...', 0)
#1 D:\App\Aplikasi-MyPkm\Mypkm\system\Database\BaseConnection.php(692): CodeIgniter\Database\MySQLi\Connection->execute('SELECT *\nFROM `...')
#2 D:\App\Aplikasi-MyPkm\Mypkm\system\Database\BaseConnection.php(606): CodeIgniter\Database\BaseConnection->simpleQuery('SELECT *\nFROM `...')
#3 D:\App\Aplikasi-MyPkm\Mypkm\system\Database\BaseBuilder.php(1616): CodeIgniter\Database\BaseConnection->query('SELECT *\nFROM `...', Array, false)
#4 D:\App\Aplikasi-MyPkm\Mypkm\app\Models\UserModel.php(15): CodeIgniter\Database\BaseBuilder->get()
#5 D:\App\Aplikasi-MyPkm\Mypkm\app\Controllers\Login.php(18): App\Models\UserModel->get_data('21753031', '05072003')
#6 D:\App\Aplikasi-MyPkm\Mypkm\system\CodeIgniter.php(934): App\Controllers\Login->login_action()
#7 D:\App\Aplikasi-MyPkm\Mypkm\system\CodeIgniter.php(499): CodeIgniter\CodeIgniter->runController(Object(App\Controllers\Login))
#8 D:\App\Aplikasi-MyPkm\Mypkm\system\CodeIgniter.php(368): CodeIgniter\CodeIgniter->handleRequest(NULL, Object(Config\Cache), false)
#9 D:\App\Aplikasi-MyPkm\Mypkm\public\index.php(79): CodeIgniter\CodeIgniter->run()
#10 D:\App\Aplikasi-MyPkm\Mypkm\system\Commands\Server\rewrite.php(47): require_once('D:\\App\\Aplikasi...')
#11 {main}
CRITICAL - 2023-12-02 05:31:34 --> Table 'db_mypkm.users' doesn't exist
in SYSTEMPATH\Database\MySQLi\Connection.php on line 295.
 1 SYSTEMPATH\Database\MySQLi\Connection.php(295): mysqli->query('SELECT *
FROM `users`
WHERE `user_npm` = \'21753031\'
AND `user_password` = \'05072003\'', 0)
 2 SYSTEMPATH\Database\BaseConnection.php(692): CodeIgniter\Database\MySQLi\Connection->execute('SELECT *
FROM `users`
WHERE `user_npm` = \'21753031\'
AND `user_password` = \'05072003\'')
 3 SYSTEMPATH\Database\BaseConnection.php(606): CodeIgniter\Database\BaseConnection->simpleQuery('SELECT *
FROM `users`
WHERE `user_npm` = \'21753031\'
AND `user_password` = \'05072003\'')
 4 SYSTEMPATH\Database\BaseBuilder.php(1616): CodeIgniter\Database\BaseConnection->query('SELECT *
FROM `users`
WHERE `user_npm` = :user_npm:
AND `user_password` = :user_password:', [...], false)
 5 APPPATH\Models\UserModel.php(15): CodeIgniter\Database\BaseBuilder->get()
 6 APPPATH\Controllers\Login.php(18): App\Models\UserModel->get_data('21753031', '05072003')
 7 SYSTEMPATH\CodeIgniter.php(934): App\Controllers\Login->login_action()
 8 SYSTEMPATH\CodeIgniter.php(499): CodeIgniter\CodeIgniter->runController(Object(App\Controllers\Login))
 9 SYSTEMPATH\CodeIgniter.php(368): CodeIgniter\CodeIgniter->handleRequest(null, Object(Config\Cache), false)
10 FCPATH\index.php(79): CodeIgniter\CodeIgniter->run()
11 SYSTEMPATH\Commands\Server\rewrite.php(47): require_once('D:\\App\\Aplikasi-MyPkm\\Mypkm\\public\\index.php')
INFO - 2023-12-02 05:40:29 --> Session: Class initialized using 'CodeIgniter\Session\Handlers\FileHandler' driver.
