INFO - 2023-11-26 11:50:20 --> Session: Class initialized using 'CodeIgniter\Session\Handlers\FileHandler' driver.
CRITICAL - 2023-11-26 11:50:20 --> Undefined variable $judul
in APPPATH\Views\Home\index.php on line 2.
 1 APPPATH\Views\Home\index.php(2): CodeIgniter\Debug\Exceptions->errorHandler(2, 'Undefined variable $judul', 'C:\\Users\\Eti_n\\Documents\\MyPkm\\app\\Views\\Home\\index.php', 2)
 2 SYSTEMPATH\View\View.php(213): include('C:\\Users\\Eti_n\\Documents\\MyPkm\\app\\Views\\Home\\index.php')
 3 SYSTEMPATH\View\View.php(216): CodeIgniter\View\View->CodeIgniter\View\{closure}()
 4 SYSTEMPATH\Common.php(1184): CodeIgniter\View\View->render('home/index', [], true)
 5 APPPATH\Controllers\User.php(16): view('home/index')
 6 SYSTEMPATH\CodeIgniter.php(934): App\Controllers\User->index()
 7 SYSTEMPATH\CodeIgniter.php(499): CodeIgniter\CodeIgniter->runController(Object(App\Controllers\User))
 8 SYSTEMPATH\CodeIgniter.php(368): CodeIgniter\CodeIgniter->handleRequest(null, Object(Config\Cache), false)
 9 FCPATH\index.php(79): CodeIgniter\CodeIgniter->run()
10 SYSTEMPATH\Commands\Server\rewrite.php(47): require_once('C:\\Users\\Eti_n\\Documents\\MyPkm\\public\\index.php')
INFO - 2023-11-26 11:52:17 --> Session: Class initialized using 'CodeIgniter\Session\Handlers\FileHandler' driver.
CRITICAL - 2023-11-26 11:52:17 --> Undefined variable $judul
in APPPATH\Views\Home\index.php on line 2.
 1 APPPATH\Views\Home\index.php(2): CodeIgniter\Debug\Exceptions->errorHandler(2, 'Undefined variable $judul', 'C:\\Users\\Eti_n\\Documents\\MyPkm\\app\\Views\\Home\\index.php', 2)
 2 SYSTEMPATH\View\View.php(213): include('C:\\Users\\Eti_n\\Documents\\MyPkm\\app\\Views\\Home\\index.php')
 3 SYSTEMPATH\View\View.php(216): CodeIgniter\View\View->CodeIgniter\View\{closure}()
 4 SYSTEMPATH\Common.php(1184): CodeIgniter\View\View->render('home/index', [], true)
 5 APPPATH\Controllers\User.php(16): view('home/index')
 6 SYSTEMPATH\CodeIgniter.php(934): App\Controllers\User->index()
 7 SYSTEMPATH\CodeIgniter.php(499): CodeIgniter\CodeIgniter->runController(Object(App\Controllers\User))
 8 SYSTEMPATH\CodeIgniter.php(368): CodeIgniter\CodeIgniter->handleRequest(null, Object(Config\Cache), false)
 9 FCPATH\index.php(79): CodeIgniter\CodeIgniter->run()
10 SYSTEMPATH\Commands\Server\rewrite.php(47): require_once('C:\\Users\\Eti_n\\Documents\\MyPkm\\public\\index.php')
INFO - 2023-11-26 11:54:45 --> Session: Class initialized using 'CodeIgniter\Session\Handlers\FileHandler' driver.
CRITICAL - 2023-11-26 11:54:45 --> Undefined variable $judul
in APPPATH\Views\Home\index.php on line 2.
 1 APPPATH\Views\Home\index.php(2): CodeIgniter\Debug\Exceptions->errorHandler(2, 'Undefined variable $judul', 'C:\\Users\\Eti_n\\Documents\\MyPkm\\app\\Views\\Home\\index.php', 2)
 2 SYSTEMPATH\View\View.php(213): include('C:\\Users\\Eti_n\\Documents\\MyPkm\\app\\Views\\Home\\index.php')
 3 SYSTEMPATH\View\View.php(216): CodeIgniter\View\View->CodeIgniter\View\{closure}()
 4 SYSTEMPATH\Common.php(1184): CodeIgniter\View\View->render('home/index', [], true)
 5 APPPATH\Controllers\User.php(16): view('home/index')
 6 SYSTEMPATH\CodeIgniter.php(934): App\Controllers\User->index()
 7 SYSTEMPATH\CodeIgniter.php(499): CodeIgniter\CodeIgniter->runController(Object(App\Controllers\User))
 8 SYSTEMPATH\CodeIgniter.php(368): CodeIgniter\CodeIgniter->handleRequest(null, Object(Config\Cache), false)
 9 FCPATH\index.php(79): CodeIgniter\CodeIgniter->run()
10 SYSTEMPATH\Commands\Server\rewrite.php(47): require_once('C:\\Users\\Eti_n\\Documents\\MyPkm\\public\\index.php')
INFO - 2023-11-26 11:56:31 --> Session: Class initialized using 'CodeIgniter\Session\Handlers\FileHandler' driver.
CRITICAL - 2023-11-26 11:56:31 --> Undefined variable $judul
in APPPATH\Views\Home\index.php on line 2.
 1 APPPATH\Views\Home\index.php(2): CodeIgniter\Debug\Exceptions->errorHandler(2, 'Undefined variable $judul', 'C:\\Users\\Eti_n\\Documents\\MyPkm\\app\\Views\\Home\\index.php', 2)
 2 SYSTEMPATH\View\View.php(213): include('C:\\Users\\Eti_n\\Documents\\MyPkm\\app\\Views\\Home\\index.php')
 3 SYSTEMPATH\View\View.php(216): CodeIgniter\View\View->CodeIgniter\View\{closure}()
 4 SYSTEMPATH\Common.php(1184): CodeIgniter\View\View->render('home/index', [], true)
 5 APPPATH\Controllers\User.php(16): view('home/index')
 6 SYSTEMPATH\CodeIgniter.php(934): App\Controllers\User->index()
 7 SYSTEMPATH\CodeIgniter.php(499): CodeIgniter\CodeIgniter->runController(Object(App\Controllers\User))
 8 SYSTEMPATH\CodeIgniter.php(368): CodeIgniter\CodeIgniter->handleRequest(null, Object(Config\Cache), false)
 9 FCPATH\index.php(79): CodeIgniter\CodeIgniter->run()
10 SYSTEMPATH\Commands\Server\rewrite.php(47): require_once('C:\\Users\\Eti_n\\Documents\\MyPkm\\public\\index.php')
INFO - 2023-11-26 12:01:03 --> Session: Class initialized using 'CodeIgniter\Session\Handlers\FileHandler' driver.
CRITICAL - 2023-11-26 12:01:03 --> Undefined variable $judul
in APPPATH\Views\Home\index.php on line 2.
 1 APPPATH\Views\Home\index.php(2): CodeIgniter\Debug\Exceptions->errorHandler(2, 'Undefined variable $judul', 'C:\\Users\\Eti_n\\Documents\\MyPkm\\app\\Views\\Home\\index.php', 2)
 2 SYSTEMPATH\View\View.php(213): include('C:\\Users\\Eti_n\\Documents\\MyPkm\\app\\Views\\Home\\index.php')
 3 SYSTEMPATH\View\View.php(216): CodeIgniter\View\View->CodeIgniter\View\{closure}()
 4 SYSTEMPATH\Common.php(1184): CodeIgniter\View\View->render('home/index', [], true)
 5 APPPATH\Controllers\User.php(16): view('home/index')
 6 SYSTEMPATH\CodeIgniter.php(934): App\Controllers\User->index()
 7 SYSTEMPATH\CodeIgniter.php(499): CodeIgniter\CodeIgniter->runController(Object(App\Controllers\User))
 8 SYSTEMPATH\CodeIgniter.php(368): CodeIgniter\CodeIgniter->handleRequest(null, Object(Config\Cache), false)
 9 FCPATH\index.php(79): CodeIgniter\CodeIgniter->run()
10 SYSTEMPATH\Commands\Server\rewrite.php(47): require_once('C:\\Users\\Eti_n\\Documents\\MyPkm\\public\\index.php')
INFO - 2023-11-26 12:02:17 --> Session: Class initialized using 'CodeIgniter\Session\Handlers\FileHandler' driver.
CRITICAL - 2023-11-26 12:02:17 --> Undefined variable $judul
in APPPATH\Views\Home\index.php on line 2.
 1 APPPATH\Views\Home\index.php(2): CodeIgniter\Debug\Exceptions->errorHandler(2, 'Undefined variable $judul', 'C:\\Users\\Eti_n\\Documents\\MyPkm\\app\\Views\\Home\\index.php', 2)
 2 SYSTEMPATH\View\View.php(213): include('C:\\Users\\Eti_n\\Documents\\MyPkm\\app\\Views\\Home\\index.php')
 3 SYSTEMPATH\View\View.php(216): CodeIgniter\View\View->CodeIgniter\View\{closure}()
 4 SYSTEMPATH\Common.php(1184): CodeIgniter\View\View->render('home/index', [], true)
 5 APPPATH\Controllers\User.php(16): view('home/index')
 6 SYSTEMPATH\CodeIgniter.php(934): App\Controllers\User->index()
 7 SYSTEMPATH\CodeIgniter.php(499): CodeIgniter\CodeIgniter->runController(Object(App\Controllers\User))
 8 SYSTEMPATH\CodeIgniter.php(368): CodeIgniter\CodeIgniter->handleRequest(null, Object(Config\Cache), false)
 9 FCPATH\index.php(79): CodeIgniter\CodeIgniter->run()
10 SYSTEMPATH\Commands\Server\rewrite.php(47): require_once('C:\\Users\\Eti_n\\Documents\\MyPkm\\public\\index.php')
INFO - 2023-11-26 12:04:26 --> Session: Class initialized using 'CodeIgniter\Session\Handlers\FileHandler' driver.
CRITICAL - 2023-11-26 12:04:26 --> Undefined variable $judul
in APPPATH\Views\Home\index.php on line 2.
 1 APPPATH\Views\Home\index.php(2): CodeIgniter\Debug\Exceptions->errorHandler(2, 'Undefined variable $judul', 'C:\\Users\\Eti_n\\Documents\\MyPkm\\app\\Views\\Home\\index.php', 2)
 2 SYSTEMPATH\View\View.php(213): include('C:\\Users\\Eti_n\\Documents\\MyPkm\\app\\Views\\Home\\index.php')
 3 SYSTEMPATH\View\View.php(216): CodeIgniter\View\View->CodeIgniter\View\{closure}()
 4 SYSTEMPATH\Common.php(1184): CodeIgniter\View\View->render('home/index', [], true)
 5 APPPATH\Controllers\User.php(16): view('home/index')
 6 SYSTEMPATH\CodeIgniter.php(934): App\Controllers\User->index()
 7 SYSTEMPATH\CodeIgniter.php(499): CodeIgniter\CodeIgniter->runController(Object(App\Controllers\User))
 8 SYSTEMPATH\CodeIgniter.php(368): CodeIgniter\CodeIgniter->handleRequest(null, Object(Config\Cache), false)
 9 FCPATH\index.php(79): CodeIgniter\CodeIgniter->run()
10 SYSTEMPATH\Commands\Server\rewrite.php(47): require_once('C:\\Users\\Eti_n\\Documents\\MyPkm\\public\\index.php')
INFO - 2023-11-26 12:06:14 --> Session: Class initialized using 'CodeIgniter\Session\Handlers\FileHandler' driver.
CRITICAL - 2023-11-26 12:06:14 --> Undefined variable $judul
in APPPATH\Views\Home\index.php on line 2.
 1 APPPATH\Views\Home\index.php(2): CodeIgniter\Debug\Exceptions->errorHandler(2, 'Undefined variable $judul', 'C:\\Users\\Eti_n\\Documents\\MyPkm\\app\\Views\\Home\\index.php', 2)
 2 SYSTEMPATH\View\View.php(213): include('C:\\Users\\Eti_n\\Documents\\MyPkm\\app\\Views\\Home\\index.php')
 3 SYSTEMPATH\View\View.php(216): CodeIgniter\View\View->CodeIgniter\View\{closure}()
 4 SYSTEMPATH\Common.php(1184): CodeIgniter\View\View->render('home/index', [], true)
 5 APPPATH\Controllers\User.php(16): view('home/index')
 6 SYSTEMPATH\CodeIgniter.php(934): App\Controllers\User->index()
 7 SYSTEMPATH\CodeIgniter.php(499): CodeIgniter\CodeIgniter->runController(Object(App\Controllers\User))
 8 SYSTEMPATH\CodeIgniter.php(368): CodeIgniter\CodeIgniter->handleRequest(null, Object(Config\Cache), false)
 9 FCPATH\index.php(79): CodeIgniter\CodeIgniter->run()
10 SYSTEMPATH\Commands\Server\rewrite.php(47): require_once('C:\\Users\\Eti_n\\Documents\\MyPkm\\public\\index.php')
INFO - 2023-11-26 12:08:43 --> Session: Class initialized using 'CodeIgniter\Session\Handlers\FileHandler' driver.
CRITICAL - 2023-11-26 12:08:43 --> Undefined variable $judul
in APPPATH\Views\Home\index.php on line 2.
 1 APPPATH\Views\Home\index.php(2): CodeIgniter\Debug\Exceptions->errorHandler(2, 'Undefined variable $judul', 'C:\\Users\\Eti_n\\Documents\\MyPkm\\app\\Views\\Home\\index.php', 2)
 2 SYSTEMPATH\View\View.php(213): include('C:\\Users\\Eti_n\\Documents\\MyPkm\\app\\Views\\Home\\index.php')
 3 SYSTEMPATH\View\View.php(216): CodeIgniter\View\View->CodeIgniter\View\{closure}()
 4 SYSTEMPATH\Common.php(1184): CodeIgniter\View\View->render('home/index', [], true)
 5 APPPATH\Controllers\User.php(16): view('home/index')
 6 SYSTEMPATH\CodeIgniter.php(934): App\Controllers\User->index()
 7 SYSTEMPATH\CodeIgniter.php(499): CodeIgniter\CodeIgniter->runController(Object(App\Controllers\User))
 8 SYSTEMPATH\CodeIgniter.php(368): CodeIgniter\CodeIgniter->handleRequest(null, Object(Config\Cache), false)
 9 FCPATH\index.php(79): CodeIgniter\CodeIgniter->run()
10 SYSTEMPATH\Commands\Server\rewrite.php(47): require_once('C:\\Users\\Eti_n\\Documents\\MyPkm\\public\\index.php')
INFO - 2023-11-26 12:10:09 --> Session: Class initialized using 'CodeIgniter\Session\Handlers\FileHandler' driver.
CRITICAL - 2023-11-26 12:10:09 --> Undefined variable $title
in APPPATH\Views\Home\index.php on line 2.
 1 APPPATH\Views\Home\index.php(2): CodeIgniter\Debug\Exceptions->errorHandler(2, 'Undefined variable $title', 'C:\\Users\\Eti_n\\Documents\\MyPkm\\app\\Views\\Home\\index.php', 2)
 2 SYSTEMPATH\View\View.php(213): include('C:\\Users\\Eti_n\\Documents\\MyPkm\\app\\Views\\Home\\index.php')
 3 SYSTEMPATH\View\View.php(216): CodeIgniter\View\View->CodeIgniter\View\{closure}()
 4 SYSTEMPATH\Common.php(1184): CodeIgniter\View\View->render('home/index', [], true)
 5 APPPATH\Controllers\User.php(16): view('home/index')
 6 SYSTEMPATH\CodeIgniter.php(934): App\Controllers\User->index()
 7 SYSTEMPATH\CodeIgniter.php(499): CodeIgniter\CodeIgniter->runController(Object(App\Controllers\User))
 8 SYSTEMPATH\CodeIgniter.php(368): CodeIgniter\CodeIgniter->handleRequest(null, Object(Config\Cache), false)
 9 FCPATH\index.php(79): CodeIgniter\CodeIgniter->run()
10 SYSTEMPATH\Commands\Server\rewrite.php(47): require_once('C:\\Users\\Eti_n\\Documents\\MyPkm\\public\\index.php')
INFO - 2023-11-26 12:14:48 --> Session: Class initialized using 'CodeIgniter\Session\Handlers\FileHandler' driver.
CRITICAL - 2023-11-26 12:14:49 --> Undefined variable $judul
in APPPATH\Views\Home\index.php on line 2.
 1 APPPATH\Views\Home\index.php(2): CodeIgniter\Debug\Exceptions->errorHandler(2, 'Undefined variable $judul', 'C:\\Users\\Eti_n\\Documents\\MyPkm\\app\\Views\\Home\\index.php', 2)
 2 SYSTEMPATH\View\View.php(213): include('C:\\Users\\Eti_n\\Documents\\MyPkm\\app\\Views\\Home\\index.php')
 3 SYSTEMPATH\View\View.php(216): CodeIgniter\View\View->CodeIgniter\View\{closure}()
 4 SYSTEMPATH\Common.php(1184): CodeIgniter\View\View->render('home/index', [], true)
 5 APPPATH\Controllers\User.php(16): view('home/index')
 6 SYSTEMPATH\CodeIgniter.php(934): App\Controllers\User->index()
 7 SYSTEMPATH\CodeIgniter.php(499): CodeIgniter\CodeIgniter->runController(Object(App\Controllers\User))
 8 SYSTEMPATH\CodeIgniter.php(368): CodeIgniter\CodeIgniter->handleRequest(null, Object(Config\Cache), false)
 9 FCPATH\index.php(79): CodeIgniter\CodeIgniter->run()
10 SYSTEMPATH\Commands\Server\rewrite.php(47): require_once('C:\\Users\\Eti_n\\Documents\\MyPkm\\public\\index.php')
INFO - 2023-11-26 12:16:30 --> Session: Class initialized using 'CodeIgniter\Session\Handlers\FileHandler' driver.
CRITICAL - 2023-11-26 12:16:30 --> Undefined variable $judul
in APPPATH\Views\Home\index.php on line 2.
 1 APPPATH\Views\Home\index.php(2): CodeIgniter\Debug\Exceptions->errorHandler(2, 'Undefined variable $judul', 'C:\\Users\\Eti_n\\Documents\\MyPkm\\app\\Views\\Home\\index.php', 2)
 2 SYSTEMPATH\View\View.php(213): include('C:\\Users\\Eti_n\\Documents\\MyPkm\\app\\Views\\Home\\index.php')
 3 SYSTEMPATH\View\View.php(216): CodeIgniter\View\View->CodeIgniter\View\{closure}()
 4 SYSTEMPATH\Common.php(1184): CodeIgniter\View\View->render('home/index', [], true)
 5 APPPATH\Controllers\User.php(16): view('home/index')
 6 SYSTEMPATH\CodeIgniter.php(934): App\Controllers\User->index()
 7 SYSTEMPATH\CodeIgniter.php(499): CodeIgniter\CodeIgniter->runController(Object(App\Controllers\User))
 8 SYSTEMPATH\CodeIgniter.php(368): CodeIgniter\CodeIgniter->handleRequest(null, Object(Config\Cache), false)
 9 FCPATH\index.php(79): CodeIgniter\CodeIgniter->run()
10 SYSTEMPATH\Commands\Server\rewrite.php(47): require_once('C:\\Users\\Eti_n\\Documents\\MyPkm\\public\\index.php')
INFO - 2023-11-26 12:18:30 --> Session: Class initialized using 'CodeIgniter\Session\Handlers\FileHandler' driver.
CRITICAL - 2023-11-26 12:18:30 --> Undefined variable $judul
in APPPATH\Views\Home\index.php on line 2.
 1 APPPATH\Views\Home\index.php(2): CodeIgniter\Debug\Exceptions->errorHandler(2, 'Undefined variable $judul', 'C:\\Users\\Eti_n\\Documents\\MyPkm\\app\\Views\\Home\\index.php', 2)
 2 SYSTEMPATH\View\View.php(213): include('C:\\Users\\Eti_n\\Documents\\MyPkm\\app\\Views\\Home\\index.php')
 3 SYSTEMPATH\View\View.php(216): CodeIgniter\View\View->CodeIgniter\View\{closure}()
 4 SYSTEMPATH\Common.php(1184): CodeIgniter\View\View->render('home/index', [], true)
 5 APPPATH\Controllers\User.php(16): view('home/index')
 6 SYSTEMPATH\CodeIgniter.php(934): App\Controllers\User->index()
 7 SYSTEMPATH\CodeIgniter.php(499): CodeIgniter\CodeIgniter->runController(Object(App\Controllers\User))
 8 SYSTEMPATH\CodeIgniter.php(368): CodeIgniter\CodeIgniter->handleRequest(null, Object(Config\Cache), false)
 9 FCPATH\index.php(79): CodeIgniter\CodeIgniter->run()
10 SYSTEMPATH\Commands\Server\rewrite.php(47): require_once('C:\\Users\\Eti_n\\Documents\\MyPkm\\public\\index.php')
INFO - 2023-11-26 12:18:32 --> Session: Class initialized using 'CodeIgniter\Session\Handlers\FileHandler' driver.
CRITICAL - 2023-11-26 12:18:32 --> Undefined variable $judul
in APPPATH\Views\Home\index.php on line 2.
 1 APPPATH\Views\Home\index.php(2): CodeIgniter\Debug\Exceptions->errorHandler(2, 'Undefined variable $judul', 'C:\\Users\\Eti_n\\Documents\\MyPkm\\app\\Views\\Home\\index.php', 2)
 2 SYSTEMPATH\View\View.php(213): include('C:\\Users\\Eti_n\\Documents\\MyPkm\\app\\Views\\Home\\index.php')
 3 SYSTEMPATH\View\View.php(216): CodeIgniter\View\View->CodeIgniter\View\{closure}()
 4 SYSTEMPATH\Common.php(1184): CodeIgniter\View\View->render('home/index', [], true)
 5 APPPATH\Controllers\User.php(16): view('home/index')
 6 SYSTEMPATH\CodeIgniter.php(934): App\Controllers\User->index()
 7 SYSTEMPATH\CodeIgniter.php(499): CodeIgniter\CodeIgniter->runController(Object(App\Controllers\User))
 8 SYSTEMPATH\CodeIgniter.php(368): CodeIgniter\CodeIgniter->handleRequest(null, Object(Config\Cache), false)
 9 FCPATH\index.php(79): CodeIgniter\CodeIgniter->run()
10 SYSTEMPATH\Commands\Server\rewrite.php(47): require_once('C:\\Users\\Eti_n\\Documents\\MyPkm\\public\\index.php')
INFO - 2023-11-26 12:18:32 --> Session: Class initialized using 'CodeIgniter\Session\Handlers\FileHandler' driver.
CRITICAL - 2023-11-26 12:18:32 --> Undefined variable $judul
in APPPATH\Views\Home\index.php on line 2.
 1 APPPATH\Views\Home\index.php(2): CodeIgniter\Debug\Exceptions->errorHandler(2, 'Undefined variable $judul', 'C:\\Users\\Eti_n\\Documents\\MyPkm\\app\\Views\\Home\\index.php', 2)
 2 SYSTEMPATH\View\View.php(213): include('C:\\Users\\Eti_n\\Documents\\MyPkm\\app\\Views\\Home\\index.php')
 3 SYSTEMPATH\View\View.php(216): CodeIgniter\View\View->CodeIgniter\View\{closure}()
 4 SYSTEMPATH\Common.php(1184): CodeIgniter\View\View->render('home/index', [], true)
 5 APPPATH\Controllers\User.php(16): view('home/index')
 6 SYSTEMPATH\CodeIgniter.php(934): App\Controllers\User->index()
 7 SYSTEMPATH\CodeIgniter.php(499): CodeIgniter\CodeIgniter->runController(Object(App\Controllers\User))
 8 SYSTEMPATH\CodeIgniter.php(368): CodeIgniter\CodeIgniter->handleRequest(null, Object(Config\Cache), false)
 9 FCPATH\index.php(79): CodeIgniter\CodeIgniter->run()
10 SYSTEMPATH\Commands\Server\rewrite.php(47): require_once('C:\\Users\\Eti_n\\Documents\\MyPkm\\public\\index.php')
INFO - 2023-11-26 12:18:33 --> Session: Class initialized using 'CodeIgniter\Session\Handlers\FileHandler' driver.
CRITICAL - 2023-11-26 12:18:33 --> Undefined variable $judul
in APPPATH\Views\Home\index.php on line 2.
 1 APPPATH\Views\Home\index.php(2): CodeIgniter\Debug\Exceptions->errorHandler(2, 'Undefined variable $judul', 'C:\\Users\\Eti_n\\Documents\\MyPkm\\app\\Views\\Home\\index.php', 2)
 2 SYSTEMPATH\View\View.php(213): include('C:\\Users\\Eti_n\\Documents\\MyPkm\\app\\Views\\Home\\index.php')
 3 SYSTEMPATH\View\View.php(216): CodeIgniter\View\View->CodeIgniter\View\{closure}()
 4 SYSTEMPATH\Common.php(1184): CodeIgniter\View\View->render('home/index', [], true)
 5 APPPATH\Controllers\User.php(16): view('home/index')
 6 SYSTEMPATH\CodeIgniter.php(934): App\Controllers\User->index()
 7 SYSTEMPATH\CodeIgniter.php(499): CodeIgniter\CodeIgniter->runController(Object(App\Controllers\User))
 8 SYSTEMPATH\CodeIgniter.php(368): CodeIgniter\CodeIgniter->handleRequest(null, Object(Config\Cache), false)
 9 FCPATH\index.php(79): CodeIgniter\CodeIgniter->run()
10 SYSTEMPATH\Commands\Server\rewrite.php(47): require_once('C:\\Users\\Eti_n\\Documents\\MyPkm\\public\\index.php')
INFO - 2023-11-26 12:18:33 --> Session: Class initialized using 'CodeIgniter\Session\Handlers\FileHandler' driver.
CRITICAL - 2023-11-26 12:18:33 --> Undefined variable $judul
in APPPATH\Views\Home\index.php on line 2.
 1 APPPATH\Views\Home\index.php(2): CodeIgniter\Debug\Exceptions->errorHandler(2, 'Undefined variable $judul', 'C:\\Users\\Eti_n\\Documents\\MyPkm\\app\\Views\\Home\\index.php', 2)
 2 SYSTEMPATH\View\View.php(213): include('C:\\Users\\Eti_n\\Documents\\MyPkm\\app\\Views\\Home\\index.php')
 3 SYSTEMPATH\View\View.php(216): CodeIgniter\View\View->CodeIgniter\View\{closure}()
 4 SYSTEMPATH\Common.php(1184): CodeIgniter\View\View->render('home/index', [], true)
 5 APPPATH\Controllers\User.php(16): view('home/index')
 6 SYSTEMPATH\CodeIgniter.php(934): App\Controllers\User->index()
 7 SYSTEMPATH\CodeIgniter.php(499): CodeIgniter\CodeIgniter->runController(Object(App\Controllers\User))
 8 SYSTEMPATH\CodeIgniter.php(368): CodeIgniter\CodeIgniter->handleRequest(null, Object(Config\Cache), false)
 9 FCPATH\index.php(79): CodeIgniter\CodeIgniter->run()
10 SYSTEMPATH\Commands\Server\rewrite.php(47): require_once('C:\\Users\\Eti_n\\Documents\\MyPkm\\public\\index.php')
INFO - 2023-11-26 12:18:50 --> Session: Class initialized using 'CodeIgniter\Session\Handlers\FileHandler' driver.
CRITICAL - 2023-11-26 12:18:50 --> Undefined variable $judul
in APPPATH\Views\Home\index.php on line 2.
 1 APPPATH\Views\Home\index.php(2): CodeIgniter\Debug\Exceptions->errorHandler(2, 'Undefined variable $judul', 'C:\\Users\\Eti_n\\Documents\\MyPkm\\app\\Views\\Home\\index.php', 2)
 2 SYSTEMPATH\View\View.php(213): include('C:\\Users\\Eti_n\\Documents\\MyPkm\\app\\Views\\Home\\index.php')
 3 SYSTEMPATH\View\View.php(216): CodeIgniter\View\View->CodeIgniter\View\{closure}()
 4 SYSTEMPATH\Common.php(1184): CodeIgniter\View\View->render('home/index', [], true)
 5 APPPATH\Controllers\User.php(16): view('home/index')
 6 SYSTEMPATH\CodeIgniter.php(934): App\Controllers\User->index()
 7 SYSTEMPATH\CodeIgniter.php(499): CodeIgniter\CodeIgniter->runController(Object(App\Controllers\User))
 8 SYSTEMPATH\CodeIgniter.php(368): CodeIgniter\CodeIgniter->handleRequest(null, Object(Config\Cache), false)
 9 FCPATH\index.php(79): CodeIgniter\CodeIgniter->run()
10 SYSTEMPATH\Commands\Server\rewrite.php(47): require_once('C:\\Users\\Eti_n\\Documents\\MyPkm\\public\\index.php')
INFO - 2023-11-26 12:19:51 --> Session: Class initialized using 'CodeIgniter\Session\Handlers\FileHandler' driver.
INFO - 2023-11-26 12:20:37 --> Session: Class initialized using 'CodeIgniter\Session\Handlers\FileHandler' driver.
INFO - 2023-11-26 12:20:37 --> Session: Class initialized using 'CodeIgniter\Session\Handlers\FileHandler' driver.
INFO - 2023-11-26 12:20:46 --> Session: Class initialized using 'CodeIgniter\Session\Handlers\FileHandler' driver.
INFO - 2023-11-26 12:20:46 --> Session: Class initialized using 'CodeIgniter\Session\Handlers\FileHandler' driver.
INFO - 2023-11-26 12:20:51 --> Session: Class initialized using 'CodeIgniter\Session\Handlers\FileHandler' driver.
CRITICAL - 2023-11-26 12:20:51 --> Undefined variable $judul
in APPPATH\Views\Home\index.php on line 2.
 1 APPPATH\Views\Home\index.php(2): CodeIgniter\Debug\Exceptions->errorHandler(2, 'Undefined variable $judul', 'C:\\Users\\Eti_n\\Documents\\MyPkm\\app\\Views\\Home\\index.php', 2)
 2 SYSTEMPATH\View\View.php(213): include('C:\\Users\\Eti_n\\Documents\\MyPkm\\app\\Views\\Home\\index.php')
 3 SYSTEMPATH\View\View.php(216): CodeIgniter\View\View->CodeIgniter\View\{closure}()
 4 SYSTEMPATH\Common.php(1184): CodeIgniter\View\View->render('home/index', [], true)
 5 APPPATH\Controllers\User.php(16): view('home/index')
 6 SYSTEMPATH\CodeIgniter.php(934): App\Controllers\User->index()
 7 SYSTEMPATH\CodeIgniter.php(499): CodeIgniter\CodeIgniter->runController(Object(App\Controllers\User))
 8 SYSTEMPATH\CodeIgniter.php(368): CodeIgniter\CodeIgniter->handleRequest(null, Object(Config\Cache), false)
 9 FCPATH\index.php(79): CodeIgniter\CodeIgniter->run()
10 SYSTEMPATH\Commands\Server\rewrite.php(47): require_once('C:\\Users\\Eti_n\\Documents\\MyPkm\\public\\index.php')
INFO - 2023-11-26 12:23:37 --> Session: Class initialized using 'CodeIgniter\Session\Handlers\FileHandler' driver.
CRITICAL - 2023-11-26 12:23:37 --> Undefined variable $judul
in APPPATH\Views\Home\index.php on line 2.
 1 APPPATH\Views\Home\index.php(2): CodeIgniter\Debug\Exceptions->errorHandler(2, 'Undefined variable $judul', 'C:\\Users\\Eti_n\\Documents\\MyPkm\\app\\Views\\Home\\index.php', 2)
 2 SYSTEMPATH\View\View.php(213): include('C:\\Users\\Eti_n\\Documents\\MyPkm\\app\\Views\\Home\\index.php')
 3 SYSTEMPATH\View\View.php(216): CodeIgniter\View\View->CodeIgniter\View\{closure}()
 4 SYSTEMPATH\Common.php(1184): CodeIgniter\View\View->render('home/index', [], true)
 5 APPPATH\Controllers\User.php(16): view('home/index')
 6 SYSTEMPATH\CodeIgniter.php(934): App\Controllers\User->index()
 7 SYSTEMPATH\CodeIgniter.php(499): CodeIgniter\CodeIgniter->runController(Object(App\Controllers\User))
 8 SYSTEMPATH\CodeIgniter.php(368): CodeIgniter\CodeIgniter->handleRequest(null, Object(Config\Cache), false)
 9 FCPATH\index.php(79): CodeIgniter\CodeIgniter->run()
10 SYSTEMPATH\Commands\Server\rewrite.php(47): require_once('C:\\Users\\Eti_n\\Documents\\MyPkm\\public\\index.php')
INFO - 2023-11-26 12:23:44 --> Session: Class initialized using 'CodeIgniter\Session\Handlers\FileHandler' driver.
INFO - 2023-11-26 12:26:14 --> Session: Class initialized using 'CodeIgniter\Session\Handlers\FileHandler' driver.
CRITICAL - 2023-11-26 12:26:14 --> Undefined variable $judul
in APPPATH\Views\Home\index.php on line 2.
 1 APPPATH\Views\Home\index.php(2): CodeIgniter\Debug\Exceptions->errorHandler(2, 'Undefined variable $judul', 'C:\\Users\\Eti_n\\Documents\\MyPkm\\app\\Views\\Home\\index.php', 2)
 2 SYSTEMPATH\View\View.php(213): include('C:\\Users\\Eti_n\\Documents\\MyPkm\\app\\Views\\Home\\index.php')
 3 SYSTEMPATH\View\View.php(216): CodeIgniter\View\View->CodeIgniter\View\{closure}()
 4 SYSTEMPATH\Common.php(1184): CodeIgniter\View\View->render('home/index', [], true)
 5 APPPATH\Controllers\User.php(16): view('home/index')
 6 SYSTEMPATH\CodeIgniter.php(934): App\Controllers\User->index()
 7 SYSTEMPATH\CodeIgniter.php(499): CodeIgniter\CodeIgniter->runController(Object(App\Controllers\User))
 8 SYSTEMPATH\CodeIgniter.php(368): CodeIgniter\CodeIgniter->handleRequest(null, Object(Config\Cache), false)
 9 FCPATH\index.php(79): CodeIgniter\CodeIgniter->run()
10 SYSTEMPATH\Commands\Server\rewrite.php(47): require_once('C:\\Users\\Eti_n\\Documents\\MyPkm\\public\\index.php')
INFO - 2023-11-26 12:35:09 --> Session: Class initialized using 'CodeIgniter\Session\Handlers\FileHandler' driver.
CRITICAL - 2023-11-26 12:35:09 --> Undefined variable $judul
in APPPATH\Views\Home\index.php on line 2.
 1 APPPATH\Views\Home\index.php(2): CodeIgniter\Debug\Exceptions->errorHandler(2, 'Undefined variable $judul', 'C:\\Users\\Eti_n\\Documents\\MyPkm\\app\\Views\\Home\\index.php', 2)
 2 SYSTEMPATH\View\View.php(213): include('C:\\Users\\Eti_n\\Documents\\MyPkm\\app\\Views\\Home\\index.php')
 3 SYSTEMPATH\View\View.php(216): CodeIgniter\View\View->CodeIgniter\View\{closure}()
 4 SYSTEMPATH\Common.php(1184): CodeIgniter\View\View->render('home/index', [], true)
 5 APPPATH\Controllers\User.php(16): view('home/index')
 6 SYSTEMPATH\CodeIgniter.php(934): App\Controllers\User->index()
 7 SYSTEMPATH\CodeIgniter.php(499): CodeIgniter\CodeIgniter->runController(Object(App\Controllers\User))
 8 SYSTEMPATH\CodeIgniter.php(368): CodeIgniter\CodeIgniter->handleRequest(null, Object(Config\Cache), false)
 9 FCPATH\index.php(79): CodeIgniter\CodeIgniter->run()
10 SYSTEMPATH\Commands\Server\rewrite.php(47): require_once('C:\\Users\\Eti_n\\Documents\\MyPkm\\public\\index.php')
INFO - 2023-11-26 12:48:09 --> Session: Class initialized using 'CodeIgniter\Session\Handlers\FileHandler' driver.
CRITICAL - 2023-11-26 12:48:09 --> Undefined variable $judul
in APPPATH\Views\Home\index.php on line 2.
 1 APPPATH\Views\Home\index.php(2): CodeIgniter\Debug\Exceptions->errorHandler(2, 'Undefined variable $judul', 'C:\\Users\\Eti_n\\Documents\\MyPkm\\app\\Views\\Home\\index.php', 2)
 2 SYSTEMPATH\View\View.php(213): include('C:\\Users\\Eti_n\\Documents\\MyPkm\\app\\Views\\Home\\index.php')
 3 SYSTEMPATH\View\View.php(216): CodeIgniter\View\View->CodeIgniter\View\{closure}()
 4 SYSTEMPATH\Common.php(1184): CodeIgniter\View\View->render('home/index', [], true)
 5 APPPATH\Controllers\User.php(16): view('home/index')
 6 SYSTEMPATH\CodeIgniter.php(934): App\Controllers\User->index()
 7 SYSTEMPATH\CodeIgniter.php(499): CodeIgniter\CodeIgniter->runController(Object(App\Controllers\User))
 8 SYSTEMPATH\CodeIgniter.php(368): CodeIgniter\CodeIgniter->handleRequest(null, Object(Config\Cache), false)
 9 FCPATH\index.php(79): CodeIgniter\CodeIgniter->run()
10 SYSTEMPATH\Commands\Server\rewrite.php(47): require_once('C:\\Users\\Eti_n\\Documents\\MyPkm\\public\\index.php')
INFO - 2023-11-26 12:48:15 --> Session: Class initialized using 'CodeIgniter\Session\Handlers\FileHandler' driver.
INFO - 2023-11-26 12:48:41 --> Session: Class initialized using 'CodeIgniter\Session\Handlers\FileHandler' driver.
CRITICAL - 2023-11-26 12:48:41 --> Undefined variable $judul
in APPPATH\Views\Home\index.php on line 2.
 1 APPPATH\Views\Home\index.php(2): CodeIgniter\Debug\Exceptions->errorHandler(2, 'Undefined variable $judul', 'C:\\Users\\Eti_n\\Documents\\MyPkm\\app\\Views\\Home\\index.php', 2)
 2 SYSTEMPATH\View\View.php(213): include('C:\\Users\\Eti_n\\Documents\\MyPkm\\app\\Views\\Home\\index.php')
 3 SYSTEMPATH\View\View.php(216): CodeIgniter\View\View->CodeIgniter\View\{closure}()
 4 SYSTEMPATH\Common.php(1184): CodeIgniter\View\View->render('home/index', [], true)
 5 APPPATH\Controllers\User.php(16): view('home/index')
 6 SYSTEMPATH\CodeIgniter.php(934): App\Controllers\User->index()
 7 SYSTEMPATH\CodeIgniter.php(499): CodeIgniter\CodeIgniter->runController(Object(App\Controllers\User))
 8 SYSTEMPATH\CodeIgniter.php(368): CodeIgniter\CodeIgniter->handleRequest(null, Object(Config\Cache), false)
 9 FCPATH\index.php(79): CodeIgniter\CodeIgniter->run()
10 SYSTEMPATH\Commands\Server\rewrite.php(47): require_once('C:\\Users\\Eti_n\\Documents\\MyPkm\\public\\index.php')
INFO - 2023-11-26 12:50:24 --> Session: Class initialized using 'CodeIgniter\Session\Handlers\FileHandler' driver.
CRITICAL - 2023-11-26 12:50:24 --> Undefined variable $judul
in APPPATH\Views\Home\index.php on line 2.
 1 APPPATH\Views\Home\index.php(2): CodeIgniter\Debug\Exceptions->errorHandler(2, 'Undefined variable $judul', 'C:\\Users\\Eti_n\\Documents\\MyPkm\\app\\Views\\Home\\index.php', 2)
 2 SYSTEMPATH\View\View.php(213): include('C:\\Users\\Eti_n\\Documents\\MyPkm\\app\\Views\\Home\\index.php')
 3 SYSTEMPATH\View\View.php(216): CodeIgniter\View\View->CodeIgniter\View\{closure}()
 4 SYSTEMPATH\Common.php(1184): CodeIgniter\View\View->render('home/index', [], true)
 5 APPPATH\Controllers\User.php(18): view('home/index')
 6 SYSTEMPATH\CodeIgniter.php(934): App\Controllers\User->index()
 7 SYSTEMPATH\CodeIgniter.php(499): CodeIgniter\CodeIgniter->runController(Object(App\Controllers\User))
 8 SYSTEMPATH\CodeIgniter.php(368): CodeIgniter\CodeIgniter->handleRequest(null, Object(Config\Cache), false)
 9 FCPATH\index.php(79): CodeIgniter\CodeIgniter->run()
10 SYSTEMPATH\Commands\Server\rewrite.php(47): require_once('C:\\Users\\Eti_n\\Documents\\MyPkm\\public\\index.php')
INFO - 2023-11-26 12:50:26 --> Session: Class initialized using 'CodeIgniter\Session\Handlers\FileHandler' driver.
CRITICAL - 2023-11-26 12:50:26 --> Undefined variable $judul
in APPPATH\Views\Home\index.php on line 2.
 1 APPPATH\Views\Home\index.php(2): CodeIgniter\Debug\Exceptions->errorHandler(2, 'Undefined variable $judul', 'C:\\Users\\Eti_n\\Documents\\MyPkm\\app\\Views\\Home\\index.php', 2)
 2 SYSTEMPATH\View\View.php(213): include('C:\\Users\\Eti_n\\Documents\\MyPkm\\app\\Views\\Home\\index.php')
 3 SYSTEMPATH\View\View.php(216): CodeIgniter\View\View->CodeIgniter\View\{closure}()
 4 SYSTEMPATH\Common.php(1184): CodeIgniter\View\View->render('home/index', [], true)
 5 APPPATH\Controllers\User.php(18): view('home/index')
 6 SYSTEMPATH\CodeIgniter.php(934): App\Controllers\User->index()
 7 SYSTEMPATH\CodeIgniter.php(499): CodeIgniter\CodeIgniter->runController(Object(App\Controllers\User))
 8 SYSTEMPATH\CodeIgniter.php(368): CodeIgniter\CodeIgniter->handleRequest(null, Object(Config\Cache), false)
 9 FCPATH\index.php(79): CodeIgniter\CodeIgniter->run()
10 SYSTEMPATH\Commands\Server\rewrite.php(47): require_once('C:\\Users\\Eti_n\\Documents\\MyPkm\\public\\index.php')
INFO - 2023-11-26 12:50:29 --> Session: Class initialized using 'CodeIgniter\Session\Handlers\FileHandler' driver.
CRITICAL - 2023-11-26 12:50:29 --> Undefined variable $judul
in APPPATH\Views\Home\index.php on line 2.
 1 APPPATH\Views\Home\index.php(2): CodeIgniter\Debug\Exceptions->errorHandler(2, 'Undefined variable $judul', 'C:\\Users\\Eti_n\\Documents\\MyPkm\\app\\Views\\Home\\index.php', 2)
 2 SYSTEMPATH\View\View.php(213): include('C:\\Users\\Eti_n\\Documents\\MyPkm\\app\\Views\\Home\\index.php')
 3 SYSTEMPATH\View\View.php(216): CodeIgniter\View\View->CodeIgniter\View\{closure}()
 4 SYSTEMPATH\Common.php(1184): CodeIgniter\View\View->render('home/index', [], true)
 5 APPPATH\Controllers\User.php(18): view('home/index')
 6 SYSTEMPATH\CodeIgniter.php(934): App\Controllers\User->index()
 7 SYSTEMPATH\CodeIgniter.php(499): CodeIgniter\CodeIgniter->runController(Object(App\Controllers\User))
 8 SYSTEMPATH\CodeIgniter.php(368): CodeIgniter\CodeIgniter->handleRequest(null, Object(Config\Cache), false)
 9 FCPATH\index.php(79): CodeIgniter\CodeIgniter->run()
10 SYSTEMPATH\Commands\Server\rewrite.php(47): require_once('C:\\Users\\Eti_n\\Documents\\MyPkm\\public\\index.php')
INFO - 2023-11-26 12:51:17 --> Session: Class initialized using 'CodeIgniter\Session\Handlers\FileHandler' driver.
INFO - 2023-11-26 12:51:20 --> Session: Class initialized using 'CodeIgniter\Session\Handlers\FileHandler' driver.
INFO - 2023-11-26 12:51:22 --> Session: Class initialized using 'CodeIgniter\Session\Handlers\FileHandler' driver.
INFO - 2023-11-26 12:51:45 --> Session: Class initialized using 'CodeIgniter\Session\Handlers\FileHandler' driver.
CRITICAL - 2023-11-26 12:51:45 --> Undefined variable $data
in APPPATH\Controllers\User.php on line 17.
 1 APPPATH\Controllers\User.php(17): CodeIgniter\Debug\Exceptions->errorHandler(2, 'Undefined variable $data', 'C:\\Users\\Eti_n\\Documents\\MyPkm\\app\\Controllers\\User.php', 17)
 2 SYSTEMPATH\CodeIgniter.php(934): App\Controllers\User->index()
 3 SYSTEMPATH\CodeIgniter.php(499): CodeIgniter\CodeIgniter->runController(Object(App\Controllers\User))
 4 SYSTEMPATH\CodeIgniter.php(368): CodeIgniter\CodeIgniter->handleRequest(null, Object(Config\Cache), false)
 5 FCPATH\index.php(79): CodeIgniter\CodeIgniter->run()
 6 SYSTEMPATH\Commands\Server\rewrite.php(47): require_once('C:\\Users\\Eti_n\\Documents\\MyPkm\\public\\index.php')
INFO - 2023-11-26 12:52:02 --> Session: Class initialized using 'CodeIgniter\Session\Handlers\FileHandler' driver.
INFO - 2023-11-26 12:52:28 --> Session: Class initialized using 'CodeIgniter\Session\Handlers\FileHandler' driver.
CRITICAL - 2023-11-26 12:52:28 --> Undefined variable $judul
in APPPATH\Views\Home\index.php on line 2.
 1 APPPATH\Views\Home\index.php(2): CodeIgniter\Debug\Exceptions->errorHandler(2, 'Undefined variable $judul', 'C:\\Users\\Eti_n\\Documents\\MyPkm\\app\\Views\\Home\\index.php', 2)
 2 SYSTEMPATH\View\View.php(213): include('C:\\Users\\Eti_n\\Documents\\MyPkm\\app\\Views\\Home\\index.php')
 3 SYSTEMPATH\View\View.php(216): CodeIgniter\View\View->CodeIgniter\View\{closure}()
 4 SYSTEMPATH\Common.php(1184): CodeIgniter\View\View->render('Home/index', [], true)
 5 APPPATH\Controllers\User.php(18): view('Home/index')
 6 SYSTEMPATH\CodeIgniter.php(934): App\Controllers\User->index()
 7 SYSTEMPATH\CodeIgniter.php(499): CodeIgniter\CodeIgniter->runController(Object(App\Controllers\User))
 8 SYSTEMPATH\CodeIgniter.php(368): CodeIgniter\CodeIgniter->handleRequest(null, Object(Config\Cache), false)
 9 FCPATH\index.php(79): CodeIgniter\CodeIgniter->run()
10 SYSTEMPATH\Commands\Server\rewrite.php(47): require_once('C:\\Users\\Eti_n\\Documents\\MyPkm\\public\\index.php')
INFO - 2023-11-26 12:54:30 --> Session: Class initialized using 'CodeIgniter\Session\Handlers\FileHandler' driver.
CRITICAL - 2023-11-26 12:54:30 --> Undefined variable $judul
in APPPATH\Views\Home\index.php on line 2.
 1 APPPATH\Views\Home\index.php(2): CodeIgniter\Debug\Exceptions->errorHandler(2, 'Undefined variable $judul', 'C:\\Users\\Eti_n\\Documents\\MyPkm\\app\\Views\\Home\\index.php', 2)
 2 SYSTEMPATH\View\View.php(213): include('C:\\Users\\Eti_n\\Documents\\MyPkm\\app\\Views\\Home\\index.php')
 3 SYSTEMPATH\View\View.php(216): CodeIgniter\View\View->CodeIgniter\View\{closure}()
 4 SYSTEMPATH\Common.php(1184): CodeIgniter\View\View->render('Home/index', [], true)
 5 APPPATH\Controllers\User.php(17): view('Home/index')
 6 SYSTEMPATH\CodeIgniter.php(934): App\Controllers\User->index()
 7 SYSTEMPATH\CodeIgniter.php(499): CodeIgniter\CodeIgniter->runController(Object(App\Controllers\User))
 8 SYSTEMPATH\CodeIgniter.php(368): CodeIgniter\CodeIgniter->handleRequest(null, Object(Config\Cache), false)
 9 FCPATH\index.php(79): CodeIgniter\CodeIgniter->run()
10 SYSTEMPATH\Commands\Server\rewrite.php(47): require_once('C:\\Users\\Eti_n\\Documents\\MyPkm\\public\\index.php')
INFO - 2023-11-26 12:54:32 --> Session: Class initialized using 'CodeIgniter\Session\Handlers\FileHandler' driver.
CRITICAL - 2023-11-26 12:54:32 --> Undefined variable $judul
in APPPATH\Views\Home\index.php on line 2.
 1 APPPATH\Views\Home\index.php(2): CodeIgniter\Debug\Exceptions->errorHandler(2, 'Undefined variable $judul', 'C:\\Users\\Eti_n\\Documents\\MyPkm\\app\\Views\\Home\\index.php', 2)
 2 SYSTEMPATH\View\View.php(213): include('C:\\Users\\Eti_n\\Documents\\MyPkm\\app\\Views\\Home\\index.php')
 3 SYSTEMPATH\View\View.php(216): CodeIgniter\View\View->CodeIgniter\View\{closure}()
 4 SYSTEMPATH\Common.php(1184): CodeIgniter\View\View->render('Home/index', [], true)
 5 APPPATH\Controllers\User.php(17): view('Home/index')
 6 SYSTEMPATH\CodeIgniter.php(934): App\Controllers\User->index()
 7 SYSTEMPATH\CodeIgniter.php(499): CodeIgniter\CodeIgniter->runController(Object(App\Controllers\User))
 8 SYSTEMPATH\CodeIgniter.php(368): CodeIgniter\CodeIgniter->handleRequest(null, Object(Config\Cache), false)
 9 FCPATH\index.php(79): CodeIgniter\CodeIgniter->run()
10 SYSTEMPATH\Commands\Server\rewrite.php(47): require_once('C:\\Users\\Eti_n\\Documents\\MyPkm\\public\\index.php')
INFO - 2023-11-26 12:57:23 --> Session: Class initialized using 'CodeIgniter\Session\Handlers\FileHandler' driver.
CRITICAL - 2023-11-26 12:57:23 --> Undefined variable $judul
in APPPATH\Views\Home\index.php on line 2.
 1 APPPATH\Views\Home\index.php(2): CodeIgniter\Debug\Exceptions->errorHandler(2, 'Undefined variable $judul', 'C:\\Users\\Eti_n\\Documents\\MyPkm\\app\\Views\\Home\\index.php', 2)
 2 SYSTEMPATH\View\View.php(213): include('C:\\Users\\Eti_n\\Documents\\MyPkm\\app\\Views\\Home\\index.php')
 3 SYSTEMPATH\View\View.php(216): CodeIgniter\View\View->CodeIgniter\View\{closure}()
 4 SYSTEMPATH\Common.php(1184): CodeIgniter\View\View->render('Home/index', [], true)
 5 APPPATH\Controllers\User.php(17): view('Home/index')
 6 SYSTEMPATH\CodeIgniter.php(934): App\Controllers\User->index()
 7 SYSTEMPATH\CodeIgniter.php(499): CodeIgniter\CodeIgniter->runController(Object(App\Controllers\User))
 8 SYSTEMPATH\CodeIgniter.php(368): CodeIgniter\CodeIgniter->handleRequest(null, Object(Config\Cache), false)
 9 FCPATH\index.php(79): CodeIgniter\CodeIgniter->run()
10 SYSTEMPATH\Commands\Server\rewrite.php(47): require_once('C:\\Users\\Eti_n\\Documents\\MyPkm\\public\\index.php')
INFO - 2023-11-26 12:58:18 --> Session: Class initialized using 'CodeIgniter\Session\Handlers\FileHandler' driver.
CRITICAL - 2023-11-26 12:58:18 --> Undefined variable $judul
in APPPATH\Views\Home\index.php on line 2.
 1 APPPATH\Views\Home\index.php(2): CodeIgniter\Debug\Exceptions->errorHandler(2, 'Undefined variable $judul', 'C:\\Users\\Eti_n\\Documents\\MyPkm\\app\\Views\\Home\\index.php', 2)
 2 SYSTEMPATH\View\View.php(213): include('C:\\Users\\Eti_n\\Documents\\MyPkm\\app\\Views\\Home\\index.php')
 3 SYSTEMPATH\View\View.php(216): CodeIgniter\View\View->CodeIgniter\View\{closure}()
 4 SYSTEMPATH\Common.php(1184): CodeIgniter\View\View->render('Home/index', [], true)
 5 APPPATH\Controllers\User.php(17): view('Home/index')
 6 SYSTEMPATH\CodeIgniter.php(934): App\Controllers\User->index()
 7 SYSTEMPATH\CodeIgniter.php(499): CodeIgniter\CodeIgniter->runController(Object(App\Controllers\User))
 8 SYSTEMPATH\CodeIgniter.php(368): CodeIgniter\CodeIgniter->handleRequest(null, Object(Config\Cache), false)
 9 FCPATH\index.php(79): CodeIgniter\CodeIgniter->run()
10 SYSTEMPATH\Commands\Server\rewrite.php(47): require_once('C:\\Users\\Eti_n\\Documents\\MyPkm\\public\\index.php')
INFO - 2023-11-26 13:20:47 --> Session: Class initialized using 'CodeIgniter\Session\Handlers\FileHandler' driver.
CRITICAL - 2023-11-26 13:20:47 --> Undefined variable $judul
in APPPATH\Views\Home\index.php on line 2.
 1 APPPATH\Views\Home\index.php(2): CodeIgniter\Debug\Exceptions->errorHandler(2, 'Undefined variable $judul', 'C:\\Users\\Eti_n\\Documents\\MyPkm\\app\\Views\\Home\\index.php', 2)
 2 SYSTEMPATH\View\View.php(213): include('C:\\Users\\Eti_n\\Documents\\MyPkm\\app\\Views\\Home\\index.php')
 3 SYSTEMPATH\View\View.php(216): CodeIgniter\View\View->CodeIgniter\View\{closure}()
 4 SYSTEMPATH\Common.php(1184): CodeIgniter\View\View->render('Home/index', [], true)
 5 APPPATH\Controllers\User.php(17): view('Home/index')
 6 SYSTEMPATH\CodeIgniter.php(934): App\Controllers\User->index()
 7 SYSTEMPATH\CodeIgniter.php(499): CodeIgniter\CodeIgniter->runController(Object(App\Controllers\User))
 8 SYSTEMPATH\CodeIgniter.php(368): CodeIgniter\CodeIgniter->handleRequest(null, Object(Config\Cache), false)
 9 FCPATH\index.php(79): CodeIgniter\CodeIgniter->run()
10 SYSTEMPATH\Commands\Server\rewrite.php(47): require_once('C:\\Users\\Eti_n\\Documents\\MyPkm\\public\\index.php')
INFO - 2023-11-26 13:21:02 --> Session: Class initialized using 'CodeIgniter\Session\Handlers\FileHandler' driver.
INFO - 2023-11-26 13:21:20 --> Session: Class initialized using 'CodeIgniter\Session\Handlers\FileHandler' driver.
INFO - 2023-11-26 13:36:46 --> Session: Class initialized using 'CodeIgniter\Session\Handlers\FileHandler' driver.
CRITICAL - 2023-11-26 13:36:46 --> Undefined variable $judul
in APPPATH\Views\Home\index.php on line 2.
 1 APPPATH\Views\Home\index.php(2): CodeIgniter\Debug\Exceptions->errorHandler(2, 'Undefined variable $judul', 'C:\\Users\\Eti_n\\Documents\\MyPkm\\app\\Views\\Home\\index.php', 2)
 2 SYSTEMPATH\View\View.php(213): include('C:\\Users\\Eti_n\\Documents\\MyPkm\\app\\Views\\Home\\index.php')
 3 SYSTEMPATH\View\View.php(216): CodeIgniter\View\View->CodeIgniter\View\{closure}()
 4 SYSTEMPATH\Common.php(1184): CodeIgniter\View\View->render('Home/index', [], true)
 5 APPPATH\Controllers\User.php(17): view('Home/index')
 6 SYSTEMPATH\CodeIgniter.php(934): App\Controllers\User->index()
 7 SYSTEMPATH\CodeIgniter.php(499): CodeIgniter\CodeIgniter->runController(Object(App\Controllers\User))
 8 SYSTEMPATH\CodeIgniter.php(368): CodeIgniter\CodeIgniter->handleRequest(null, Object(Config\Cache), false)
 9 FCPATH\index.php(79): CodeIgniter\CodeIgniter->run()
10 SYSTEMPATH\Commands\Server\rewrite.php(47): require_once('C:\\Users\\Eti_n\\Documents\\MyPkm\\public\\index.php')
INFO - 2023-11-26 13:36:53 --> Session: Class initialized using 'CodeIgniter\Session\Handlers\FileHandler' driver.
CRITICAL - 2023-11-26 13:36:53 --> Undefined variable $judul
in APPPATH\Views\Home\index.php on line 2.
 1 APPPATH\Views\Home\index.php(2): CodeIgniter\Debug\Exceptions->errorHandler(2, 'Undefined variable $judul', 'C:\\Users\\Eti_n\\Documents\\MyPkm\\app\\Views\\Home\\index.php', 2)
 2 SYSTEMPATH\View\View.php(213): include('C:\\Users\\Eti_n\\Documents\\MyPkm\\app\\Views\\Home\\index.php')
 3 SYSTEMPATH\View\View.php(216): CodeIgniter\View\View->CodeIgniter\View\{closure}()
 4 SYSTEMPATH\Common.php(1184): CodeIgniter\View\View->render('Home/index', [], true)
 5 APPPATH\Controllers\User.php(17): view('Home/index')
 6 SYSTEMPATH\CodeIgniter.php(934): App\Controllers\User->index()
 7 SYSTEMPATH\CodeIgniter.php(499): CodeIgniter\CodeIgniter->runController(Object(App\Controllers\User))
 8 SYSTEMPATH\CodeIgniter.php(368): CodeIgniter\CodeIgniter->handleRequest(null, Object(Config\Cache), false)
 9 FCPATH\index.php(79): CodeIgniter\CodeIgniter->run()
10 SYSTEMPATH\Commands\Server\rewrite.php(47): require_once('C:\\Users\\Eti_n\\Documents\\MyPkm\\public\\index.php')
INFO - 2023-11-26 13:37:11 --> Session: Class initialized using 'CodeIgniter\Session\Handlers\FileHandler' driver.
CRITICAL - 2023-11-26 13:37:11 --> Undefined variable $judul
in APPPATH\Views\Home\index.php on line 2.
 1 APPPATH\Views\Home\index.php(2): CodeIgniter\Debug\Exceptions->errorHandler(2, 'Undefined variable $judul', 'C:\\Users\\Eti_n\\Documents\\MyPkm\\app\\Views\\Home\\index.php', 2)
 2 SYSTEMPATH\View\View.php(213): include('C:\\Users\\Eti_n\\Documents\\MyPkm\\app\\Views\\Home\\index.php')
 3 SYSTEMPATH\View\View.php(216): CodeIgniter\View\View->CodeIgniter\View\{closure}()
 4 SYSTEMPATH\Common.php(1184): CodeIgniter\View\View->render('Home/index', [], true)
 5 APPPATH\Controllers\User.php(17): view('Home/index')
 6 SYSTEMPATH\CodeIgniter.php(934): App\Controllers\User->index()
 7 SYSTEMPATH\CodeIgniter.php(499): CodeIgniter\CodeIgniter->runController(Object(App\Controllers\User))
 8 SYSTEMPATH\CodeIgniter.php(368): CodeIgniter\CodeIgniter->handleRequest(null, Object(Config\Cache), false)
 9 FCPATH\index.php(79): CodeIgniter\CodeIgniter->run()
10 SYSTEMPATH\Commands\Server\rewrite.php(47): require_once('C:\\Users\\Eti_n\\Documents\\MyPkm\\public\\index.php')
INFO - 2023-11-26 13:40:04 --> Session: Class initialized using 'CodeIgniter\Session\Handlers\FileHandler' driver.
CRITICAL - 2023-11-26 13:45:48 --> Invalid file: "/event/about.php"
in SYSTEMPATH\Exceptions\FrameworkException.php on line 33.
 1 SYSTEMPATH\View\View.php(201): CodeIgniter\Exceptions\FrameworkException::forInvalidFile('/event/about.php')
 2 SYSTEMPATH\Common.php(1184): CodeIgniter\View\View->render('/event/about', [], true)
 3 APPPATH\Controllers\About.php(11): view('/event/about')
 4 SYSTEMPATH\CodeIgniter.php(934): App\Controllers\About->index()
 5 SYSTEMPATH\CodeIgniter.php(499): CodeIgniter\CodeIgniter->runController(Object(App\Controllers\About))
 6 SYSTEMPATH\CodeIgniter.php(368): CodeIgniter\CodeIgniter->handleRequest(null, Object(Config\Cache), false)
 7 FCPATH\index.php(79): CodeIgniter\CodeIgniter->run()
 8 SYSTEMPATH\Commands\Server\rewrite.php(47): require_once('C:\\Users\\Eti_n\\Documents\\MyPkm\\public\\index.php')
INFO - 2023-11-26 13:48:59 --> Session: Class initialized using 'CodeIgniter\Session\Handlers\FileHandler' driver.
CRITICAL - 2023-11-26 13:48:59 --> Undefined variable $judul
in APPPATH\Views\Home\index.php on line 2.
 1 APPPATH\Views\Home\index.php(2): CodeIgniter\Debug\Exceptions->errorHandler(2, 'Undefined variable $judul', 'C:\\Users\\Eti_n\\Documents\\MyPkm\\app\\Views\\Home\\index.php', 2)
 2 SYSTEMPATH\View\View.php(213): include('C:\\Users\\Eti_n\\Documents\\MyPkm\\app\\Views\\Home\\index.php')
 3 SYSTEMPATH\View\View.php(216): CodeIgniter\View\View->CodeIgniter\View\{closure}()
 4 SYSTEMPATH\Common.php(1184): CodeIgniter\View\View->render('Home/index', [], true)
 5 APPPATH\Controllers\User.php(17): view('Home/index')
 6 SYSTEMPATH\CodeIgniter.php(934): App\Controllers\User->index()
 7 SYSTEMPATH\CodeIgniter.php(499): CodeIgniter\CodeIgniter->runController(Object(App\Controllers\User))
 8 SYSTEMPATH\CodeIgniter.php(368): CodeIgniter\CodeIgniter->handleRequest(null, Object(Config\Cache), false)
 9 FCPATH\index.php(79): CodeIgniter\CodeIgniter->run()
10 SYSTEMPATH\Commands\Server\rewrite.php(47): require_once('C:\\Users\\Eti_n\\Documents\\MyPkm\\public\\index.php')
INFO - 2023-11-26 13:54:09 --> Session: Class initialized using 'CodeIgniter\Session\Handlers\FileHandler' driver.
INFO - 2023-11-26 13:54:35 --> Session: Class initialized using 'CodeIgniter\Session\Handlers\FileHandler' driver.
INFO - 2023-11-26 13:54:36 --> Session: Class initialized using 'CodeIgniter\Session\Handlers\FileHandler' driver.
INFO - 2023-11-26 13:54:44 --> Session: Class initialized using 'CodeIgniter\Session\Handlers\FileHandler' driver.
INFO - 2023-11-26 13:54:58 --> Session: Class initialized using 'CodeIgniter\Session\Handlers\FileHandler' driver.
INFO - 2023-11-26 13:55:08 --> Session: Class initialized using 'CodeIgniter\Session\Handlers\FileHandler' driver.
INFO - 2023-11-26 13:55:12 --> Session: Class initialized using 'CodeIgniter\Session\Handlers\FileHandler' driver.
INFO - 2023-11-26 13:58:21 --> Session: Class initialized using 'CodeIgniter\Session\Handlers\FileHandler' driver.
CRITICAL - 2023-11-26 13:58:21 --> Undefined variable $judul
in APPPATH\Views\Home\index.php on line 2.
 1 APPPATH\Views\Home\index.php(2): CodeIgniter\Debug\Exceptions->errorHandler(2, 'Undefined variable $judul', 'C:\\Users\\Eti_n\\Documents\\MyPkm\\app\\Views\\Home\\index.php', 2)
 2 SYSTEMPATH\View\View.php(213): include('C:\\Users\\Eti_n\\Documents\\MyPkm\\app\\Views\\Home\\index.php')
 3 SYSTEMPATH\View\View.php(216): CodeIgniter\View\View->CodeIgniter\View\{closure}()
 4 SYSTEMPATH\Common.php(1184): CodeIgniter\View\View->render('Home/index', [], true)
 5 APPPATH\Controllers\User.php(17): view('Home/index')
 6 SYSTEMPATH\CodeIgniter.php(934): App\Controllers\User->index()
 7 SYSTEMPATH\CodeIgniter.php(499): CodeIgniter\CodeIgniter->runController(Object(App\Controllers\User))
 8 SYSTEMPATH\CodeIgniter.php(368): CodeIgniter\CodeIgniter->handleRequest(null, Object(Config\Cache), false)
 9 FCPATH\index.php(79): CodeIgniter\CodeIgniter->run()
10 SYSTEMPATH\Commands\Server\rewrite.php(47): require_once('C:\\Users\\Eti_n\\Documents\\MyPkm\\public\\index.php')
INFO - 2023-11-26 13:58:48 --> Session: Class initialized using 'CodeIgniter\Session\Handlers\FileHandler' driver.
CRITICAL - 2023-11-26 13:58:48 --> Undefined variable $judul
in APPPATH\Views\Home\index.php on line 2.
 1 APPPATH\Views\Home\index.php(2): CodeIgniter\Debug\Exceptions->errorHandler(2, 'Undefined variable $judul', 'C:\\Users\\Eti_n\\Documents\\MyPkm\\app\\Views\\Home\\index.php', 2)
 2 SYSTEMPATH\View\View.php(213): include('C:\\Users\\Eti_n\\Documents\\MyPkm\\app\\Views\\Home\\index.php')
 3 SYSTEMPATH\View\View.php(216): CodeIgniter\View\View->CodeIgniter\View\{closure}()
 4 SYSTEMPATH\Common.php(1184): CodeIgniter\View\View->render('Home/index', [], true)
 5 APPPATH\Controllers\User.php(17): view('Home/index')
 6 SYSTEMPATH\CodeIgniter.php(934): App\Controllers\User->index()
 7 SYSTEMPATH\CodeIgniter.php(499): CodeIgniter\CodeIgniter->runController(Object(App\Controllers\User))
 8 SYSTEMPATH\CodeIgniter.php(368): CodeIgniter\CodeIgniter->handleRequest(null, Object(Config\Cache), false)
 9 FCPATH\index.php(79): CodeIgniter\CodeIgniter->run()
10 SYSTEMPATH\Commands\Server\rewrite.php(47): require_once('C:\\Users\\Eti_n\\Documents\\MyPkm\\public\\index.php')
CRITICAL - 2023-11-26 14:41:12 --> Class "App\Models\Users" not found
in APPPATH\Controllers\Upload.php on line 12.
 1 SYSTEMPATH\CodeIgniter.php(934): App\Controllers\Upload->index()
 2 SYSTEMPATH\CodeIgniter.php(499): CodeIgniter\CodeIgniter->runController(Object(App\Controllers\Upload))
 3 SYSTEMPATH\CodeIgniter.php(368): CodeIgniter\CodeIgniter->handleRequest(null, Object(Config\Cache), false)
 4 FCPATH\index.php(79): CodeIgniter\CodeIgniter->run()
 5 SYSTEMPATH\Commands\Server\rewrite.php(47): require_once('C:\\Users\\Eti_n\\Documents\\MyPkm\\public\\index.php')
CRITICAL - 2023-11-26 14:43:05 --> Class "App\Models\Users" not found
in APPPATH\Controllers\Upload.php on line 12.
 1 SYSTEMPATH\CodeIgniter.php(934): App\Controllers\Upload->index()
 2 SYSTEMPATH\CodeIgniter.php(499): CodeIgniter\CodeIgniter->runController(Object(App\Controllers\Upload))
 3 SYSTEMPATH\CodeIgniter.php(368): CodeIgniter\CodeIgniter->handleRequest(null, Object(Config\Cache), false)
 4 FCPATH\index.php(79): CodeIgniter\CodeIgniter->run()
 5 SYSTEMPATH\Commands\Server\rewrite.php(47): require_once('C:\\Users\\Eti_n\\Documents\\MyPkm\\public\\index.php')
CRITICAL - 2023-11-26 14:43:23 --> Class "App\Models\Users" not found
in APPPATH\Controllers\Upload.php on line 12.
 1 SYSTEMPATH\CodeIgniter.php(934): App\Controllers\Upload->index()
 2 SYSTEMPATH\CodeIgniter.php(499): CodeIgniter\CodeIgniter->runController(Object(App\Controllers\Upload))
 3 SYSTEMPATH\CodeIgniter.php(368): CodeIgniter\CodeIgniter->handleRequest(null, Object(Config\Cache), false)
 4 FCPATH\index.php(79): CodeIgniter\CodeIgniter->run()
 5 SYSTEMPATH\Commands\Server\rewrite.php(47): require_once('C:\\Users\\Eti_n\\Documents\\MyPkm\\public\\index.php')
CRITICAL - 2023-11-26 14:44:52 --> Call to undefined method App\Controllers\User::findAll()
in APPPATH\Controllers\Upload.php on line 13.
 1 SYSTEMPATH\CodeIgniter.php(934): App\Controllers\Upload->index()
 2 SYSTEMPATH\CodeIgniter.php(499): CodeIgniter\CodeIgniter->runController(Object(App\Controllers\Upload))
 3 SYSTEMPATH\CodeIgniter.php(368): CodeIgniter\CodeIgniter->handleRequest(null, Object(Config\Cache), false)
 4 FCPATH\index.php(79): CodeIgniter\CodeIgniter->run()
 5 SYSTEMPATH\Commands\Server\rewrite.php(47): require_once('C:\\Users\\Eti_n\\Documents\\MyPkm\\public\\index.php')
CRITICAL - 2023-11-26 14:45:29 --> Class "App\Models\Users" not found
in APPPATH\Controllers\Upload.php on line 12.
 1 SYSTEMPATH\CodeIgniter.php(934): App\Controllers\Upload->index()
 2 SYSTEMPATH\CodeIgniter.php(499): CodeIgniter\CodeIgniter->runController(Object(App\Controllers\Upload))
 3 SYSTEMPATH\CodeIgniter.php(368): CodeIgniter\CodeIgniter->handleRequest(null, Object(Config\Cache), false)
 4 FCPATH\index.php(79): CodeIgniter\CodeIgniter->run()
 5 SYSTEMPATH\Commands\Server\rewrite.php(47): require_once('C:\\Users\\Eti_n\\Documents\\MyPkm\\public\\index.php')
CRITICAL - 2023-11-26 14:46:58 --> Class "App\Models\Users" not found
in APPPATH\Controllers\Upload.php on line 12.
 1 SYSTEMPATH\CodeIgniter.php(934): App\Controllers\Upload->index()
 2 SYSTEMPATH\CodeIgniter.php(499): CodeIgniter\CodeIgniter->runController(Object(App\Controllers\Upload))
 3 SYSTEMPATH\CodeIgniter.php(368): CodeIgniter\CodeIgniter->handleRequest(null, Object(Config\Cache), false)
 4 FCPATH\index.php(79): CodeIgniter\CodeIgniter->run()
 5 SYSTEMPATH\Commands\Server\rewrite.php(47): require_once('C:\\Users\\Eti_n\\Documents\\MyPkm\\public\\index.php')
CRITICAL - 2023-11-26 14:49:54 --> Class "App\Controllers\pkm" not found
in APPPATH\Controllers\Upload.php on line 12.
 1 SYSTEMPATH\CodeIgniter.php(934): App\Controllers\Upload->index()
 2 SYSTEMPATH\CodeIgniter.php(499): CodeIgniter\CodeIgniter->runController(Object(App\Controllers\Upload))
 3 SYSTEMPATH\CodeIgniter.php(368): CodeIgniter\CodeIgniter->handleRequest(null, Object(Config\Cache), false)
 4 FCPATH\index.php(79): CodeIgniter\CodeIgniter->run()
 5 SYSTEMPATH\Commands\Server\rewrite.php(47): require_once('C:\\Users\\Eti_n\\Documents\\MyPkm\\public\\index.php')
CRITICAL - 2023-11-26 14:51:39 --> Class "App\Models\Users" not found
in APPPATH\Controllers\Upload.php on line 12.
 1 SYSTEMPATH\CodeIgniter.php(934): App\Controllers\Upload->index()
 2 SYSTEMPATH\CodeIgniter.php(499): CodeIgniter\CodeIgniter->runController(Object(App\Controllers\Upload))
 3 SYSTEMPATH\CodeIgniter.php(368): CodeIgniter\CodeIgniter->handleRequest(null, Object(Config\Cache), false)
 4 FCPATH\index.php(79): CodeIgniter\CodeIgniter->run()
 5 SYSTEMPATH\Commands\Server\rewrite.php(47): require_once('C:\\Users\\Eti_n\\Documents\\MyPkm\\public\\index.php')
CRITICAL - 2023-11-26 14:51:42 --> Class "App\Models\Users" not found
in APPPATH\Controllers\Upload.php on line 12.
 1 SYSTEMPATH\CodeIgniter.php(934): App\Controllers\Upload->index()
 2 SYSTEMPATH\CodeIgniter.php(499): CodeIgniter\CodeIgniter->runController(Object(App\Controllers\Upload))
 3 SYSTEMPATH\CodeIgniter.php(368): CodeIgniter\CodeIgniter->handleRequest(null, Object(Config\Cache), false)
 4 FCPATH\index.php(79): CodeIgniter\CodeIgniter->run()
 5 SYSTEMPATH\Commands\Server\rewrite.php(47): require_once('C:\\Users\\Eti_n\\Documents\\MyPkm\\public\\index.php')
CRITICAL - 2023-11-26 15:04:51 --> Class "App\Models\Users" not found
in APPPATH\Controllers\Upload.php on line 78.
 1 SYSTEMPATH\CodeIgniter.php(934): App\Controllers\Upload->index()
 2 SYSTEMPATH\CodeIgniter.php(499): CodeIgniter\CodeIgniter->runController(Object(App\Controllers\Upload))
 3 SYSTEMPATH\CodeIgniter.php(368): CodeIgniter\CodeIgniter->handleRequest(null, Object(Config\Cache), false)
 4 FCPATH\index.php(79): CodeIgniter\CodeIgniter->run()
 5 SYSTEMPATH\Commands\Server\rewrite.php(47): require_once('C:\\Users\\Eti_n\\Documents\\MyPkm\\public\\index.php')
INFO - 2023-11-26 15:13:11 --> Session: Class initialized using 'CodeIgniter\Session\Handlers\FileHandler' driver.
INFO - 2023-11-26 15:13:22 --> Session: Class initialized using 'CodeIgniter\Session\Handlers\FileHandler' driver.
INFO - 2023-11-26 15:13:38 --> Session: Class initialized using 'CodeIgniter\Session\Handlers\FileHandler' driver.
CRITICAL - 2023-11-26 15:13:38 --> Undefined variable $judul
in APPPATH\Views\Home\index.php on line 2.
 1 APPPATH\Views\Home\index.php(2): CodeIgniter\Debug\Exceptions->errorHandler(2, 'Undefined variable $judul', 'C:\\Users\\Eti_n\\Documents\\MyPkm\\app\\Views\\Home\\index.php', 2)
 2 SYSTEMPATH\View\View.php(213): include('C:\\Users\\Eti_n\\Documents\\MyPkm\\app\\Views\\Home\\index.php')
 3 SYSTEMPATH\View\View.php(216): CodeIgniter\View\View->CodeIgniter\View\{closure}()
 4 SYSTEMPATH\Common.php(1184): CodeIgniter\View\View->render('Home/index', [], true)
 5 APPPATH\Controllers\User.php(17): view('Home/index')
 6 SYSTEMPATH\CodeIgniter.php(934): App\Controllers\User->index()
 7 SYSTEMPATH\CodeIgniter.php(499): CodeIgniter\CodeIgniter->runController(Object(App\Controllers\User))
 8 SYSTEMPATH\CodeIgniter.php(368): CodeIgniter\CodeIgniter->handleRequest(null, Object(Config\Cache), false)
 9 FCPATH\index.php(79): CodeIgniter\CodeIgniter->run()
10 SYSTEMPATH\Commands\Server\rewrite.php(47): require_once('C:\\Users\\Eti_n\\Documents\\MyPkm\\public\\index.php')
