INFO - 2024-01-03 02:32:19 --> Session: Class initialized using 'CodeIgniter\Session\Handlers\FileHandler' driver.
INFO - 2024-01-03 02:32:23 --> Session: Class initialized using 'CodeIgniter\Session\Handlers\FileHandler' driver.
INFO - 2024-01-03 02:32:23 --> Session: Class initialized using 'CodeIgniter\Session\Handlers\FileHandler' driver.
INFO - 2024-01-03 02:32:40 --> Session: Class initialized using 'CodeIgniter\Session\Handlers\FileHandler' driver.
INFO - 2024-01-03 02:36:54 --> Session: Class initialized using 'CodeIgniter\Session\Handlers\FileHandler' driver.
ERROR - 2024-01-03 02:36:55 --> mysqli_sql_exception: Cannot delete or update a parent row: a foreign key constraint fails (`mypkm`.`tb_usulan`, CONSTRAINT `tb_usulan_ibfk_1` FOREIGN KEY (`id_mahasiswa`) REFERENCES `tb_mahasiswa` (`id_mahasiswa`)) in C:\Users\Shiroo Neko\Pictures\jokian\mypkm\mypkm\vendor\codeigniter4\framework\system\Database\MySQLi\Connection.php:306
Stack trace:
#0 C:\Users\Shiroo Neko\Pictures\jokian\mypkm\mypkm\vendor\codeigniter4\framework\system\Database\MySQLi\Connection.php(306): mysqli->query('DELETE FROM `tb...', 0)
#1 C:\Users\Shiroo Neko\Pictures\jokian\mypkm\mypkm\vendor\codeigniter4\framework\system\Database\BaseConnection.php(693): CodeIgniter\Database\MySQLi\Connection->execute('DELETE FROM `tb...')
#2 C:\Users\Shiroo Neko\Pictures\jokian\mypkm\mypkm\vendor\codeigniter4\framework\system\Database\BaseConnection.php(607): CodeIgniter\Database\BaseConnection->simpleQuery('DELETE FROM `tb...')
#3 C:\Users\Shiroo Neko\Pictures\jokian\mypkm\mypkm\vendor\codeigniter4\framework\system\Database\BaseBuilder.php(2790): CodeIgniter\Database\BaseConnection->query('DELETE FROM `tb...', Array, false)
#4 C:\Users\Shiroo Neko\Pictures\jokian\mypkm\mypkm\vendor\codeigniter4\framework\system\Model.php(445): CodeIgniter\Database\BaseBuilder->delete()
#5 C:\Users\Shiroo Neko\Pictures\jokian\mypkm\mypkm\vendor\codeigniter4\framework\system\BaseModel.php(1080): CodeIgniter\Model->doDelete(Array, false)
#6 C:\Users\Shiroo Neko\Pictures\jokian\mypkm\mypkm\app\Controllers\admin\Mahasiswa.php(123): CodeIgniter\BaseModel->delete(Array)
#7 C:\Users\Shiroo Neko\Pictures\jokian\mypkm\mypkm\vendor\codeigniter4\framework\system\CodeIgniter.php(942): App\Controllers\Admin\Mahasiswa->delete('6')
#8 C:\Users\Shiroo Neko\Pictures\jokian\mypkm\mypkm\vendor\codeigniter4\framework\system\CodeIgniter.php(502): CodeIgniter\CodeIgniter->runController(Object(App\Controllers\Admin\Mahasiswa))
#9 C:\Users\Shiroo Neko\Pictures\jokian\mypkm\mypkm\vendor\codeigniter4\framework\system\CodeIgniter.php(361): CodeIgniter\CodeIgniter->handleRequest(NULL, Object(Config\Cache), false)
#10 C:\Users\Shiroo Neko\Pictures\jokian\mypkm\mypkm\public\index.php(79): CodeIgniter\CodeIgniter->run()
#11 C:\Users\Shiroo Neko\Pictures\jokian\mypkm\mypkm\vendor\codeigniter4\framework\system\Commands\Server\rewrite.php(47): require_once('C:\\Users\\Shiroo...')
#12 {main}
CRITICAL - 2024-01-03 02:36:55 --> Cannot delete or update a parent row: a foreign key constraint fails (`mypkm`.`tb_usulan`, CONSTRAINT `tb_usulan_ibfk_1` FOREIGN KEY (`id_mahasiswa`) REFERENCES `tb_mahasiswa` (`id_mahasiswa`))
in SYSTEMPATH\Database\BaseConnection.php on line 647.
 1 SYSTEMPATH\Database\BaseBuilder.php(2790): CodeIgniter\Database\BaseConnection->query('DELETE FROM `tb_mahasiswa`
WHERE `id_mahasiswa` IN :id_mahasiswa:', [...], false)
 2 SYSTEMPATH\Model.php(445): CodeIgniter\Database\BaseBuilder->delete()
 3 SYSTEMPATH\BaseModel.php(1080): CodeIgniter\Model->doDelete([...], false)
 4 APPPATH\Controllers\admin\Mahasiswa.php(123): CodeIgniter\BaseModel->delete([...])
 5 SYSTEMPATH\CodeIgniter.php(942): App\Controllers\Admin\Mahasiswa->delete('6')
 6 SYSTEMPATH\CodeIgniter.php(502): CodeIgniter\CodeIgniter->runController(Object(App\Controllers\Admin\Mahasiswa))
 7 SYSTEMPATH\CodeIgniter.php(361): CodeIgniter\CodeIgniter->handleRequest(null, Object(Config\Cache), false)
 8 FCPATH\index.php(79): CodeIgniter\CodeIgniter->run()
 9 SYSTEMPATH\Commands\Server\rewrite.php(47): require_once('C:\\Users\\Shiroo Neko\\Pictures\\jokian\\mypkm\\mypkm\\public\\index.php')
INFO - 2024-01-03 02:38:13 --> Session: Class initialized using 'CodeIgniter\Session\Handlers\FileHandler' driver.
ERROR - 2024-01-03 02:38:13 --> mysqli_sql_exception: Cannot delete or update a parent row: a foreign key constraint fails (`mypkm`.`tb_usulan`, CONSTRAINT `tb_usulan_ibfk_1` FOREIGN KEY (`id_mahasiswa`) REFERENCES `tb_mahasiswa` (`id_mahasiswa`)) in C:\Users\Shiroo Neko\Pictures\jokian\mypkm\mypkm\vendor\codeigniter4\framework\system\Database\MySQLi\Connection.php:306
Stack trace:
#0 C:\Users\Shiroo Neko\Pictures\jokian\mypkm\mypkm\vendor\codeigniter4\framework\system\Database\MySQLi\Connection.php(306): mysqli->query('DELETE FROM `tb...', 0)
#1 C:\Users\Shiroo Neko\Pictures\jokian\mypkm\mypkm\vendor\codeigniter4\framework\system\Database\BaseConnection.php(693): CodeIgniter\Database\MySQLi\Connection->execute('DELETE FROM `tb...')
#2 C:\Users\Shiroo Neko\Pictures\jokian\mypkm\mypkm\vendor\codeigniter4\framework\system\Database\BaseConnection.php(607): CodeIgniter\Database\BaseConnection->simpleQuery('DELETE FROM `tb...')
#3 C:\Users\Shiroo Neko\Pictures\jokian\mypkm\mypkm\vendor\codeigniter4\framework\system\Database\BaseBuilder.php(2790): CodeIgniter\Database\BaseConnection->query('DELETE FROM `tb...', Array, false)
#4 C:\Users\Shiroo Neko\Pictures\jokian\mypkm\mypkm\vendor\codeigniter4\framework\system\Model.php(445): CodeIgniter\Database\BaseBuilder->delete()
#5 C:\Users\Shiroo Neko\Pictures\jokian\mypkm\mypkm\vendor\codeigniter4\framework\system\BaseModel.php(1080): CodeIgniter\Model->doDelete(Array, false)
#6 C:\Users\Shiroo Neko\Pictures\jokian\mypkm\mypkm\app\Controllers\admin\Mahasiswa.php(125): CodeIgniter\BaseModel->delete(Array)
#7 C:\Users\Shiroo Neko\Pictures\jokian\mypkm\mypkm\vendor\codeigniter4\framework\system\CodeIgniter.php(942): App\Controllers\Admin\Mahasiswa->delete('6')
#8 C:\Users\Shiroo Neko\Pictures\jokian\mypkm\mypkm\vendor\codeigniter4\framework\system\CodeIgniter.php(502): CodeIgniter\CodeIgniter->runController(Object(App\Controllers\Admin\Mahasiswa))
#9 C:\Users\Shiroo Neko\Pictures\jokian\mypkm\mypkm\vendor\codeigniter4\framework\system\CodeIgniter.php(361): CodeIgniter\CodeIgniter->handleRequest(NULL, Object(Config\Cache), false)
#10 C:\Users\Shiroo Neko\Pictures\jokian\mypkm\mypkm\public\index.php(79): CodeIgniter\CodeIgniter->run()
#11 C:\Users\Shiroo Neko\Pictures\jokian\mypkm\mypkm\vendor\codeigniter4\framework\system\Commands\Server\rewrite.php(47): require_once('C:\\Users\\Shiroo...')
#12 {main}
INFO - 2024-01-03 02:38:13 --> Session: Class initialized using 'CodeIgniter\Session\Handlers\FileHandler' driver.
INFO - 2024-01-03 02:39:28 --> Session: Class initialized using 'CodeIgniter\Session\Handlers\FileHandler' driver.
INFO - 2024-01-03 02:39:31 --> Session: Class initialized using 'CodeIgniter\Session\Handlers\FileHandler' driver.
ERROR - 2024-01-03 02:39:31 --> mysqli_sql_exception: Cannot delete or update a parent row: a foreign key constraint fails (`mypkm`.`tb_usulan`, CONSTRAINT `tb_usulan_ibfk_1` FOREIGN KEY (`id_mahasiswa`) REFERENCES `tb_mahasiswa` (`id_mahasiswa`)) in C:\Users\Shiroo Neko\Pictures\jokian\mypkm\mypkm\vendor\codeigniter4\framework\system\Database\MySQLi\Connection.php:306
Stack trace:
#0 C:\Users\Shiroo Neko\Pictures\jokian\mypkm\mypkm\vendor\codeigniter4\framework\system\Database\MySQLi\Connection.php(306): mysqli->query('DELETE FROM `tb...', 0)
#1 C:\Users\Shiroo Neko\Pictures\jokian\mypkm\mypkm\vendor\codeigniter4\framework\system\Database\BaseConnection.php(693): CodeIgniter\Database\MySQLi\Connection->execute('DELETE FROM `tb...')
#2 C:\Users\Shiroo Neko\Pictures\jokian\mypkm\mypkm\vendor\codeigniter4\framework\system\Database\BaseConnection.php(607): CodeIgniter\Database\BaseConnection->simpleQuery('DELETE FROM `tb...')
#3 C:\Users\Shiroo Neko\Pictures\jokian\mypkm\mypkm\vendor\codeigniter4\framework\system\Database\BaseBuilder.php(2790): CodeIgniter\Database\BaseConnection->query('DELETE FROM `tb...', Array, false)
#4 C:\Users\Shiroo Neko\Pictures\jokian\mypkm\mypkm\vendor\codeigniter4\framework\system\Model.php(445): CodeIgniter\Database\BaseBuilder->delete()
#5 C:\Users\Shiroo Neko\Pictures\jokian\mypkm\mypkm\vendor\codeigniter4\framework\system\BaseModel.php(1080): CodeIgniter\Model->doDelete(Array, false)
#6 C:\Users\Shiroo Neko\Pictures\jokian\mypkm\mypkm\app\Controllers\admin\Mahasiswa.php(125): CodeIgniter\BaseModel->delete(Array)
#7 C:\Users\Shiroo Neko\Pictures\jokian\mypkm\mypkm\vendor\codeigniter4\framework\system\CodeIgniter.php(942): App\Controllers\Admin\Mahasiswa->delete('6')
#8 C:\Users\Shiroo Neko\Pictures\jokian\mypkm\mypkm\vendor\codeigniter4\framework\system\CodeIgniter.php(502): CodeIgniter\CodeIgniter->runController(Object(App\Controllers\Admin\Mahasiswa))
#9 C:\Users\Shiroo Neko\Pictures\jokian\mypkm\mypkm\vendor\codeigniter4\framework\system\CodeIgniter.php(361): CodeIgniter\CodeIgniter->handleRequest(NULL, Object(Config\Cache), false)
#10 C:\Users\Shiroo Neko\Pictures\jokian\mypkm\mypkm\public\index.php(79): CodeIgniter\CodeIgniter->run()
#11 C:\Users\Shiroo Neko\Pictures\jokian\mypkm\mypkm\vendor\codeigniter4\framework\system\Commands\Server\rewrite.php(47): require_once('C:\\Users\\Shiroo...')
#12 {main}
INFO - 2024-01-03 02:39:31 --> Session: Class initialized using 'CodeIgniter\Session\Handlers\FileHandler' driver.
INFO - 2024-01-03 02:39:39 --> Session: Class initialized using 'CodeIgniter\Session\Handlers\FileHandler' driver.
INFO - 2024-01-03 02:39:42 --> Session: Class initialized using 'CodeIgniter\Session\Handlers\FileHandler' driver.
ERROR - 2024-01-03 02:39:42 --> mysqli_sql_exception: Cannot delete or update a parent row: a foreign key constraint fails (`mypkm`.`tb_usulan`, CONSTRAINT `tb_usulan_ibfk_1` FOREIGN KEY (`id_mahasiswa`) REFERENCES `tb_mahasiswa` (`id_mahasiswa`)) in C:\Users\Shiroo Neko\Pictures\jokian\mypkm\mypkm\vendor\codeigniter4\framework\system\Database\MySQLi\Connection.php:306
Stack trace:
#0 C:\Users\Shiroo Neko\Pictures\jokian\mypkm\mypkm\vendor\codeigniter4\framework\system\Database\MySQLi\Connection.php(306): mysqli->query('DELETE FROM `tb...', 0)
#1 C:\Users\Shiroo Neko\Pictures\jokian\mypkm\mypkm\vendor\codeigniter4\framework\system\Database\BaseConnection.php(693): CodeIgniter\Database\MySQLi\Connection->execute('DELETE FROM `tb...')
#2 C:\Users\Shiroo Neko\Pictures\jokian\mypkm\mypkm\vendor\codeigniter4\framework\system\Database\BaseConnection.php(607): CodeIgniter\Database\BaseConnection->simpleQuery('DELETE FROM `tb...')
#3 C:\Users\Shiroo Neko\Pictures\jokian\mypkm\mypkm\vendor\codeigniter4\framework\system\Database\BaseBuilder.php(2790): CodeIgniter\Database\BaseConnection->query('DELETE FROM `tb...', Array, false)
#4 C:\Users\Shiroo Neko\Pictures\jokian\mypkm\mypkm\vendor\codeigniter4\framework\system\Model.php(445): CodeIgniter\Database\BaseBuilder->delete()
#5 C:\Users\Shiroo Neko\Pictures\jokian\mypkm\mypkm\vendor\codeigniter4\framework\system\BaseModel.php(1080): CodeIgniter\Model->doDelete(Array, false)
#6 C:\Users\Shiroo Neko\Pictures\jokian\mypkm\mypkm\app\Controllers\admin\Mahasiswa.php(125): CodeIgniter\BaseModel->delete(Array)
#7 C:\Users\Shiroo Neko\Pictures\jokian\mypkm\mypkm\vendor\codeigniter4\framework\system\CodeIgniter.php(942): App\Controllers\Admin\Mahasiswa->delete('6')
#8 C:\Users\Shiroo Neko\Pictures\jokian\mypkm\mypkm\vendor\codeigniter4\framework\system\CodeIgniter.php(502): CodeIgniter\CodeIgniter->runController(Object(App\Controllers\Admin\Mahasiswa))
#9 C:\Users\Shiroo Neko\Pictures\jokian\mypkm\mypkm\vendor\codeigniter4\framework\system\CodeIgniter.php(361): CodeIgniter\CodeIgniter->handleRequest(NULL, Object(Config\Cache), false)
#10 C:\Users\Shiroo Neko\Pictures\jokian\mypkm\mypkm\public\index.php(79): CodeIgniter\CodeIgniter->run()
#11 C:\Users\Shiroo Neko\Pictures\jokian\mypkm\mypkm\vendor\codeigniter4\framework\system\Commands\Server\rewrite.php(47): require_once('C:\\Users\\Shiroo...')
#12 {main}
INFO - 2024-01-03 02:39:42 --> Session: Class initialized using 'CodeIgniter\Session\Handlers\FileHandler' driver.
INFO - 2024-01-03 02:40:12 --> Session: Class initialized using 'CodeIgniter\Session\Handlers\FileHandler' driver.
INFO - 2024-01-03 02:40:17 --> Session: Class initialized using 'CodeIgniter\Session\Handlers\FileHandler' driver.
ERROR - 2024-01-03 02:40:17 --> mysqli_sql_exception: Cannot delete or update a parent row: a foreign key constraint fails (`mypkm`.`tb_usulan`, CONSTRAINT `tb_usulan_ibfk_1` FOREIGN KEY (`id_mahasiswa`) REFERENCES `tb_mahasiswa` (`id_mahasiswa`)) in C:\Users\Shiroo Neko\Pictures\jokian\mypkm\mypkm\vendor\codeigniter4\framework\system\Database\MySQLi\Connection.php:306
Stack trace:
#0 C:\Users\Shiroo Neko\Pictures\jokian\mypkm\mypkm\vendor\codeigniter4\framework\system\Database\MySQLi\Connection.php(306): mysqli->query('DELETE FROM `tb...', 0)
#1 C:\Users\Shiroo Neko\Pictures\jokian\mypkm\mypkm\vendor\codeigniter4\framework\system\Database\BaseConnection.php(693): CodeIgniter\Database\MySQLi\Connection->execute('DELETE FROM `tb...')
#2 C:\Users\Shiroo Neko\Pictures\jokian\mypkm\mypkm\vendor\codeigniter4\framework\system\Database\BaseConnection.php(607): CodeIgniter\Database\BaseConnection->simpleQuery('DELETE FROM `tb...')
#3 C:\Users\Shiroo Neko\Pictures\jokian\mypkm\mypkm\vendor\codeigniter4\framework\system\Database\BaseBuilder.php(2790): CodeIgniter\Database\BaseConnection->query('DELETE FROM `tb...', Array, false)
#4 C:\Users\Shiroo Neko\Pictures\jokian\mypkm\mypkm\vendor\codeigniter4\framework\system\Model.php(445): CodeIgniter\Database\BaseBuilder->delete()
#5 C:\Users\Shiroo Neko\Pictures\jokian\mypkm\mypkm\vendor\codeigniter4\framework\system\BaseModel.php(1080): CodeIgniter\Model->doDelete(Array, false)
#6 C:\Users\Shiroo Neko\Pictures\jokian\mypkm\mypkm\app\Controllers\admin\Mahasiswa.php(125): CodeIgniter\BaseModel->delete(Array)
#7 C:\Users\Shiroo Neko\Pictures\jokian\mypkm\mypkm\vendor\codeigniter4\framework\system\CodeIgniter.php(942): App\Controllers\Admin\Mahasiswa->delete('6')
#8 C:\Users\Shiroo Neko\Pictures\jokian\mypkm\mypkm\vendor\codeigniter4\framework\system\CodeIgniter.php(502): CodeIgniter\CodeIgniter->runController(Object(App\Controllers\Admin\Mahasiswa))
#9 C:\Users\Shiroo Neko\Pictures\jokian\mypkm\mypkm\vendor\codeigniter4\framework\system\CodeIgniter.php(361): CodeIgniter\CodeIgniter->handleRequest(NULL, Object(Config\Cache), false)
#10 C:\Users\Shiroo Neko\Pictures\jokian\mypkm\mypkm\public\index.php(79): CodeIgniter\CodeIgniter->run()
#11 C:\Users\Shiroo Neko\Pictures\jokian\mypkm\mypkm\vendor\codeigniter4\framework\system\Commands\Server\rewrite.php(47): require_once('C:\\Users\\Shiroo...')
#12 {main}
INFO - 2024-01-03 02:40:17 --> Session: Class initialized using 'CodeIgniter\Session\Handlers\FileHandler' driver.
INFO - 2024-01-03 02:40:44 --> Session: Class initialized using 'CodeIgniter\Session\Handlers\FileHandler' driver.
INFO - 2024-01-03 02:40:44 --> Session: Class initialized using 'CodeIgniter\Session\Handlers\FileHandler' driver.
INFO - 2024-01-03 02:40:50 --> Session: Class initialized using 'CodeIgniter\Session\Handlers\FileHandler' driver.
INFO - 2024-01-03 02:40:50 --> Session: Class initialized using 'CodeIgniter\Session\Handlers\FileHandler' driver.
INFO - 2024-01-03 02:41:08 --> Session: Class initialized using 'CodeIgniter\Session\Handlers\FileHandler' driver.
INFO - 2024-01-03 02:41:08 --> Session: Class initialized using 'CodeIgniter\Session\Handlers\FileHandler' driver.
INFO - 2024-01-03 02:41:09 --> Session: Class initialized using 'CodeIgniter\Session\Handlers\FileHandler' driver.
INFO - 2024-01-03 02:41:09 --> Session: Class initialized using 'CodeIgniter\Session\Handlers\FileHandler' driver.
INFO - 2024-01-03 02:41:49 --> Session: Class initialized using 'CodeIgniter\Session\Handlers\FileHandler' driver.
INFO - 2024-01-03 02:41:51 --> Session: Class initialized using 'CodeIgniter\Session\Handlers\FileHandler' driver.
INFO - 2024-01-03 02:41:51 --> Session: Class initialized using 'CodeIgniter\Session\Handlers\FileHandler' driver.
INFO - 2024-01-03 02:42:37 --> Session: Class initialized using 'CodeIgniter\Session\Handlers\FileHandler' driver.
INFO - 2024-01-03 02:42:54 --> Session: Class initialized using 'CodeIgniter\Session\Handlers\FileHandler' driver.
INFO - 2024-01-03 02:42:54 --> Session: Class initialized using 'CodeIgniter\Session\Handlers\FileHandler' driver.
INFO - 2024-01-03 02:43:11 --> Session: Class initialized using 'CodeIgniter\Session\Handlers\FileHandler' driver.
INFO - 2024-01-03 02:43:11 --> Session: Class initialized using 'CodeIgniter\Session\Handlers\FileHandler' driver.
INFO - 2024-01-03 02:43:16 --> Session: Class initialized using 'CodeIgniter\Session\Handlers\FileHandler' driver.
INFO - 2024-01-03 02:43:26 --> Session: Class initialized using 'CodeIgniter\Session\Handlers\FileHandler' driver.
INFO - 2024-01-03 02:43:27 --> Session: Class initialized using 'CodeIgniter\Session\Handlers\FileHandler' driver.
INFO - 2024-01-03 02:43:30 --> Session: Class initialized using 'CodeIgniter\Session\Handlers\FileHandler' driver.
INFO - 2024-01-03 02:43:33 --> Session: Class initialized using 'CodeIgniter\Session\Handlers\FileHandler' driver.
INFO - 2024-01-03 02:43:35 --> Session: Class initialized using 'CodeIgniter\Session\Handlers\FileHandler' driver.
INFO - 2024-01-03 02:43:36 --> Session: Class initialized using 'CodeIgniter\Session\Handlers\FileHandler' driver.
INFO - 2024-01-03 02:43:39 --> Session: Class initialized using 'CodeIgniter\Session\Handlers\FileHandler' driver.
INFO - 2024-01-03 02:43:40 --> Session: Class initialized using 'CodeIgniter\Session\Handlers\FileHandler' driver.
INFO - 2024-01-03 02:43:40 --> Session: Class initialized using 'CodeIgniter\Session\Handlers\FileHandler' driver.
INFO - 2024-01-03 02:45:17 --> Session: Class initialized using 'CodeIgniter\Session\Handlers\FileHandler' driver.
INFO - 2024-01-03 02:45:21 --> Session: Class initialized using 'CodeIgniter\Session\Handlers\FileHandler' driver.
INFO - 2024-01-03 02:45:28 --> Session: Class initialized using 'CodeIgniter\Session\Handlers\FileHandler' driver.
INFO - 2024-01-03 02:45:28 --> Session: Class initialized using 'CodeIgniter\Session\Handlers\FileHandler' driver.
INFO - 2024-01-03 02:45:35 --> Session: Class initialized using 'CodeIgniter\Session\Handlers\FileHandler' driver.
INFO - 2024-01-03 02:45:36 --> Session: Class initialized using 'CodeIgniter\Session\Handlers\FileHandler' driver.
INFO - 2024-01-03 02:45:36 --> Session: Class initialized using 'CodeIgniter\Session\Handlers\FileHandler' driver.
INFO - 2024-01-03 02:46:04 --> Session: Class initialized using 'CodeIgniter\Session\Handlers\FileHandler' driver.
INFO - 2024-01-03 02:46:07 --> Session: Class initialized using 'CodeIgniter\Session\Handlers\FileHandler' driver.
ERROR - 2024-01-03 02:46:07 --> mysqli_sql_exception: Cannot delete or update a parent row: a foreign key constraint fails (`mypkm`.`tb_usulan`, CONSTRAINT `tb_usulan_ibfk_1` FOREIGN KEY (`id_mahasiswa`) REFERENCES `tb_mahasiswa` (`id_mahasiswa`)) in C:\Users\Shiroo Neko\Pictures\jokian\mypkm\mypkm\vendor\codeigniter4\framework\system\Database\MySQLi\Connection.php:306
Stack trace:
#0 C:\Users\Shiroo Neko\Pictures\jokian\mypkm\mypkm\vendor\codeigniter4\framework\system\Database\MySQLi\Connection.php(306): mysqli->query('DELETE FROM `tb...', 0)
#1 C:\Users\Shiroo Neko\Pictures\jokian\mypkm\mypkm\vendor\codeigniter4\framework\system\Database\BaseConnection.php(693): CodeIgniter\Database\MySQLi\Connection->execute('DELETE FROM `tb...')
#2 C:\Users\Shiroo Neko\Pictures\jokian\mypkm\mypkm\vendor\codeigniter4\framework\system\Database\BaseConnection.php(607): CodeIgniter\Database\BaseConnection->simpleQuery('DELETE FROM `tb...')
#3 C:\Users\Shiroo Neko\Pictures\jokian\mypkm\mypkm\vendor\codeigniter4\framework\system\Database\BaseBuilder.php(2790): CodeIgniter\Database\BaseConnection->query('DELETE FROM `tb...', Array, false)
#4 C:\Users\Shiroo Neko\Pictures\jokian\mypkm\mypkm\vendor\codeigniter4\framework\system\Model.php(445): CodeIgniter\Database\BaseBuilder->delete()
#5 C:\Users\Shiroo Neko\Pictures\jokian\mypkm\mypkm\vendor\codeigniter4\framework\system\BaseModel.php(1080): CodeIgniter\Model->doDelete(Array, false)
#6 C:\Users\Shiroo Neko\Pictures\jokian\mypkm\mypkm\app\Controllers\admin\Mahasiswa.php(124): CodeIgniter\BaseModel->delete(Array)
#7 C:\Users\Shiroo Neko\Pictures\jokian\mypkm\mypkm\vendor\codeigniter4\framework\system\CodeIgniter.php(942): App\Controllers\Admin\Mahasiswa->delete('6')
#8 C:\Users\Shiroo Neko\Pictures\jokian\mypkm\mypkm\vendor\codeigniter4\framework\system\CodeIgniter.php(502): CodeIgniter\CodeIgniter->runController(Object(App\Controllers\Admin\Mahasiswa))
#9 C:\Users\Shiroo Neko\Pictures\jokian\mypkm\mypkm\vendor\codeigniter4\framework\system\CodeIgniter.php(361): CodeIgniter\CodeIgniter->handleRequest(NULL, Object(Config\Cache), false)
#10 C:\Users\Shiroo Neko\Pictures\jokian\mypkm\mypkm\public\index.php(79): CodeIgniter\CodeIgniter->run()
#11 C:\Users\Shiroo Neko\Pictures\jokian\mypkm\mypkm\vendor\codeigniter4\framework\system\Commands\Server\rewrite.php(47): require_once('C:\\Users\\Shiroo...')
#12 {main}
INFO - 2024-01-03 02:46:08 --> Session: Class initialized using 'CodeIgniter\Session\Handlers\FileHandler' driver.
INFO - 2024-01-03 02:46:17 --> Session: Class initialized using 'CodeIgniter\Session\Handlers\FileHandler' driver.
INFO - 2024-01-03 02:48:02 --> Session: Class initialized using 'CodeIgniter\Session\Handlers\FileHandler' driver.
INFO - 2024-01-03 02:48:05 --> Session: Class initialized using 'CodeIgniter\Session\Handlers\FileHandler' driver.
INFO - 2024-01-03 02:48:20 --> Session: Class initialized using 'CodeIgniter\Session\Handlers\FileHandler' driver.
INFO - 2024-01-03 02:48:20 --> Session: Class initialized using 'CodeIgniter\Session\Handlers\FileHandler' driver.
INFO - 2024-01-03 02:48:29 --> Session: Class initialized using 'CodeIgniter\Session\Handlers\FileHandler' driver.
INFO - 2024-01-03 02:48:58 --> Session: Class initialized using 'CodeIgniter\Session\Handlers\FileHandler' driver.
INFO - 2024-01-03 02:49:07 --> Session: Class initialized using 'CodeIgniter\Session\Handlers\FileHandler' driver.
INFO - 2024-01-03 02:49:39 --> Session: Class initialized using 'CodeIgniter\Session\Handlers\FileHandler' driver.
INFO - 2024-01-03 02:49:43 --> Session: Class initialized using 'CodeIgniter\Session\Handlers\FileHandler' driver.
INFO - 2024-01-03 02:50:04 --> Session: Class initialized using 'CodeIgniter\Session\Handlers\FileHandler' driver.
INFO - 2024-01-03 02:50:08 --> Session: Class initialized using 'CodeIgniter\Session\Handlers\FileHandler' driver.
INFO - 2024-01-03 02:50:11 --> Session: Class initialized using 'CodeIgniter\Session\Handlers\FileHandler' driver.
INFO - 2024-01-03 02:50:19 --> Session: Class initialized using 'CodeIgniter\Session\Handlers\FileHandler' driver.
INFO - 2024-01-03 02:50:19 --> Session: Class initialized using 'CodeIgniter\Session\Handlers\FileHandler' driver.
INFO - 2024-01-03 02:50:57 --> Session: Class initialized using 'CodeIgniter\Session\Handlers\FileHandler' driver.
INFO - 2024-01-03 02:50:57 --> Session: Class initialized using 'CodeIgniter\Session\Handlers\FileHandler' driver.
INFO - 2024-01-03 02:51:00 --> Session: Class initialized using 'CodeIgniter\Session\Handlers\FileHandler' driver.
INFO - 2024-01-03 02:52:49 --> Session: Class initialized using 'CodeIgniter\Session\Handlers\FileHandler' driver.
INFO - 2024-01-03 02:52:55 --> Session: Class initialized using 'CodeIgniter\Session\Handlers\FileHandler' driver.
INFO - 2024-01-03 02:52:55 --> Session: Class initialized using 'CodeIgniter\Session\Handlers\FileHandler' driver.
INFO - 2024-01-03 02:52:58 --> Session: Class initialized using 'CodeIgniter\Session\Handlers\FileHandler' driver.
INFO - 2024-01-03 02:52:59 --> Session: Class initialized using 'CodeIgniter\Session\Handlers\FileHandler' driver.
INFO - 2024-01-03 02:53:00 --> Session: Class initialized using 'CodeIgniter\Session\Handlers\FileHandler' driver.
INFO - 2024-01-03 02:53:02 --> Session: Class initialized using 'CodeIgniter\Session\Handlers\FileHandler' driver.
INFO - 2024-01-03 02:53:03 --> Session: Class initialized using 'CodeIgniter\Session\Handlers\FileHandler' driver.
INFO - 2024-01-03 02:53:04 --> Session: Class initialized using 'CodeIgniter\Session\Handlers\FileHandler' driver.
INFO - 2024-01-03 02:53:48 --> Session: Class initialized using 'CodeIgniter\Session\Handlers\FileHandler' driver.
INFO - 2024-01-03 02:53:59 --> Session: Class initialized using 'CodeIgniter\Session\Handlers\FileHandler' driver.
INFO - 2024-01-03 02:53:59 --> Session: Class initialized using 'CodeIgniter\Session\Handlers\FileHandler' driver.
INFO - 2024-01-03 02:54:55 --> Session: Class initialized using 'CodeIgniter\Session\Handlers\FileHandler' driver.
INFO - 2024-01-03 02:54:57 --> Session: Class initialized using 'CodeIgniter\Session\Handlers\FileHandler' driver.
INFO - 2024-01-03 02:54:58 --> Session: Class initialized using 'CodeIgniter\Session\Handlers\FileHandler' driver.
INFO - 2024-01-03 02:55:41 --> Session: Class initialized using 'CodeIgniter\Session\Handlers\FileHandler' driver.
INFO - 2024-01-03 02:55:46 --> Session: Class initialized using 'CodeIgniter\Session\Handlers\FileHandler' driver.
INFO - 2024-01-03 02:55:47 --> Session: Class initialized using 'CodeIgniter\Session\Handlers\FileHandler' driver.
INFO - 2024-01-03 02:55:48 --> Session: Class initialized using 'CodeIgniter\Session\Handlers\FileHandler' driver.
INFO - 2024-01-03 02:55:52 --> Session: Class initialized using 'CodeIgniter\Session\Handlers\FileHandler' driver.
CRITICAL - 2024-01-03 02:55:52 --> Undefined array key "laporan"
in APPPATH\Controllers\admin\Usulan.php on line 184.
 1 APPPATH\Controllers\admin\Usulan.php(184): CodeIgniter\Debug\Exceptions->errorHandler(2, 'Undefined array key "laporan"', 'C:\\Users\\Shiroo Neko\\Pictures\\jokian\\mypkm\\mypkm\\app\\Controllers\\admin\\Usulan.php', 184)
 2 SYSTEMPATH\CodeIgniter.php(942): App\Controllers\Admin\Usulan->delete('20')
 3 SYSTEMPATH\CodeIgniter.php(502): CodeIgniter\CodeIgniter->runController(Object(App\Controllers\Admin\Usulan))
 4 SYSTEMPATH\CodeIgniter.php(361): CodeIgniter\CodeIgniter->handleRequest(null, Object(Config\Cache), false)
 5 FCPATH\index.php(79): CodeIgniter\CodeIgniter->run()
 6 SYSTEMPATH\Commands\Server\rewrite.php(47): require_once('C:\\Users\\Shiroo Neko\\Pictures\\jokian\\mypkm\\mypkm\\public\\index.php')
INFO - 2024-01-03 02:55:55 --> Session: Class initialized using 'CodeIgniter\Session\Handlers\FileHandler' driver.
INFO - 2024-01-03 02:56:15 --> Session: Class initialized using 'CodeIgniter\Session\Handlers\FileHandler' driver.
INFO - 2024-01-03 02:56:15 --> Session: Class initialized using 'CodeIgniter\Session\Handlers\FileHandler' driver.
INFO - 2024-01-03 02:56:19 --> Session: Class initialized using 'CodeIgniter\Session\Handlers\FileHandler' driver.
INFO - 2024-01-03 02:56:20 --> Session: Class initialized using 'CodeIgniter\Session\Handlers\FileHandler' driver.
INFO - 2024-01-03 02:56:22 --> Session: Class initialized using 'CodeIgniter\Session\Handlers\FileHandler' driver.
INFO - 2024-01-03 02:56:32 --> Session: Class initialized using 'CodeIgniter\Session\Handlers\FileHandler' driver.
INFO - 2024-01-03 02:56:34 --> Session: Class initialized using 'CodeIgniter\Session\Handlers\FileHandler' driver.
INFO - 2024-01-03 02:56:40 --> Session: Class initialized using 'CodeIgniter\Session\Handlers\FileHandler' driver.
INFO - 2024-01-03 02:56:41 --> Session: Class initialized using 'CodeIgniter\Session\Handlers\FileHandler' driver.
INFO - 2024-01-03 02:56:43 --> Session: Class initialized using 'CodeIgniter\Session\Handlers\FileHandler' driver.
INFO - 2024-01-03 02:56:53 --> Session: Class initialized using 'CodeIgniter\Session\Handlers\FileHandler' driver.
INFO - 2024-01-03 02:56:53 --> Session: Class initialized using 'CodeIgniter\Session\Handlers\FileHandler' driver.
INFO - 2024-01-03 02:56:55 --> Session: Class initialized using 'CodeIgniter\Session\Handlers\FileHandler' driver.
INFO - 2024-01-03 02:56:56 --> Session: Class initialized using 'CodeIgniter\Session\Handlers\FileHandler' driver.
INFO - 2024-01-03 02:57:49 --> Session: Class initialized using 'CodeIgniter\Session\Handlers\FileHandler' driver.
ERROR - 2024-01-03 02:57:49 --> mysqli_sql_exception: Cannot delete or update a parent row: a foreign key constraint fails (`mypkm`.`tb_usulan`, CONSTRAINT `tb_usulan_ibfk_1` FOREIGN KEY (`id_mahasiswa`) REFERENCES `tb_mahasiswa` (`id_mahasiswa`)) in C:\Users\Shiroo Neko\Pictures\jokian\mypkm\mypkm\vendor\codeigniter4\framework\system\Database\MySQLi\Connection.php:306
Stack trace:
#0 C:\Users\Shiroo Neko\Pictures\jokian\mypkm\mypkm\vendor\codeigniter4\framework\system\Database\MySQLi\Connection.php(306): mysqli->query('DELETE FROM `tb...', 0)
#1 C:\Users\Shiroo Neko\Pictures\jokian\mypkm\mypkm\vendor\codeigniter4\framework\system\Database\BaseConnection.php(693): CodeIgniter\Database\MySQLi\Connection->execute('DELETE FROM `tb...')
#2 C:\Users\Shiroo Neko\Pictures\jokian\mypkm\mypkm\vendor\codeigniter4\framework\system\Database\BaseConnection.php(607): CodeIgniter\Database\BaseConnection->simpleQuery('DELETE FROM `tb...')
#3 C:\Users\Shiroo Neko\Pictures\jokian\mypkm\mypkm\vendor\codeigniter4\framework\system\Database\BaseBuilder.php(2790): CodeIgniter\Database\BaseConnection->query('DELETE FROM `tb...', Array, false)
#4 C:\Users\Shiroo Neko\Pictures\jokian\mypkm\mypkm\vendor\codeigniter4\framework\system\Model.php(445): CodeIgniter\Database\BaseBuilder->delete()
#5 C:\Users\Shiroo Neko\Pictures\jokian\mypkm\mypkm\vendor\codeigniter4\framework\system\BaseModel.php(1080): CodeIgniter\Model->doDelete(Array, false)
#6 C:\Users\Shiroo Neko\Pictures\jokian\mypkm\mypkm\app\Controllers\admin\Mahasiswa.php(124): CodeIgniter\BaseModel->delete(Array)
#7 C:\Users\Shiroo Neko\Pictures\jokian\mypkm\mypkm\vendor\codeigniter4\framework\system\CodeIgniter.php(942): App\Controllers\Admin\Mahasiswa->delete('6')
#8 C:\Users\Shiroo Neko\Pictures\jokian\mypkm\mypkm\vendor\codeigniter4\framework\system\CodeIgniter.php(502): CodeIgniter\CodeIgniter->runController(Object(App\Controllers\Admin\Mahasiswa))
#9 C:\Users\Shiroo Neko\Pictures\jokian\mypkm\mypkm\vendor\codeigniter4\framework\system\CodeIgniter.php(361): CodeIgniter\CodeIgniter->handleRequest(NULL, Object(Config\Cache), false)
#10 C:\Users\Shiroo Neko\Pictures\jokian\mypkm\mypkm\public\index.php(79): CodeIgniter\CodeIgniter->run()
#11 C:\Users\Shiroo Neko\Pictures\jokian\mypkm\mypkm\vendor\codeigniter4\framework\system\Commands\Server\rewrite.php(47): require_once('C:\\Users\\Shiroo...')
#12 {main}
INFO - 2024-01-03 02:57:49 --> Session: Class initialized using 'CodeIgniter\Session\Handlers\FileHandler' driver.
INFO - 2024-01-03 02:57:57 --> Session: Class initialized using 'CodeIgniter\Session\Handlers\FileHandler' driver.
INFO - 2024-01-03 02:58:03 --> Session: Class initialized using 'CodeIgniter\Session\Handlers\FileHandler' driver.
INFO - 2024-01-03 03:11:55 --> Session: Class initialized using 'CodeIgniter\Session\Handlers\FileHandler' driver.
INFO - 2024-01-03 03:12:12 --> Session: Class initialized using 'CodeIgniter\Session\Handlers\FileHandler' driver.
INFO - 2024-01-03 03:12:23 --> Session: Class initialized using 'CodeIgniter\Session\Handlers\FileHandler' driver.
INFO - 2024-01-03 03:12:40 --> Session: Class initialized using 'CodeIgniter\Session\Handlers\FileHandler' driver.
INFO - 2024-01-03 03:12:42 --> Session: Class initialized using 'CodeIgniter\Session\Handlers\FileHandler' driver.
INFO - 2024-01-03 03:26:22 --> Session: Class initialized using 'CodeIgniter\Session\Handlers\FileHandler' driver.
CRITICAL - 2024-01-03 03:26:22 --> Undefined array key "nip"
in APPPATH\Controllers\wadir\Laporan.php on line 122.
 1 APPPATH\Controllers\wadir\Laporan.php(122): CodeIgniter\Debug\Exceptions->errorHandler(2, 'Undefined array key "nip"', 'C:\\Users\\Shiroo Neko\\Pictures\\jokian\\mypkm\\mypkm\\app\\Controllers\\wadir\\Laporan.php', 122)
 2 SYSTEMPATH\CodeIgniter.php(942): App\Controllers\Wadir\Laporan->export()
 3 SYSTEMPATH\CodeIgniter.php(502): CodeIgniter\CodeIgniter->runController(Object(App\Controllers\Wadir\Laporan))
 4 SYSTEMPATH\CodeIgniter.php(361): CodeIgniter\CodeIgniter->handleRequest(null, Object(Config\Cache), false)
 5 FCPATH\index.php(79): CodeIgniter\CodeIgniter->run()
 6 SYSTEMPATH\Commands\Server\rewrite.php(47): require_once('C:\\Users\\Shiroo Neko\\Pictures\\jokian\\mypkm\\mypkm\\public\\index.php')
INFO - 2024-01-03 03:26:27 --> Session: Class initialized using 'CodeIgniter\Session\Handlers\FileHandler' driver.
INFO - 2024-01-03 03:26:49 --> Session: Class initialized using 'CodeIgniter\Session\Handlers\FileHandler' driver.
CRITICAL - 2024-01-03 03:26:49 --> Undefined array key "nip"
in APPPATH\Controllers\wadir\Laporan.php on line 122.
 1 APPPATH\Controllers\wadir\Laporan.php(122): CodeIgniter\Debug\Exceptions->errorHandler(2, 'Undefined array key "nip"', 'C:\\Users\\Shiroo Neko\\Pictures\\jokian\\mypkm\\mypkm\\app\\Controllers\\wadir\\Laporan.php', 122)
 2 SYSTEMPATH\CodeIgniter.php(942): App\Controllers\Wadir\Laporan->export()
 3 SYSTEMPATH\CodeIgniter.php(502): CodeIgniter\CodeIgniter->runController(Object(App\Controllers\Wadir\Laporan))
 4 SYSTEMPATH\CodeIgniter.php(361): CodeIgniter\CodeIgniter->handleRequest(null, Object(Config\Cache), false)
 5 FCPATH\index.php(79): CodeIgniter\CodeIgniter->run()
 6 SYSTEMPATH\Commands\Server\rewrite.php(47): require_once('C:\\Users\\Shiroo Neko\\Pictures\\jokian\\mypkm\\mypkm\\public\\index.php')
INFO - 2024-01-03 03:26:51 --> Session: Class initialized using 'CodeIgniter\Session\Handlers\FileHandler' driver.
INFO - 2024-01-03 03:27:04 --> Session: Class initialized using 'CodeIgniter\Session\Handlers\FileHandler' driver.
INFO - 2024-01-03 03:27:05 --> Session: Class initialized using 'CodeIgniter\Session\Handlers\FileHandler' driver.
INFO - 2024-01-03 03:27:11 --> Session: Class initialized using 'CodeIgniter\Session\Handlers\FileHandler' driver.
INFO - 2024-01-03 03:27:11 --> Session: Class initialized using 'CodeIgniter\Session\Handlers\FileHandler' driver.
INFO - 2024-01-03 03:27:15 --> Session: Class initialized using 'CodeIgniter\Session\Handlers\FileHandler' driver.
INFO - 2024-01-03 03:27:15 --> Session: Class initialized using 'CodeIgniter\Session\Handlers\FileHandler' driver.
INFO - 2024-01-03 03:27:24 --> Session: Class initialized using 'CodeIgniter\Session\Handlers\FileHandler' driver.
INFO - 2024-01-03 03:27:24 --> Session: Class initialized using 'CodeIgniter\Session\Handlers\FileHandler' driver.
INFO - 2024-01-03 03:27:26 --> Session: Class initialized using 'CodeIgniter\Session\Handlers\FileHandler' driver.
INFO - 2024-01-03 03:27:32 --> Session: Class initialized using 'CodeIgniter\Session\Handlers\FileHandler' driver.
INFO - 2024-01-03 03:27:37 --> Session: Class initialized using 'CodeIgniter\Session\Handlers\FileHandler' driver.
INFO - 2024-01-03 03:27:37 --> Session: Class initialized using 'CodeIgniter\Session\Handlers\FileHandler' driver.
INFO - 2024-01-03 03:27:46 --> Session: Class initialized using 'CodeIgniter\Session\Handlers\FileHandler' driver.
INFO - 2024-01-03 03:27:47 --> Session: Class initialized using 'CodeIgniter\Session\Handlers\FileHandler' driver.
INFO - 2024-01-03 03:27:52 --> Session: Class initialized using 'CodeIgniter\Session\Handlers\FileHandler' driver.
INFO - 2024-01-03 03:27:52 --> Session: Class initialized using 'CodeIgniter\Session\Handlers\FileHandler' driver.
INFO - 2024-01-03 03:27:58 --> Session: Class initialized using 'CodeIgniter\Session\Handlers\FileHandler' driver.
INFO - 2024-01-03 03:27:58 --> Session: Class initialized using 'CodeIgniter\Session\Handlers\FileHandler' driver.
INFO - 2024-01-03 03:28:03 --> Session: Class initialized using 'CodeIgniter\Session\Handlers\FileHandler' driver.
INFO - 2024-01-03 03:28:04 --> Session: Class initialized using 'CodeIgniter\Session\Handlers\FileHandler' driver.
INFO - 2024-01-03 03:28:06 --> Session: Class initialized using 'CodeIgniter\Session\Handlers\FileHandler' driver.
INFO - 2024-01-03 03:28:06 --> Session: Class initialized using 'CodeIgniter\Session\Handlers\FileHandler' driver.
INFO - 2024-01-03 03:28:08 --> Session: Class initialized using 'CodeIgniter\Session\Handlers\FileHandler' driver.
INFO - 2024-01-03 03:28:08 --> Session: Class initialized using 'CodeIgniter\Session\Handlers\FileHandler' driver.
INFO - 2024-01-03 03:28:16 --> Session: Class initialized using 'CodeIgniter\Session\Handlers\FileHandler' driver.
INFO - 2024-01-03 03:28:16 --> Session: Class initialized using 'CodeIgniter\Session\Handlers\FileHandler' driver.
INFO - 2024-01-03 03:28:45 --> Session: Class initialized using 'CodeIgniter\Session\Handlers\FileHandler' driver.
INFO - 2024-01-03 03:28:45 --> Session: Class initialized using 'CodeIgniter\Session\Handlers\FileHandler' driver.
INFO - 2024-01-03 03:28:49 --> Session: Class initialized using 'CodeIgniter\Session\Handlers\FileHandler' driver.
INFO - 2024-01-03 03:28:51 --> Session: Class initialized using 'CodeIgniter\Session\Handlers\FileHandler' driver.
INFO - 2024-01-03 03:28:56 --> Session: Class initialized using 'CodeIgniter\Session\Handlers\FileHandler' driver.
INFO - 2024-01-03 03:28:57 --> Session: Class initialized using 'CodeIgniter\Session\Handlers\FileHandler' driver.
INFO - 2024-01-03 03:29:02 --> Session: Class initialized using 'CodeIgniter\Session\Handlers\FileHandler' driver.
INFO - 2024-01-03 03:29:02 --> Session: Class initialized using 'CodeIgniter\Session\Handlers\FileHandler' driver.
INFO - 2024-01-03 03:29:22 --> Session: Class initialized using 'CodeIgniter\Session\Handlers\FileHandler' driver.
INFO - 2024-01-03 03:29:22 --> Session: Class initialized using 'CodeIgniter\Session\Handlers\FileHandler' driver.
INFO - 2024-01-03 03:29:29 --> Session: Class initialized using 'CodeIgniter\Session\Handlers\FileHandler' driver.
INFO - 2024-01-03 03:29:31 --> Session: Class initialized using 'CodeIgniter\Session\Handlers\FileHandler' driver.
INFO - 2024-01-03 03:29:33 --> Session: Class initialized using 'CodeIgniter\Session\Handlers\FileHandler' driver.
INFO - 2024-01-03 03:31:55 --> Session: Class initialized using 'CodeIgniter\Session\Handlers\FileHandler' driver.
INFO - 2024-01-03 03:31:57 --> Session: Class initialized using 'CodeIgniter\Session\Handlers\FileHandler' driver.
INFO - 2024-01-03 03:31:57 --> Session: Class initialized using 'CodeIgniter\Session\Handlers\FileHandler' driver.
INFO - 2024-01-03 03:32:01 --> Session: Class initialized using 'CodeIgniter\Session\Handlers\FileHandler' driver.
INFO - 2024-01-03 03:32:03 --> Session: Class initialized using 'CodeIgniter\Session\Handlers\FileHandler' driver.
INFO - 2024-01-03 03:32:11 --> Session: Class initialized using 'CodeIgniter\Session\Handlers\FileHandler' driver.
INFO - 2024-01-03 03:32:46 --> Session: Class initialized using 'CodeIgniter\Session\Handlers\FileHandler' driver.
INFO - 2024-01-03 03:32:48 --> Session: Class initialized using 'CodeIgniter\Session\Handlers\FileHandler' driver.
INFO - 2024-01-03 03:34:15 --> Session: Class initialized using 'CodeIgniter\Session\Handlers\FileHandler' driver.
INFO - 2024-01-03 03:34:16 --> Session: Class initialized using 'CodeIgniter\Session\Handlers\FileHandler' driver.
INFO - 2024-01-03 03:34:16 --> Session: Class initialized using 'CodeIgniter\Session\Handlers\FileHandler' driver.
INFO - 2024-01-03 03:35:38 --> Session: Class initialized using 'CodeIgniter\Session\Handlers\FileHandler' driver.
INFO - 2024-01-03 03:35:38 --> Session: Class initialized using 'CodeIgniter\Session\Handlers\FileHandler' driver.
INFO - 2024-01-03 03:35:43 --> Session: Class initialized using 'CodeIgniter\Session\Handlers\FileHandler' driver.
INFO - 2024-01-03 03:35:48 --> Session: Class initialized using 'CodeIgniter\Session\Handlers\FileHandler' driver.
INFO - 2024-01-03 03:35:48 --> Session: Class initialized using 'CodeIgniter\Session\Handlers\FileHandler' driver.
INFO - 2024-01-03 03:35:54 --> Session: Class initialized using 'CodeIgniter\Session\Handlers\FileHandler' driver.
INFO - 2024-01-03 03:35:54 --> Session: Class initialized using 'CodeIgniter\Session\Handlers\FileHandler' driver.
INFO - 2024-01-03 03:35:56 --> Session: Class initialized using 'CodeIgniter\Session\Handlers\FileHandler' driver.
INFO - 2024-01-03 03:36:00 --> Session: Class initialized using 'CodeIgniter\Session\Handlers\FileHandler' driver.
INFO - 2024-01-03 03:36:16 --> Session: Class initialized using 'CodeIgniter\Session\Handlers\FileHandler' driver.
INFO - 2024-01-03 03:52:14 --> Session: Class initialized using 'CodeIgniter\Session\Handlers\FileHandler' driver.
INFO - 2024-01-03 03:52:18 --> Session: Class initialized using 'CodeIgniter\Session\Handlers\FileHandler' driver.
INFO - 2024-01-03 03:52:21 --> Session: Class initialized using 'CodeIgniter\Session\Handlers\FileHandler' driver.
INFO - 2024-01-03 03:52:21 --> Session: Class initialized using 'CodeIgniter\Session\Handlers\FileHandler' driver.
INFO - 2024-01-03 04:21:45 --> Session: Class initialized using 'CodeIgniter\Session\Handlers\FileHandler' driver.
INFO - 2024-01-03 04:21:47 --> Session: Class initialized using 'CodeIgniter\Session\Handlers\FileHandler' driver.
INFO - 2024-01-03 04:21:50 --> Session: Class initialized using 'CodeIgniter\Session\Handlers\FileHandler' driver.
INFO - 2024-01-03 04:21:50 --> Session: Class initialized using 'CodeIgniter\Session\Handlers\FileHandler' driver.
INFO - 2024-01-03 04:21:56 --> Session: Class initialized using 'CodeIgniter\Session\Handlers\FileHandler' driver.
INFO - 2024-01-03 04:21:57 --> Session: Class initialized using 'CodeIgniter\Session\Handlers\FileHandler' driver.
INFO - 2024-01-03 04:22:02 --> Session: Class initialized using 'CodeIgniter\Session\Handlers\FileHandler' driver.
INFO - 2024-01-03 04:27:07 --> Session: Class initialized using 'CodeIgniter\Session\Handlers\FileHandler' driver.
INFO - 2024-01-03 04:27:16 --> Session: Class initialized using 'CodeIgniter\Session\Handlers\FileHandler' driver.
INFO - 2024-01-03 04:28:20 --> Session: Class initialized using 'CodeIgniter\Session\Handlers\FileHandler' driver.
INFO - 2024-01-03 04:28:48 --> Session: Class initialized using 'CodeIgniter\Session\Handlers\FileHandler' driver.
INFO - 2024-01-03 04:29:32 --> Session: Class initialized using 'CodeIgniter\Session\Handlers\FileHandler' driver.
INFO - 2024-01-03 04:30:21 --> Session: Class initialized using 'CodeIgniter\Session\Handlers\FileHandler' driver.
INFO - 2024-01-03 04:30:35 --> Session: Class initialized using 'CodeIgniter\Session\Handlers\FileHandler' driver.
INFO - 2024-01-03 04:35:37 --> Session: Class initialized using 'CodeIgniter\Session\Handlers\FileHandler' driver.
INFO - 2024-01-03 04:35:41 --> Session: Class initialized using 'CodeIgniter\Session\Handlers\FileHandler' driver.
INFO - 2024-01-03 04:35:47 --> Session: Class initialized using 'CodeIgniter\Session\Handlers\FileHandler' driver.
INFO - 2024-01-03 04:35:47 --> Session: Class initialized using 'CodeIgniter\Session\Handlers\FileHandler' driver.
INFO - 2024-01-03 04:35:53 --> Session: Class initialized using 'CodeIgniter\Session\Handlers\FileHandler' driver.
INFO - 2024-01-03 04:35:53 --> Session: Class initialized using 'CodeIgniter\Session\Handlers\FileHandler' driver.
INFO - 2024-01-03 04:35:58 --> Session: Class initialized using 'CodeIgniter\Session\Handlers\FileHandler' driver.
INFO - 2024-01-03 04:35:59 --> Session: Class initialized using 'CodeIgniter\Session\Handlers\FileHandler' driver.
INFO - 2024-01-03 04:36:07 --> Session: Class initialized using 'CodeIgniter\Session\Handlers\FileHandler' driver.
INFO - 2024-01-03 04:36:07 --> Session: Class initialized using 'CodeIgniter\Session\Handlers\FileHandler' driver.
INFO - 2024-01-03 04:36:10 --> Session: Class initialized using 'CodeIgniter\Session\Handlers\FileHandler' driver.
INFO - 2024-01-03 04:36:10 --> Session: Class initialized using 'CodeIgniter\Session\Handlers\FileHandler' driver.
INFO - 2024-01-03 04:36:21 --> Session: Class initialized using 'CodeIgniter\Session\Handlers\FileHandler' driver.
INFO - 2024-01-03 04:36:21 --> Session: Class initialized using 'CodeIgniter\Session\Handlers\FileHandler' driver.
INFO - 2024-01-03 04:36:23 --> Session: Class initialized using 'CodeIgniter\Session\Handlers\FileHandler' driver.
INFO - 2024-01-03 04:36:25 --> Session: Class initialized using 'CodeIgniter\Session\Handlers\FileHandler' driver.
INFO - 2024-01-03 04:36:26 --> Session: Class initialized using 'CodeIgniter\Session\Handlers\FileHandler' driver.
INFO - 2024-01-03 04:36:27 --> Session: Class initialized using 'CodeIgniter\Session\Handlers\FileHandler' driver.
INFO - 2024-01-03 04:36:38 --> Session: Class initialized using 'CodeIgniter\Session\Handlers\FileHandler' driver.
INFO - 2024-01-03 04:36:38 --> Session: Class initialized using 'CodeIgniter\Session\Handlers\FileHandler' driver.
INFO - 2024-01-03 04:36:45 --> Session: Class initialized using 'CodeIgniter\Session\Handlers\FileHandler' driver.
INFO - 2024-01-03 04:36:45 --> Session: Class initialized using 'CodeIgniter\Session\Handlers\FileHandler' driver.
INFO - 2024-01-03 04:36:53 --> Session: Class initialized using 'CodeIgniter\Session\Handlers\FileHandler' driver.
INFO - 2024-01-03 04:36:53 --> Session: Class initialized using 'CodeIgniter\Session\Handlers\FileHandler' driver.
INFO - 2024-01-03 04:36:59 --> Session: Class initialized using 'CodeIgniter\Session\Handlers\FileHandler' driver.
INFO - 2024-01-03 04:37:01 --> Session: Class initialized using 'CodeIgniter\Session\Handlers\FileHandler' driver.
INFO - 2024-01-03 04:37:32 --> Session: Class initialized using 'CodeIgniter\Session\Handlers\FileHandler' driver.
INFO - 2024-01-03 04:37:32 --> Session: Class initialized using 'CodeIgniter\Session\Handlers\FileHandler' driver.
INFO - 2024-01-03 04:37:39 --> Session: Class initialized using 'CodeIgniter\Session\Handlers\FileHandler' driver.
INFO - 2024-01-03 04:37:39 --> Session: Class initialized using 'CodeIgniter\Session\Handlers\FileHandler' driver.
INFO - 2024-01-03 04:37:42 --> Session: Class initialized using 'CodeIgniter\Session\Handlers\FileHandler' driver.
INFO - 2024-01-03 04:39:20 --> Session: Class initialized using 'CodeIgniter\Session\Handlers\FileHandler' driver.
CRITICAL - 2024-01-03 04:39:20 --> Undefined variable $countBelumValKasubag
in APPPATH\Views\kasubag\dashboard.php on line 18.
 1 APPPATH\Views\kasubag\dashboard.php(18): CodeIgniter\Debug\Exceptions->errorHandler(2, 'Undefined variable $countBelumValKasubag', 'C:\\Users\\Shiroo Neko\\Pictures\\jokian\\mypkm\\mypkm\\app\\Views\\kasubag\\dashboard.php', 18)
 2 SYSTEMPATH\View\View.php(228): include('C:\\Users\\Shiroo Neko\\Pictures\\jokian\\mypkm\\mypkm\\app\\Views\\kasubag\\dashboard.php')
 3 SYSTEMPATH\View\View.php(231): CodeIgniter\View\View->CodeIgniter\View\{closure}()
 4 SYSTEMPATH\Common.php(1190): CodeIgniter\View\View->render('kasubag/dashboard', [], true)
 5 APPPATH\Controllers\kasubag\Dashboard.php(28): view('kasubag/dashboard', [...])
 6 SYSTEMPATH\CodeIgniter.php(942): App\Controllers\Kasubag\Dashboard->index()
 7 SYSTEMPATH\CodeIgniter.php(502): CodeIgniter\CodeIgniter->runController(Object(App\Controllers\Kasubag\Dashboard))
 8 SYSTEMPATH\CodeIgniter.php(361): CodeIgniter\CodeIgniter->handleRequest(null, Object(Config\Cache), false)
 9 FCPATH\index.php(79): CodeIgniter\CodeIgniter->run()
10 SYSTEMPATH\Commands\Server\rewrite.php(47): require_once('C:\\Users\\Shiroo Neko\\Pictures\\jokian\\mypkm\\mypkm\\public\\index.php')
INFO - 2024-01-03 04:39:39 --> Session: Class initialized using 'CodeIgniter\Session\Handlers\FileHandler' driver.
INFO - 2024-01-03 04:40:33 --> Session: Class initialized using 'CodeIgniter\Session\Handlers\FileHandler' driver.
INFO - 2024-01-03 04:41:04 --> Session: Class initialized using 'CodeIgniter\Session\Handlers\FileHandler' driver.
INFO - 2024-01-03 04:41:10 --> Session: Class initialized using 'CodeIgniter\Session\Handlers\FileHandler' driver.
INFO - 2024-01-03 04:41:12 --> Session: Class initialized using 'CodeIgniter\Session\Handlers\FileHandler' driver.
INFO - 2024-01-03 04:41:15 --> Session: Class initialized using 'CodeIgniter\Session\Handlers\FileHandler' driver.
INFO - 2024-01-03 04:41:15 --> Session: Class initialized using 'CodeIgniter\Session\Handlers\FileHandler' driver.
INFO - 2024-01-03 04:41:22 --> Session: Class initialized using 'CodeIgniter\Session\Handlers\FileHandler' driver.
INFO - 2024-01-03 04:41:22 --> Session: Class initialized using 'CodeIgniter\Session\Handlers\FileHandler' driver.
INFO - 2024-01-03 04:41:25 --> Session: Class initialized using 'CodeIgniter\Session\Handlers\FileHandler' driver.
INFO - 2024-01-03 04:41:31 --> Session: Class initialized using 'CodeIgniter\Session\Handlers\FileHandler' driver.
INFO - 2024-01-03 04:41:31 --> Session: Class initialized using 'CodeIgniter\Session\Handlers\FileHandler' driver.
INFO - 2024-01-03 04:41:39 --> Session: Class initialized using 'CodeIgniter\Session\Handlers\FileHandler' driver.
INFO - 2024-01-03 04:41:39 --> Session: Class initialized using 'CodeIgniter\Session\Handlers\FileHandler' driver.
INFO - 2024-01-03 04:41:45 --> Session: Class initialized using 'CodeIgniter\Session\Handlers\FileHandler' driver.
INFO - 2024-01-03 04:41:46 --> Session: Class initialized using 'CodeIgniter\Session\Handlers\FileHandler' driver.
INFO - 2024-01-03 04:41:49 --> Session: Class initialized using 'CodeIgniter\Session\Handlers\FileHandler' driver.
INFO - 2024-01-03 04:41:49 --> Session: Class initialized using 'CodeIgniter\Session\Handlers\FileHandler' driver.
INFO - 2024-01-03 04:41:52 --> Session: Class initialized using 'CodeIgniter\Session\Handlers\FileHandler' driver.
INFO - 2024-01-03 04:41:52 --> Session: Class initialized using 'CodeIgniter\Session\Handlers\FileHandler' driver.
INFO - 2024-01-03 04:41:57 --> Session: Class initialized using 'CodeIgniter\Session\Handlers\FileHandler' driver.
INFO - 2024-01-03 04:42:00 --> Session: Class initialized using 'CodeIgniter\Session\Handlers\FileHandler' driver.
INFO - 2024-01-03 04:42:00 --> Session: Class initialized using 'CodeIgniter\Session\Handlers\FileHandler' driver.
INFO - 2024-01-03 04:42:05 --> Session: Class initialized using 'CodeIgniter\Session\Handlers\FileHandler' driver.
INFO - 2024-01-03 04:42:05 --> Session: Class initialized using 'CodeIgniter\Session\Handlers\FileHandler' driver.
INFO - 2024-01-03 04:42:09 --> Session: Class initialized using 'CodeIgniter\Session\Handlers\FileHandler' driver.
INFO - 2024-01-03 05:00:18 --> Session: Class initialized using 'CodeIgniter\Session\Handlers\FileHandler' driver.
INFO - 2024-01-03 05:05:41 --> Session: Class initialized using 'CodeIgniter\Session\Handlers\FileHandler' driver.
INFO - 2024-01-03 05:05:41 --> Session: Class initialized using 'CodeIgniter\Session\Handlers\FileHandler' driver.
INFO - 2024-01-03 05:05:46 --> Session: Class initialized using 'CodeIgniter\Session\Handlers\FileHandler' driver.
INFO - 2024-01-03 05:05:54 --> Session: Class initialized using 'CodeIgniter\Session\Handlers\FileHandler' driver.
INFO - 2024-01-03 05:05:55 --> Session: Class initialized using 'CodeIgniter\Session\Handlers\FileHandler' driver.
