CRITICAL - 2023-11-05 11:49:21 --> Invalid file: "layoutadmin/layoutfooter.php"
in SYSTEMPATH\Exceptions\FrameworkException.php on line 39.
 1 SYSTEMPATH\View\View.php(214): CodeIgniter\Exceptions\FrameworkException::forInvalidFile('layoutadmin/layoutfooter.php')
 2 SYSTEMPATH\Common.php(1188): CodeIgniter\View\View->render('layoutadmin/layoutfooter', [], true)
 3 APPPATH\Controllers\Home.php(17): view('layoutadmin/layoutfooter')
 4 SYSTEMPATH\CodeIgniter.php(919): App\Controllers\Home->index()
 5 SYSTEMPATH\CodeIgniter.php(494): CodeIgniter\CodeIgniter->runController(Object(App\Controllers\Home))
 6 SYSTEMPATH\CodeIgniter.php(353): CodeIgniter\CodeIgniter->handleRequest(null, Object(Config\Cache), false)
 7 FCPATH\index.php(79): CodeIgniter\CodeIgniter->run()
 8 SYSTEMPATH\Commands\Server\rewrite.php(47): require_once('C:\\Users\\Eti_n\\Documents\\GitHub\\Aplikasi-MyPkm\\Mypkm\\public\\index.php')
CRITICAL - 2023-11-05 13:57:58 --> Class "App\Models\Mahasiswa_M" not found
in APPPATH\Controllers\Mahasiswa.php on line 11.
 1 SYSTEMPATH\CodeIgniter.php(919): App\Controllers\Mahasiswa->index()
 2 SYSTEMPATH\CodeIgniter.php(494): CodeIgniter\CodeIgniter->runController(Object(App\Controllers\Mahasiswa))
 3 SYSTEMPATH\CodeIgniter.php(353): CodeIgniter\CodeIgniter->handleRequest(null, Object(Config\Cache), false)
 4 FCPATH\index.php(79): CodeIgniter\CodeIgniter->run()
 5 SYSTEMPATH\Commands\Server\rewrite.php(47): require_once('C:\\Users\\Eti_n\\Documents\\GitHub\\Aplikasi-MyPkm\\Mypkm\\public\\index.php')
CRITICAL - 2023-11-05 13:58:34 --> Class "App\Models\Mahasiswa_M" not found
in APPPATH\Controllers\Mahasiswa.php on line 11.
 1 SYSTEMPATH\CodeIgniter.php(919): App\Controllers\Mahasiswa->index()
 2 SYSTEMPATH\CodeIgniter.php(494): CodeIgniter\CodeIgniter->runController(Object(App\Controllers\Mahasiswa))
 3 SYSTEMPATH\CodeIgniter.php(353): CodeIgniter\CodeIgniter->handleRequest(null, Object(Config\Cache), false)
 4 FCPATH\index.php(79): CodeIgniter\CodeIgniter->run()
 5 SYSTEMPATH\Commands\Server\rewrite.php(47): require_once('C:\\Users\\Eti_n\\Documents\\GitHub\\Aplikasi-MyPkm\\Mypkm\\public\\index.php')
CRITICAL - 2023-11-05 14:01:50 --> Class "App\Models\M_Mahasiswa" not found
in APPPATH\Controllers\Mahasiswa.php on line 11.
 1 SYSTEMPATH\CodeIgniter.php(919): App\Controllers\Mahasiswa->index()
 2 SYSTEMPATH\CodeIgniter.php(494): CodeIgniter\CodeIgniter->runController(Object(App\Controllers\Mahasiswa))
 3 SYSTEMPATH\CodeIgniter.php(353): CodeIgniter\CodeIgniter->handleRequest(null, Object(Config\Cache), false)
 4 FCPATH\index.php(79): CodeIgniter\CodeIgniter->run()
 5 SYSTEMPATH\Commands\Server\rewrite.php(47): require_once('C:\\Users\\Eti_n\\Documents\\GitHub\\Aplikasi-MyPkm\\Mypkm\\public\\index.php')
CRITICAL - 2023-11-05 14:02:27 --> Class "App\Models\M_Mahasiswa" not found
in APPPATH\Controllers\Mahasiswa.php on line 11.
 1 SYSTEMPATH\CodeIgniter.php(919): App\Controllers\Mahasiswa->index()
 2 SYSTEMPATH\CodeIgniter.php(494): CodeIgniter\CodeIgniter->runController(Object(App\Controllers\Mahasiswa))
 3 SYSTEMPATH\CodeIgniter.php(353): CodeIgniter\CodeIgniter->handleRequest(null, Object(Config\Cache), false)
 4 FCPATH\index.php(79): CodeIgniter\CodeIgniter->run()
 5 SYSTEMPATH\Commands\Server\rewrite.php(47): require_once('C:\\Users\\Eti_n\\Documents\\GitHub\\Aplikasi-MyPkm\\Mypkm\\public\\index.php')
CRITICAL - 2023-11-05 14:07:11 --> Class "App\Models\M_Mahasiswa" not found
in APPPATH\Controllers\Mahasiswa.php on line 11.
 1 SYSTEMPATH\CodeIgniter.php(919): App\Controllers\Mahasiswa->index()
 2 SYSTEMPATH\CodeIgniter.php(494): CodeIgniter\CodeIgniter->runController(Object(App\Controllers\Mahasiswa))
 3 SYSTEMPATH\CodeIgniter.php(353): CodeIgniter\CodeIgniter->handleRequest(null, Object(Config\Cache), false)
 4 FCPATH\index.php(79): CodeIgniter\CodeIgniter->run()
 5 SYSTEMPATH\Commands\Server\rewrite.php(47): require_once('C:\\Users\\Eti_n\\Documents\\GitHub\\Aplikasi-MyPkm\\Mypkm\\public\\index.php')
CRITICAL - 2023-11-05 14:08:00 --> Class "App\Models\M_Mahasiswa" not found
in APPPATH\Controllers\Mahasiswa.php on line 11.
 1 SYSTEMPATH\CodeIgniter.php(919): App\Controllers\Mahasiswa->index()
 2 SYSTEMPATH\CodeIgniter.php(494): CodeIgniter\CodeIgniter->runController(Object(App\Controllers\Mahasiswa))
 3 SYSTEMPATH\CodeIgniter.php(353): CodeIgniter\CodeIgniter->handleRequest(null, Object(Config\Cache), false)
 4 FCPATH\index.php(79): CodeIgniter\CodeIgniter->run()
 5 SYSTEMPATH\Commands\Server\rewrite.php(47): require_once('C:\\Users\\Eti_n\\Documents\\GitHub\\Aplikasi-MyPkm\\Mypkm\\public\\index.php')
CRITICAL - 2023-11-05 14:08:03 --> Class "App\Models\M_Mahasiswa" not found
in APPPATH\Controllers\Mahasiswa.php on line 11.
 1 SYSTEMPATH\CodeIgniter.php(919): App\Controllers\Mahasiswa->index()
 2 SYSTEMPATH\CodeIgniter.php(494): CodeIgniter\CodeIgniter->runController(Object(App\Controllers\Mahasiswa))
 3 SYSTEMPATH\CodeIgniter.php(353): CodeIgniter\CodeIgniter->handleRequest(null, Object(Config\Cache), false)
 4 FCPATH\index.php(79): CodeIgniter\CodeIgniter->run()
 5 SYSTEMPATH\Commands\Server\rewrite.php(47): require_once('C:\\Users\\Eti_n\\Documents\\GitHub\\Aplikasi-MyPkm\\Mypkm\\public\\index.php')
CRITICAL - 2023-11-05 14:13:38 --> Class "App\Models\M_Mahasiswa" not found
in APPPATH\Controllers\Mahasiswa.php on line 11.
 1 SYSTEMPATH\CodeIgniter.php(919): App\Controllers\Mahasiswa->index()
 2 SYSTEMPATH\CodeIgniter.php(494): CodeIgniter\CodeIgniter->runController(Object(App\Controllers\Mahasiswa))
 3 SYSTEMPATH\CodeIgniter.php(353): CodeIgniter\CodeIgniter->handleRequest(null, Object(Config\Cache), false)
 4 FCPATH\index.php(79): CodeIgniter\CodeIgniter->run()
 5 SYSTEMPATH\Commands\Server\rewrite.php(47): require_once('C:\\Users\\Eti_n\\Documents\\GitHub\\Aplikasi-MyPkm\\Mypkm\\public\\index.php')
CRITICAL - 2023-11-05 14:15:53 --> Class "App\Models\M_Mahasiswa" not found
in APPPATH\Controllers\Mahasiswa.php on line 11.
 1 SYSTEMPATH\CodeIgniter.php(919): App\Controllers\Mahasiswa->index()
 2 SYSTEMPATH\CodeIgniter.php(494): CodeIgniter\CodeIgniter->runController(Object(App\Controllers\Mahasiswa))
 3 SYSTEMPATH\CodeIgniter.php(353): CodeIgniter\CodeIgniter->handleRequest(null, Object(Config\Cache), false)
 4 FCPATH\index.php(79): CodeIgniter\CodeIgniter->run()
 5 SYSTEMPATH\Commands\Server\rewrite.php(47): require_once('C:\\Users\\Eti_n\\Documents\\GitHub\\Aplikasi-MyPkm\\Mypkm\\public\\index.php')
CRITICAL - 2023-11-05 14:15:55 --> Class "App\Models\M_Mahasiswa" not found
in APPPATH\Controllers\Mahasiswa.php on line 11.
 1 SYSTEMPATH\CodeIgniter.php(919): App\Controllers\Mahasiswa->index()
 2 SYSTEMPATH\CodeIgniter.php(494): CodeIgniter\CodeIgniter->runController(Object(App\Controllers\Mahasiswa))
 3 SYSTEMPATH\CodeIgniter.php(353): CodeIgniter\CodeIgniter->handleRequest(null, Object(Config\Cache), false)
 4 FCPATH\index.php(79): CodeIgniter\CodeIgniter->run()
 5 SYSTEMPATH\Commands\Server\rewrite.php(47): require_once('C:\\Users\\Eti_n\\Documents\\GitHub\\Aplikasi-MyPkm\\Mypkm\\public\\index.php')
CRITICAL - 2023-11-05 14:16:05 --> Class "App\Models\M_Mahasiswa" not found
in APPPATH\Controllers\Mahasiswa.php on line 11.
 1 SYSTEMPATH\CodeIgniter.php(919): App\Controllers\Mahasiswa->index()
 2 SYSTEMPATH\CodeIgniter.php(494): CodeIgniter\CodeIgniter->runController(Object(App\Controllers\Mahasiswa))
 3 SYSTEMPATH\CodeIgniter.php(353): CodeIgniter\CodeIgniter->handleRequest(null, Object(Config\Cache), false)
 4 FCPATH\index.php(79): CodeIgniter\CodeIgniter->run()
 5 SYSTEMPATH\Commands\Server\rewrite.php(47): require_once('C:\\Users\\Eti_n\\Documents\\GitHub\\Aplikasi-MyPkm\\Mypkm\\public\\index.php')
CRITICAL - 2023-11-05 14:18:06 --> Class "App\Models\M_Mahasiswa" not found
in APPPATH\Controllers\Mahasiswa.php on line 11.
 1 SYSTEMPATH\CodeIgniter.php(919): App\Controllers\Mahasiswa->index()
 2 SYSTEMPATH\CodeIgniter.php(494): CodeIgniter\CodeIgniter->runController(Object(App\Controllers\Mahasiswa))
 3 SYSTEMPATH\CodeIgniter.php(353): CodeIgniter\CodeIgniter->handleRequest(null, Object(Config\Cache), false)
 4 FCPATH\index.php(79): CodeIgniter\CodeIgniter->run()
 5 SYSTEMPATH\Commands\Server\rewrite.php(47): require_once('C:\\Users\\Eti_n\\Documents\\GitHub\\Aplikasi-MyPkm\\Mypkm\\public\\index.php')
CRITICAL - 2023-11-05 14:19:47 --> Class "App\Models\Model" not found
in APPPATH\Models\M_Mahasiswa.php on line 7.
 1 SYSTEMPATH\Autoloader\Autoloader.php(306): include_once()
 2 SYSTEMPATH\Autoloader\Autoloader.php(285): CodeIgniter\Autoloader\Autoloader->includeFile('C:\\Users\\Eti_n\\Documents\\GitHub\\Aplikasi-MyPkm\\Mypkm\\app\\Models\\M_Mahasiswa.php')
 3 SYSTEMPATH\Autoloader\Autoloader.php(263): CodeIgniter\Autoloader\Autoloader->loadInNamespace('App\\Models\\M_Mahasiswa')
 4 APPPATH\Controllers\Mahasiswa.php(11): CodeIgniter\Autoloader\Autoloader->loadClass('App\\Models\\M_Mahasiswa')
 5 SYSTEMPATH\CodeIgniter.php(919): App\Controllers\Mahasiswa->index()
 6 SYSTEMPATH\CodeIgniter.php(494): CodeIgniter\CodeIgniter->runController(Object(App\Controllers\Mahasiswa))
 7 SYSTEMPATH\CodeIgniter.php(353): CodeIgniter\CodeIgniter->handleRequest(null, Object(Config\Cache), false)
 8 FCPATH\index.php(79): CodeIgniter\CodeIgniter->run()
 9 SYSTEMPATH\Commands\Server\rewrite.php(47): require_once('C:\\Users\\Eti_n\\Documents\\GitHub\\Aplikasi-MyPkm\\Mypkm\\public\\index.php')
CRITICAL - 2023-11-05 14:21:22 --> Class "App\Models\M_Mahasiswa" not found
in APPPATH\Controllers\Mahasiswa.php on line 11.
 1 SYSTEMPATH\CodeIgniter.php(919): App\Controllers\Mahasiswa->index()
 2 SYSTEMPATH\CodeIgniter.php(494): CodeIgniter\CodeIgniter->runController(Object(App\Controllers\Mahasiswa))
 3 SYSTEMPATH\CodeIgniter.php(353): CodeIgniter\CodeIgniter->handleRequest(null, Object(Config\Cache), false)
 4 FCPATH\index.php(79): CodeIgniter\CodeIgniter->run()
 5 SYSTEMPATH\Commands\Server\rewrite.php(47): require_once('C:\\Users\\Eti_n\\Documents\\GitHub\\Aplikasi-MyPkm\\Mypkm\\public\\index.php')
CRITICAL - 2023-11-05 14:21:56 --> Undefined variable $model
in APPPATH\Controllers\Mahasiswa.php on line 14.
 1 APPPATH\Controllers\Mahasiswa.php(14): CodeIgniter\Debug\Exceptions->errorHandler(2, 'Undefined variable $model', 'C:\\Users\\Eti_n\\Documents\\GitHub\\Aplikasi-MyPkm\\Mypkm\\app\\Controllers\\Mahasiswa.php', 14)
 2 SYSTEMPATH\CodeIgniter.php(919): App\Controllers\Mahasiswa->index()
 3 SYSTEMPATH\CodeIgniter.php(494): CodeIgniter\CodeIgniter->runController(Object(App\Controllers\Mahasiswa))
 4 SYSTEMPATH\CodeIgniter.php(353): CodeIgniter\CodeIgniter->handleRequest(null, Object(Config\Cache), false)
 5 FCPATH\index.php(79): CodeIgniter\CodeIgniter->run()
 6 SYSTEMPATH\Commands\Server\rewrite.php(47): require_once('C:\\Users\\Eti_n\\Documents\\GitHub\\Aplikasi-MyPkm\\Mypkm\\public\\index.php')
CRITICAL - 2023-11-05 14:46:10 --> Class "App\Models\M_Mahasiswa" not found
in APPPATH\Controllers\Mahasiswa.php on line 11.
 1 SYSTEMPATH\CodeIgniter.php(919): App\Controllers\Mahasiswa->index()
 2 SYSTEMPATH\CodeIgniter.php(494): CodeIgniter\CodeIgniter->runController(Object(App\Controllers\Mahasiswa))
 3 SYSTEMPATH\CodeIgniter.php(353): CodeIgniter\CodeIgniter->handleRequest(null, Object(Config\Cache), false)
 4 FCPATH\index.php(79): CodeIgniter\CodeIgniter->run()
 5 SYSTEMPATH\Commands\Server\rewrite.php(47): require_once('C:\\Users\\Eti_n\\Documents\\GitHub\\Aplikasi-MyPkm\\Mypkm\\public\\index.php')
CRITICAL - 2023-11-05 14:48:07 --> Call to a member function getResultArray() on array
in APPPATH\Views\mahasiswa\index.php on line 17.
 1 SYSTEMPATH\View\View.php(226): include()
 2 SYSTEMPATH\View\View.php(229): CodeIgniter\View\View->CodeIgniter\View\{closure}()
 3 SYSTEMPATH\Common.php(1188): CodeIgniter\View\View->render('mahasiswa/index', [], true)
 4 APPPATH\Controllers\Mahasiswa.php(21): view('mahasiswa/index', [...])
 5 SYSTEMPATH\CodeIgniter.php(919): App\Controllers\Mahasiswa->index()
 6 SYSTEMPATH\CodeIgniter.php(494): CodeIgniter\CodeIgniter->runController(Object(App\Controllers\Mahasiswa))
 7 SYSTEMPATH\CodeIgniter.php(353): CodeIgniter\CodeIgniter->handleRequest(null, Object(Config\Cache), false)
 8 FCPATH\index.php(79): CodeIgniter\CodeIgniter->run()
 9 SYSTEMPATH\Commands\Server\rewrite.php(47): require_once('C:\\Users\\Eti_n\\Documents\\GitHub\\Aplikasi-MyPkm\\Mypkm\\public\\index.php')
CRITICAL - 2023-11-05 14:50:40 --> Cannot use object of type stdClass as array
in APPPATH\Views\mahasiswa\index.php on line 20.
 1 SYSTEMPATH\View\View.php(226): include()
 2 SYSTEMPATH\View\View.php(229): CodeIgniter\View\View->CodeIgniter\View\{closure}()
 3 SYSTEMPATH\Common.php(1188): CodeIgniter\View\View->render('mahasiswa/index', [], true)
 4 APPPATH\Controllers\Mahasiswa.php(21): view('mahasiswa/index', [...])
 5 SYSTEMPATH\CodeIgniter.php(919): App\Controllers\Mahasiswa->index()
 6 SYSTEMPATH\CodeIgniter.php(494): CodeIgniter\CodeIgniter->runController(Object(App\Controllers\Mahasiswa))
 7 SYSTEMPATH\CodeIgniter.php(353): CodeIgniter\CodeIgniter->handleRequest(null, Object(Config\Cache), false)
 8 FCPATH\index.php(79): CodeIgniter\CodeIgniter->run()
 9 SYSTEMPATH\Commands\Server\rewrite.php(47): require_once('C:\\Users\\Eti_n\\Documents\\GitHub\\Aplikasi-MyPkm\\Mypkm\\public\\index.php')
CRITICAL - 2023-11-05 14:51:22 --> Cannot use object of type stdClass as array
in APPPATH\Views\mahasiswa\index.php on line 20.
 1 SYSTEMPATH\View\View.php(226): include()
 2 SYSTEMPATH\View\View.php(229): CodeIgniter\View\View->CodeIgniter\View\{closure}()
 3 SYSTEMPATH\Common.php(1188): CodeIgniter\View\View->render('mahasiswa/index', [], true)
 4 APPPATH\Controllers\Mahasiswa.php(21): view('mahasiswa/index', [...])
 5 SYSTEMPATH\CodeIgniter.php(919): App\Controllers\Mahasiswa->index()
 6 SYSTEMPATH\CodeIgniter.php(494): CodeIgniter\CodeIgniter->runController(Object(App\Controllers\Mahasiswa))
 7 SYSTEMPATH\CodeIgniter.php(353): CodeIgniter\CodeIgniter->handleRequest(null, Object(Config\Cache), false)
 8 FCPATH\index.php(79): CodeIgniter\CodeIgniter->run()
 9 SYSTEMPATH\Commands\Server\rewrite.php(47): require_once('C:\\Users\\Eti_n\\Documents\\GitHub\\Aplikasi-MyPkm\\Mypkm\\public\\index.php')
CRITICAL - 2023-11-05 14:51:25 --> Cannot use object of type stdClass as array
in APPPATH\Views\mahasiswa\index.php on line 20.
 1 SYSTEMPATH\View\View.php(226): include()
 2 SYSTEMPATH\View\View.php(229): CodeIgniter\View\View->CodeIgniter\View\{closure}()
 3 SYSTEMPATH\Common.php(1188): CodeIgniter\View\View->render('mahasiswa/index', [], true)
 4 APPPATH\Controllers\Mahasiswa.php(21): view('mahasiswa/index', [...])
 5 SYSTEMPATH\CodeIgniter.php(919): App\Controllers\Mahasiswa->index()
 6 SYSTEMPATH\CodeIgniter.php(494): CodeIgniter\CodeIgniter->runController(Object(App\Controllers\Mahasiswa))
 7 SYSTEMPATH\CodeIgniter.php(353): CodeIgniter\CodeIgniter->handleRequest(null, Object(Config\Cache), false)
 8 FCPATH\index.php(79): CodeIgniter\CodeIgniter->run()
 9 SYSTEMPATH\Commands\Server\rewrite.php(47): require_once('C:\\Users\\Eti_n\\Documents\\GitHub\\Aplikasi-MyPkm\\Mypkm\\public\\index.php')
