INFO - 2023-12-31 02:33:06 --> Session: Class initialized using 'CodeIgniter\Session\Handlers\FileHandler' driver.
INFO - 2023-12-31 02:33:06 --> Session: Class initialized using 'CodeIgniter\Session\Handlers\FileHandler' driver.
INFO - 2023-12-31 02:33:19 --> Session: Class initialized using 'CodeIgniter\Session\Handlers\FileHandler' driver.
INFO - 2023-12-31 02:33:24 --> Session: Class initialized using 'CodeIgniter\Session\Handlers\FileHandler' driver.
INFO - 2023-12-31 02:33:24 --> Session: Class initialized using 'CodeIgniter\Session\Handlers\FileHandler' driver.
INFO - 2023-12-31 02:34:00 --> Session: Class initialized using 'CodeIgniter\Session\Handlers\FileHandler' driver.
INFO - 2023-12-31 02:34:05 --> Session: Class initialized using 'CodeIgniter\Session\Handlers\FileHandler' driver.
INFO - 2023-12-31 02:34:05 --> Session: Class initialized using 'CodeIgniter\Session\Handlers\FileHandler' driver.
INFO - 2023-12-31 02:34:17 --> Session: Class initialized using 'CodeIgniter\Session\Handlers\FileHandler' driver.
CRITICAL - 2023-12-31 02:34:17 --> Trying to access array offset on value of type null
in APPPATH\Views\admin\dashboard.php on line 10.
 1 APPPATH\Views\admin\dashboard.php(10): CodeIgniter\Debug\Exceptions->errorHandler(2, 'Trying to access array offset on value of type null', 'C:\\Users\\Shiroo Neko\\Pictures\\mypkm\\app\\Views\\admin\\dashboard.php', 10)
 2 SYSTEMPATH\View\View.php(228): include('C:\\Users\\Shiroo Neko\\Pictures\\mypkm\\app\\Views\\admin\\dashboard.php')
 3 SYSTEMPATH\View\View.php(231): CodeIgniter\View\View->CodeIgniter\View\{closure}()
 4 SYSTEMPATH\Common.php(1190): CodeIgniter\View\View->render('admin/dashboard', [], true)
 5 APPPATH\Controllers\admin\Dashboard.php(14): view('admin/dashboard', [...])
 6 SYSTEMPATH\CodeIgniter.php(942): App\Controllers\Admin\Dashboard->index()
 7 SYSTEMPATH\CodeIgniter.php(502): CodeIgniter\CodeIgniter->runController(Object(App\Controllers\Admin\Dashboard))
 8 SYSTEMPATH\CodeIgniter.php(361): CodeIgniter\CodeIgniter->handleRequest(null, Object(Config\Cache), false)
 9 FCPATH\index.php(79): CodeIgniter\CodeIgniter->run()
10 SYSTEMPATH\Commands\Server\rewrite.php(47): require_once('C:\\Users\\Shiroo Neko\\Pictures\\mypkm\\public\\index.php')
INFO - 2023-12-31 02:34:27 --> Session: Class initialized using 'CodeIgniter\Session\Handlers\FileHandler' driver.
INFO - 2023-12-31 02:35:11 --> Session: Class initialized using 'CodeIgniter\Session\Handlers\FileHandler' driver.
INFO - 2023-12-31 02:35:19 --> Session: Class initialized using 'CodeIgniter\Session\Handlers\FileHandler' driver.
CRITICAL - 2023-12-31 02:35:19 --> Trying to access array offset on value of type null
in APPPATH\Views\admin\dashboard.php on line 10.
 1 APPPATH\Views\admin\dashboard.php(10): CodeIgniter\Debug\Exceptions->errorHandler(2, 'Trying to access array offset on value of type null', 'C:\\Users\\Shiroo Neko\\Pictures\\mypkm\\app\\Views\\admin\\dashboard.php', 10)
 2 SYSTEMPATH\View\View.php(228): include('C:\\Users\\Shiroo Neko\\Pictures\\mypkm\\app\\Views\\admin\\dashboard.php')
 3 SYSTEMPATH\View\View.php(231): CodeIgniter\View\View->CodeIgniter\View\{closure}()
 4 SYSTEMPATH\Common.php(1190): CodeIgniter\View\View->render('admin/dashboard', [], true)
 5 APPPATH\Controllers\admin\Dashboard.php(14): view('admin/dashboard', [...])
 6 SYSTEMPATH\CodeIgniter.php(942): App\Controllers\Admin\Dashboard->index()
 7 SYSTEMPATH\CodeIgniter.php(502): CodeIgniter\CodeIgniter->runController(Object(App\Controllers\Admin\Dashboard))
 8 SYSTEMPATH\CodeIgniter.php(361): CodeIgniter\CodeIgniter->handleRequest(null, Object(Config\Cache), false)
 9 FCPATH\index.php(79): CodeIgniter\CodeIgniter->run()
10 SYSTEMPATH\Commands\Server\rewrite.php(47): require_once('C:\\Users\\Shiroo Neko\\Pictures\\mypkm\\public\\index.php')
INFO - 2023-12-31 02:35:24 --> Session: Class initialized using 'CodeIgniter\Session\Handlers\FileHandler' driver.
INFO - 2023-12-31 02:35:30 --> Session: Class initialized using 'CodeIgniter\Session\Handlers\FileHandler' driver.
INFO - 2023-12-31 02:35:30 --> Session: Class initialized using 'CodeIgniter\Session\Handlers\FileHandler' driver.
INFO - 2023-12-31 02:35:35 --> Session: Class initialized using 'CodeIgniter\Session\Handlers\FileHandler' driver.
INFO - 2023-12-31 02:35:35 --> Session: Class initialized using 'CodeIgniter\Session\Handlers\FileHandler' driver.
INFO - 2023-12-31 02:35:54 --> Session: Class initialized using 'CodeIgniter\Session\Handlers\FileHandler' driver.
INFO - 2023-12-31 02:35:58 --> Session: Class initialized using 'CodeIgniter\Session\Handlers\FileHandler' driver.
INFO - 2023-12-31 02:36:00 --> Session: Class initialized using 'CodeIgniter\Session\Handlers\FileHandler' driver.
INFO - 2023-12-31 02:36:07 --> Session: Class initialized using 'CodeIgniter\Session\Handlers\FileHandler' driver.
CRITICAL - 2023-12-31 02:56:40 --> Too few arguments to function App\Controllers\Admin\Usulan::handleFileUpload(), 1 passed in C:\Users\Shiroo Neko\Pictures\mypkm\app\Controllers\admin\Usulan.php on line 57 and exactly 3 expected
in APPPATH\Controllers\admin\Usulan.php on line 76.
 1 APPPATH\Controllers\admin\Usulan.php(57): App\Controllers\Admin\Usulan->handleFileUpload('proposal')
 2 SYSTEMPATH\CodeIgniter.php(942): App\Controllers\Admin\Usulan->addProses()
 3 SYSTEMPATH\CodeIgniter.php(502): CodeIgniter\CodeIgniter->runController(Object(App\Controllers\Admin\Usulan))
 4 SYSTEMPATH\CodeIgniter.php(361): CodeIgniter\CodeIgniter->handleRequest(null, Object(Config\Cache), false)
 5 FCPATH\index.php(79): CodeIgniter\CodeIgniter->run()
 6 SYSTEMPATH\Commands\Server\rewrite.php(47): require_once('C:\\Users\\Shiroo Neko\\Pictures\\mypkm\\public\\index.php')
ERROR - 2023-12-31 02:59:18 --> mysqli_sql_exception: Column 'skema' cannot be null in C:\Users\Shiroo Neko\Pictures\mypkm\vendor\codeigniter4\framework\system\Database\MySQLi\Connection.php:306
Stack trace:
#0 C:\Users\Shiroo Neko\Pictures\mypkm\vendor\codeigniter4\framework\system\Database\MySQLi\Connection.php(306): mysqli->query('INSERT INTO `tb...', 0)
#1 C:\Users\Shiroo Neko\Pictures\mypkm\vendor\codeigniter4\framework\system\Database\BaseConnection.php(693): CodeIgniter\Database\MySQLi\Connection->execute('INSERT INTO `tb...')
#2 C:\Users\Shiroo Neko\Pictures\mypkm\vendor\codeigniter4\framework\system\Database\BaseConnection.php(607): CodeIgniter\Database\BaseConnection->simpleQuery('INSERT INTO `tb...')
#3 C:\Users\Shiroo Neko\Pictures\mypkm\vendor\codeigniter4\framework\system\Database\BaseBuilder.php(2308): CodeIgniter\Database\BaseConnection->query('INSERT INTO `tb...', Array, false)
#4 C:\Users\Shiroo Neko\Pictures\mypkm\vendor\codeigniter4\framework\system\Model.php(319): CodeIgniter\Database\BaseBuilder->insert()
#5 C:\Users\Shiroo Neko\Pictures\mypkm\vendor\codeigniter4\framework\system\BaseModel.php(788): CodeIgniter\Model->doInsert(Array)
#6 C:\Users\Shiroo Neko\Pictures\mypkm\vendor\codeigniter4\framework\system\Model.php(715): CodeIgniter\BaseModel->insert(Array, true)
#7 C:\Users\Shiroo Neko\Pictures\mypkm\app\Controllers\admin\Usulan.php(63): CodeIgniter\Model->insert(Array)
#8 C:\Users\Shiroo Neko\Pictures\mypkm\vendor\codeigniter4\framework\system\CodeIgniter.php(942): App\Controllers\Admin\Usulan->addProses()
#9 C:\Users\Shiroo Neko\Pictures\mypkm\vendor\codeigniter4\framework\system\CodeIgniter.php(502): CodeIgniter\CodeIgniter->runController(Object(App\Controllers\Admin\Usulan))
#10 C:\Users\Shiroo Neko\Pictures\mypkm\vendor\codeigniter4\framework\system\CodeIgniter.php(361): CodeIgniter\CodeIgniter->handleRequest(NULL, Object(Config\Cache), false)
#11 C:\Users\Shiroo Neko\Pictures\mypkm\public\index.php(79): CodeIgniter\CodeIgniter->run()
#12 C:\Users\Shiroo Neko\Pictures\mypkm\vendor\codeigniter4\framework\system\Commands\Server\rewrite.php(47): require_once('C:\\Users\\Shiroo...')
#13 {main}
CRITICAL - 2023-12-31 02:59:18 --> Column 'skema' cannot be null
in SYSTEMPATH\Database\BaseConnection.php on line 647.
 1 SYSTEMPATH\Database\BaseBuilder.php(2308): CodeIgniter\Database\BaseConnection->query('INSERT INTO `tb_usulan` (`skema`, `judul`, `tahun_ajaran`, `id_mahasiswa`, `val_kabag`, `val_kasubag`, `val_wadir`, `id_belmawa`, `proposal`, `laporan`) VALUES (:skema:, :judul:, :tahun_ajaran:, :id_mahasiswa:, :val_kabag:, :val_kasubag:, :val_wadir:, :id_belmawa:, :proposal:, :laporan:)', [...], false)
 2 SYSTEMPATH\Model.php(319): CodeIgniter\Database\BaseBuilder->insert()
 3 SYSTEMPATH\BaseModel.php(788): CodeIgniter\Model->doInsert([...])
 4 SYSTEMPATH\Model.php(715): CodeIgniter\BaseModel->insert([...], true)
 5 APPPATH\Controllers\admin\Usulan.php(63): CodeIgniter\Model->insert([...])
 6 SYSTEMPATH\CodeIgniter.php(942): App\Controllers\Admin\Usulan->addProses()
 7 SYSTEMPATH\CodeIgniter.php(502): CodeIgniter\CodeIgniter->runController(Object(App\Controllers\Admin\Usulan))
 8 SYSTEMPATH\CodeIgniter.php(361): CodeIgniter\CodeIgniter->handleRequest(null, Object(Config\Cache), false)
 9 FCPATH\index.php(79): CodeIgniter\CodeIgniter->run()
10 SYSTEMPATH\Commands\Server\rewrite.php(47): require_once('C:\\Users\\Shiroo Neko\\Pictures\\mypkm\\public\\index.php')
CRITICAL - 2023-12-31 03:01:20 --> Undefined array key "skema"
in APPPATH\Views\admin\usulanDetail.php on line 86.
 1 APPPATH\Views\admin\usulanDetail.php(86): CodeIgniter\Debug\Exceptions->errorHandler(2, 'Undefined array key "skema"', 'C:\\Users\\Shiroo Neko\\Pictures\\mypkm\\app\\Views\\admin\\usulanDetail.php', 86)
 2 SYSTEMPATH\View\View.php(228): include('C:\\Users\\Shiroo Neko\\Pictures\\mypkm\\app\\Views\\admin\\usulanDetail.php')
 3 SYSTEMPATH\View\View.php(231): CodeIgniter\View\View->CodeIgniter\View\{closure}()
 4 SYSTEMPATH\Common.php(1190): CodeIgniter\View\View->render('admin/usulanDetail', [], true)
 5 APPPATH\Controllers\admin\Usulan.php(148): view('admin/usulanDetail', [...])
 6 SYSTEMPATH\CodeIgniter.php(942): App\Controllers\Admin\Usulan->detail('11')
 7 SYSTEMPATH\CodeIgniter.php(502): CodeIgniter\CodeIgniter->runController(Object(App\Controllers\Admin\Usulan))
 8 SYSTEMPATH\CodeIgniter.php(361): CodeIgniter\CodeIgniter->handleRequest(null, Object(Config\Cache), false)
 9 FCPATH\index.php(79): CodeIgniter\CodeIgniter->run()
10 SYSTEMPATH\Commands\Server\rewrite.php(47): require_once('C:\\Users\\Shiroo Neko\\Pictures\\mypkm\\public\\index.php')
INFO - 2023-12-31 03:07:35 --> Session: Class initialized using 'CodeIgniter\Session\Handlers\FileHandler' driver.
INFO - 2023-12-31 03:07:36 --> Session: Class initialized using 'CodeIgniter\Session\Handlers\FileHandler' driver.
INFO - 2023-12-31 03:07:52 --> Session: Class initialized using 'CodeIgniter\Session\Handlers\FileHandler' driver.
INFO - 2023-12-31 03:07:56 --> Session: Class initialized using 'CodeIgniter\Session\Handlers\FileHandler' driver.
INFO - 2023-12-31 03:08:16 --> Session: Class initialized using 'CodeIgniter\Session\Handlers\FileHandler' driver.
INFO - 2023-12-31 03:09:01 --> Session: Class initialized using 'CodeIgniter\Session\Handlers\FileHandler' driver.
INFO - 2023-12-31 03:09:31 --> Session: Class initialized using 'CodeIgniter\Session\Handlers\FileHandler' driver.
INFO - 2023-12-31 03:09:37 --> Session: Class initialized using 'CodeIgniter\Session\Handlers\FileHandler' driver.
INFO - 2023-12-31 03:09:37 --> Session: Class initialized using 'CodeIgniter\Session\Handlers\FileHandler' driver.
INFO - 2023-12-31 03:09:48 --> Session: Class initialized using 'CodeIgniter\Session\Handlers\FileHandler' driver.
INFO - 2023-12-31 03:09:48 --> Session: Class initialized using 'CodeIgniter\Session\Handlers\FileHandler' driver.
INFO - 2023-12-31 03:09:51 --> Session: Class initialized using 'CodeIgniter\Session\Handlers\FileHandler' driver.
CRITICAL - 2023-12-31 03:09:51 --> Undefined array key "skema"
in APPPATH\Views\mahasiswa\dataUsulan.php on line 56.
 1 APPPATH\Views\mahasiswa\dataUsulan.php(56): CodeIgniter\Debug\Exceptions->errorHandler(2, 'Undefined array key "skema"', 'C:\\Users\\Shiroo Neko\\Pictures\\mypkm\\app\\Views\\mahasiswa\\dataUsulan.php', 56)
 2 SYSTEMPATH\View\View.php(228): include('C:\\Users\\Shiroo Neko\\Pictures\\mypkm\\app\\Views\\mahasiswa\\dataUsulan.php')
 3 SYSTEMPATH\View\View.php(231): CodeIgniter\View\View->CodeIgniter\View\{closure}()
 4 SYSTEMPATH\Common.php(1190): CodeIgniter\View\View->render('mahasiswa/dataUsulan', [], true)
 5 APPPATH\Controllers\mahasiswa\Usulan.php(27): view('mahasiswa/dataUsulan', [...])
 6 SYSTEMPATH\CodeIgniter.php(942): App\Controllers\Mahasiswa\Usulan->index()
 7 SYSTEMPATH\CodeIgniter.php(502): CodeIgniter\CodeIgniter->runController(Object(App\Controllers\Mahasiswa\Usulan))
 8 SYSTEMPATH\CodeIgniter.php(361): CodeIgniter\CodeIgniter->handleRequest(null, Object(Config\Cache), false)
 9 FCPATH\index.php(79): CodeIgniter\CodeIgniter->run()
10 SYSTEMPATH\Commands\Server\rewrite.php(47): require_once('C:\\Users\\Shiroo Neko\\Pictures\\mypkm\\public\\index.php')
INFO - 2023-12-31 03:10:16 --> Session: Class initialized using 'CodeIgniter\Session\Handlers\FileHandler' driver.
INFO - 2023-12-31 03:10:23 --> Session: Class initialized using 'CodeIgniter\Session\Handlers\FileHandler' driver.
INFO - 2023-12-31 03:10:24 --> Session: Class initialized using 'CodeIgniter\Session\Handlers\FileHandler' driver.
INFO - 2023-12-31 03:10:51 --> Session: Class initialized using 'CodeIgniter\Session\Handlers\FileHandler' driver.
INFO - 2023-12-31 03:10:51 --> Session: Class initialized using 'CodeIgniter\Session\Handlers\FileHandler' driver.
INFO - 2023-12-31 03:10:57 --> Session: Class initialized using 'CodeIgniter\Session\Handlers\FileHandler' driver.
INFO - 2023-12-31 03:10:57 --> Session: Class initialized using 'CodeIgniter\Session\Handlers\FileHandler' driver.
CRITICAL - 2023-12-31 03:17:07 --> foreach() argument must be of type array|object, null given
in APPPATH\Views\admin\usulanUpdate.php on line 70.
 1 APPPATH\Views\admin\usulanUpdate.php(70): CodeIgniter\Debug\Exceptions->errorHandler(2, 'foreach() argument must be of type array|object, null given', 'C:\\Users\\Shiroo Neko\\Pictures\\mypkm\\app\\Views\\admin\\usulanUpdate.php', 70)
 2 SYSTEMPATH\View\View.php(228): include('C:\\Users\\Shiroo Neko\\Pictures\\mypkm\\app\\Views\\admin\\usulanUpdate.php')
 3 SYSTEMPATH\View\View.php(231): CodeIgniter\View\View->CodeIgniter\View\{closure}()
 4 SYSTEMPATH\Common.php(1190): CodeIgniter\View\View->render('admin/usulanUpdate', [], true)
 5 APPPATH\Controllers\admin\Usulan.php(102): view('admin/usulanUpdate', [...])
 6 SYSTEMPATH\CodeIgniter.php(942): App\Controllers\Admin\Usulan->update('12')
 7 SYSTEMPATH\CodeIgniter.php(502): CodeIgniter\CodeIgniter->runController(Object(App\Controllers\Admin\Usulan))
 8 SYSTEMPATH\CodeIgniter.php(361): CodeIgniter\CodeIgniter->handleRequest(null, Object(Config\Cache), false)
 9 FCPATH\index.php(79): CodeIgniter\CodeIgniter->run()
10 SYSTEMPATH\Commands\Server\rewrite.php(47): require_once('C:\\Users\\Shiroo Neko\\Pictures\\mypkm\\public\\index.php')
ERROR - 2023-12-31 03:25:17 --> Terjadi kesalahan saat memperbarui data: There is no data to update.
CRITICAL - 2023-12-31 03:25:17 --> Undefined array key "skema"
in APPPATH\Views\admin\usulanDetail.php on line 86.
 1 APPPATH\Views\admin\usulanDetail.php(86): CodeIgniter\Debug\Exceptions->errorHandler(2, 'Undefined array key "skema"', 'C:\\Users\\Shiroo Neko\\Pictures\\mypkm\\app\\Views\\admin\\usulanDetail.php', 86)
 2 SYSTEMPATH\View\View.php(228): include('C:\\Users\\Shiroo Neko\\Pictures\\mypkm\\app\\Views\\admin\\usulanDetail.php')
 3 SYSTEMPATH\View\View.php(231): CodeIgniter\View\View->CodeIgniter\View\{closure}()
 4 SYSTEMPATH\Common.php(1190): CodeIgniter\View\View->render('admin/usulanDetail', [], true)
 5 APPPATH\Controllers\admin\Usulan.php(186): view('admin/usulanDetail', [...])
 6 SYSTEMPATH\CodeIgniter.php(942): App\Controllers\Admin\Usulan->detail('12')
 7 SYSTEMPATH\CodeIgniter.php(502): CodeIgniter\CodeIgniter->runController(Object(App\Controllers\Admin\Usulan))
 8 SYSTEMPATH\CodeIgniter.php(361): CodeIgniter\CodeIgniter->handleRequest(null, Object(Config\Cache), false)
 9 FCPATH\index.php(79): CodeIgniter\CodeIgniter->run()
10 SYSTEMPATH\Commands\Server\rewrite.php(47): require_once('C:\\Users\\Shiroo Neko\\Pictures\\mypkm\\public\\index.php')
CRITICAL - 2023-12-31 03:25:37 --> Undefined array key "skema"
in APPPATH\Views\admin\usulanDetail.php on line 86.
 1 APPPATH\Views\admin\usulanDetail.php(86): CodeIgniter\Debug\Exceptions->errorHandler(2, 'Undefined array key "skema"', 'C:\\Users\\Shiroo Neko\\Pictures\\mypkm\\app\\Views\\admin\\usulanDetail.php', 86)
 2 SYSTEMPATH\View\View.php(228): include('C:\\Users\\Shiroo Neko\\Pictures\\mypkm\\app\\Views\\admin\\usulanDetail.php')
 3 SYSTEMPATH\View\View.php(231): CodeIgniter\View\View->CodeIgniter\View\{closure}()
 4 SYSTEMPATH\Common.php(1190): CodeIgniter\View\View->render('admin/usulanDetail', [], true)
 5 APPPATH\Controllers\admin\Usulan.php(185): view('admin/usulanDetail', [...])
 6 SYSTEMPATH\CodeIgniter.php(942): App\Controllers\Admin\Usulan->detail('12')
 7 SYSTEMPATH\CodeIgniter.php(502): CodeIgniter\CodeIgniter->runController(Object(App\Controllers\Admin\Usulan))
 8 SYSTEMPATH\CodeIgniter.php(361): CodeIgniter\CodeIgniter->handleRequest(null, Object(Config\Cache), false)
 9 FCPATH\index.php(79): CodeIgniter\CodeIgniter->run()
10 SYSTEMPATH\Commands\Server\rewrite.php(47): require_once('C:\\Users\\Shiroo Neko\\Pictures\\mypkm\\public\\index.php')
CRITICAL - 2023-12-31 03:25:52 --> Undefined array key "skema"
in APPPATH\Views\admin\usulanDetail.php on line 86.
 1 APPPATH\Views\admin\usulanDetail.php(86): CodeIgniter\Debug\Exceptions->errorHandler(2, 'Undefined array key "skema"', 'C:\\Users\\Shiroo Neko\\Pictures\\mypkm\\app\\Views\\admin\\usulanDetail.php', 86)
 2 SYSTEMPATH\View\View.php(228): include('C:\\Users\\Shiroo Neko\\Pictures\\mypkm\\app\\Views\\admin\\usulanDetail.php')
 3 SYSTEMPATH\View\View.php(231): CodeIgniter\View\View->CodeIgniter\View\{closure}()
 4 SYSTEMPATH\Common.php(1190): CodeIgniter\View\View->render('admin/usulanDetail', [], true)
 5 APPPATH\Controllers\admin\Usulan.php(185): view('admin/usulanDetail', [...])
 6 SYSTEMPATH\CodeIgniter.php(942): App\Controllers\Admin\Usulan->detail('12')
 7 SYSTEMPATH\CodeIgniter.php(502): CodeIgniter\CodeIgniter->runController(Object(App\Controllers\Admin\Usulan))
 8 SYSTEMPATH\CodeIgniter.php(361): CodeIgniter\CodeIgniter->handleRequest(null, Object(Config\Cache), false)
 9 FCPATH\index.php(79): CodeIgniter\CodeIgniter->run()
10 SYSTEMPATH\Commands\Server\rewrite.php(47): require_once('C:\\Users\\Shiroo Neko\\Pictures\\mypkm\\public\\index.php')
CRITICAL - 2023-12-31 03:26:12 --> Undefined array key "skema"
in APPPATH\Views\admin\usulanDetail.php on line 86.
 1 APPPATH\Views\admin\usulanDetail.php(86): CodeIgniter\Debug\Exceptions->errorHandler(2, 'Undefined array key "skema"', 'C:\\Users\\Shiroo Neko\\Pictures\\mypkm\\app\\Views\\admin\\usulanDetail.php', 86)
 2 SYSTEMPATH\View\View.php(228): include('C:\\Users\\Shiroo Neko\\Pictures\\mypkm\\app\\Views\\admin\\usulanDetail.php')
 3 SYSTEMPATH\View\View.php(231): CodeIgniter\View\View->CodeIgniter\View\{closure}()
 4 SYSTEMPATH\Common.php(1190): CodeIgniter\View\View->render('admin/usulanDetail', [], true)
 5 APPPATH\Controllers\admin\Usulan.php(185): view('admin/usulanDetail', [...])
 6 SYSTEMPATH\CodeIgniter.php(942): App\Controllers\Admin\Usulan->detail('12')
 7 SYSTEMPATH\CodeIgniter.php(502): CodeIgniter\CodeIgniter->runController(Object(App\Controllers\Admin\Usulan))
 8 SYSTEMPATH\CodeIgniter.php(361): CodeIgniter\CodeIgniter->handleRequest(null, Object(Config\Cache), false)
 9 FCPATH\index.php(79): CodeIgniter\CodeIgniter->run()
10 SYSTEMPATH\Commands\Server\rewrite.php(47): require_once('C:\\Users\\Shiroo Neko\\Pictures\\mypkm\\public\\index.php')
INFO - 2023-12-31 04:13:41 --> Session: Class initialized using 'CodeIgniter\Session\Handlers\FileHandler' driver.
INFO - 2023-12-31 04:21:23 --> Session: Class initialized using 'CodeIgniter\Session\Handlers\FileHandler' driver.
ERROR - 2023-12-31 04:32:54 --> mysqli_sql_exception: Table 'mypkm.mahasiswa' doesn't exist in C:\Users\Shiroo Neko\Pictures\mypkm\vendor\codeigniter4\framework\system\Database\MySQLi\Connection.php:306
Stack trace:
#0 C:\Users\Shiroo Neko\Pictures\mypkm\vendor\codeigniter4\framework\system\Database\MySQLi\Connection.php(306): mysqli->query('SELECT *\nFROM `...', 0)
#1 C:\Users\Shiroo Neko\Pictures\mypkm\vendor\codeigniter4\framework\system\Database\BaseConnection.php(693): CodeIgniter\Database\MySQLi\Connection->execute('SELECT *\nFROM `...')
#2 C:\Users\Shiroo Neko\Pictures\mypkm\vendor\codeigniter4\framework\system\Database\BaseConnection.php(607): CodeIgniter\Database\BaseConnection->simpleQuery('SELECT *\nFROM `...')
#3 C:\Users\Shiroo Neko\Pictures\mypkm\vendor\codeigniter4\framework\system\Database\BaseBuilder.php(1615): CodeIgniter\Database\BaseConnection->query('SELECT *\nFROM `...', Array, false)
#4 C:\Users\Shiroo Neko\Pictures\mypkm\app\Models\MahasiswaModel.php(50): CodeIgniter\Database\BaseBuilder->get()
#5 C:\Users\Shiroo Neko\Pictures\mypkm\app\Controllers\admin\Mahasiswa.php(138): App\Models\MahasiswaModel->getFilteredData('2', '')
#6 C:\Users\Shiroo Neko\Pictures\mypkm\vendor\codeigniter4\framework\system\CodeIgniter.php(942): App\Controllers\Admin\Mahasiswa->filterData()
#7 C:\Users\Shiroo Neko\Pictures\mypkm\vendor\codeigniter4\framework\system\CodeIgniter.php(502): CodeIgniter\CodeIgniter->runController(Object(App\Controllers\Admin\Mahasiswa))
#8 C:\Users\Shiroo Neko\Pictures\mypkm\vendor\codeigniter4\framework\system\CodeIgniter.php(361): CodeIgniter\CodeIgniter->handleRequest(NULL, Object(Config\Cache), false)
#9 C:\Users\Shiroo Neko\Pictures\mypkm\public\index.php(79): CodeIgniter\CodeIgniter->run()
#10 C:\Users\Shiroo Neko\Pictures\mypkm\vendor\codeigniter4\framework\system\Commands\Server\rewrite.php(47): require_once('C:\\Users\\Shiroo...')
#11 {main}
CRITICAL - 2023-12-31 04:32:54 --> Table 'mypkm.mahasiswa' doesn't exist
in SYSTEMPATH\Database\BaseConnection.php on line 647.
 1 SYSTEMPATH\Database\BaseBuilder.php(1615): CodeIgniter\Database\BaseConnection->query('SELECT *
FROM `mahasiswa`
WHERE `semester` = :semester:', [...], false)
 2 APPPATH\Models\MahasiswaModel.php(50): CodeIgniter\Database\BaseBuilder->get()
 3 APPPATH\Controllers\admin\Mahasiswa.php(138): App\Models\MahasiswaModel->getFilteredData('2', '')
 4 SYSTEMPATH\CodeIgniter.php(942): App\Controllers\Admin\Mahasiswa->filterData()
 5 SYSTEMPATH\CodeIgniter.php(502): CodeIgniter\CodeIgniter->runController(Object(App\Controllers\Admin\Mahasiswa))
 6 SYSTEMPATH\CodeIgniter.php(361): CodeIgniter\CodeIgniter->handleRequest(null, Object(Config\Cache), false)
 7 FCPATH\index.php(79): CodeIgniter\CodeIgniter->run()
 8 SYSTEMPATH\Commands\Server\rewrite.php(47): require_once('C:\\Users\\Shiroo Neko\\Pictures\\mypkm\\public\\index.php')
ERROR - 2023-12-31 04:33:01 --> mysqli_sql_exception: Table 'mypkm.mahasiswa' doesn't exist in C:\Users\Shiroo Neko\Pictures\mypkm\vendor\codeigniter4\framework\system\Database\MySQLi\Connection.php:306
Stack trace:
#0 C:\Users\Shiroo Neko\Pictures\mypkm\vendor\codeigniter4\framework\system\Database\MySQLi\Connection.php(306): mysqli->query('SELECT *\nFROM `...', 0)
#1 C:\Users\Shiroo Neko\Pictures\mypkm\vendor\codeigniter4\framework\system\Database\BaseConnection.php(693): CodeIgniter\Database\MySQLi\Connection->execute('SELECT *\nFROM `...')
#2 C:\Users\Shiroo Neko\Pictures\mypkm\vendor\codeigniter4\framework\system\Database\BaseConnection.php(607): CodeIgniter\Database\BaseConnection->simpleQuery('SELECT *\nFROM `...')
#3 C:\Users\Shiroo Neko\Pictures\mypkm\vendor\codeigniter4\framework\system\Database\BaseBuilder.php(1615): CodeIgniter\Database\BaseConnection->query('SELECT *\nFROM `...', Array, false)
#4 C:\Users\Shiroo Neko\Pictures\mypkm\app\Models\MahasiswaModel.php(50): CodeIgniter\Database\BaseBuilder->get()
#5 C:\Users\Shiroo Neko\Pictures\mypkm\app\Controllers\admin\Mahasiswa.php(138): App\Models\MahasiswaModel->getFilteredData('2', 'belum')
#6 C:\Users\Shiroo Neko\Pictures\mypkm\vendor\codeigniter4\framework\system\CodeIgniter.php(942): App\Controllers\Admin\Mahasiswa->filterData()
#7 C:\Users\Shiroo Neko\Pictures\mypkm\vendor\codeigniter4\framework\system\CodeIgniter.php(502): CodeIgniter\CodeIgniter->runController(Object(App\Controllers\Admin\Mahasiswa))
#8 C:\Users\Shiroo Neko\Pictures\mypkm\vendor\codeigniter4\framework\system\CodeIgniter.php(361): CodeIgniter\CodeIgniter->handleRequest(NULL, Object(Config\Cache), false)
#9 C:\Users\Shiroo Neko\Pictures\mypkm\public\index.php(79): CodeIgniter\CodeIgniter->run()
#10 C:\Users\Shiroo Neko\Pictures\mypkm\vendor\codeigniter4\framework\system\Commands\Server\rewrite.php(47): require_once('C:\\Users\\Shiroo...')
#11 {main}
CRITICAL - 2023-12-31 04:33:01 --> Table 'mypkm.mahasiswa' doesn't exist
in SYSTEMPATH\Database\BaseConnection.php on line 647.
 1 SYSTEMPATH\Database\BaseBuilder.php(1615): CodeIgniter\Database\BaseConnection->query('SELECT *
FROM `mahasiswa`
WHERE `semester` = :semester:
AND `status_akun` = :status_akun:', [...], false)
 2 APPPATH\Models\MahasiswaModel.php(50): CodeIgniter\Database\BaseBuilder->get()
 3 APPPATH\Controllers\admin\Mahasiswa.php(138): App\Models\MahasiswaModel->getFilteredData('2', 'belum')
 4 SYSTEMPATH\CodeIgniter.php(942): App\Controllers\Admin\Mahasiswa->filterData()
 5 SYSTEMPATH\CodeIgniter.php(502): CodeIgniter\CodeIgniter->runController(Object(App\Controllers\Admin\Mahasiswa))
 6 SYSTEMPATH\CodeIgniter.php(361): CodeIgniter\CodeIgniter->handleRequest(null, Object(Config\Cache), false)
 7 FCPATH\index.php(79): CodeIgniter\CodeIgniter->run()
 8 SYSTEMPATH\Commands\Server\rewrite.php(47): require_once('C:\\Users\\Shiroo Neko\\Pictures\\mypkm\\public\\index.php')
INFO - 2023-12-31 04:36:27 --> Session: Class initialized using 'CodeIgniter\Session\Handlers\FileHandler' driver.
INFO - 2023-12-31 04:36:27 --> Session: Class initialized using 'CodeIgniter\Session\Handlers\FileHandler' driver.
INFO - 2023-12-31 04:36:32 --> Session: Class initialized using 'CodeIgniter\Session\Handlers\FileHandler' driver.
INFO - 2023-12-31 04:36:32 --> Session: Class initialized using 'CodeIgniter\Session\Handlers\FileHandler' driver.
INFO - 2023-12-31 04:36:38 --> Session: Class initialized using 'CodeIgniter\Session\Handlers\FileHandler' driver.
INFO - 2023-12-31 04:37:21 --> Session: Class initialized using 'CodeIgniter\Session\Handlers\FileHandler' driver.
INFO - 2023-12-31 04:38:15 --> Session: Class initialized using 'CodeIgniter\Session\Handlers\FileHandler' driver.
INFO - 2023-12-31 04:38:18 --> Session: Class initialized using 'CodeIgniter\Session\Handlers\FileHandler' driver.
INFO - 2023-12-31 04:39:22 --> Session: Class initialized using 'CodeIgniter\Session\Handlers\FileHandler' driver.
INFO - 2023-12-31 04:42:40 --> Session: Class initialized using 'CodeIgniter\Session\Handlers\FileHandler' driver.
INFO - 2023-12-31 04:43:32 --> Session: Class initialized using 'CodeIgniter\Session\Handlers\FileHandler' driver.
INFO - 2023-12-31 04:43:34 --> Session: Class initialized using 'CodeIgniter\Session\Handlers\FileHandler' driver.
INFO - 2023-12-31 04:43:40 --> Session: Class initialized using 'CodeIgniter\Session\Handlers\FileHandler' driver.
INFO - 2023-12-31 04:43:41 --> Session: Class initialized using 'CodeIgniter\Session\Handlers\FileHandler' driver.
INFO - 2023-12-31 04:44:18 --> Session: Class initialized using 'CodeIgniter\Session\Handlers\FileHandler' driver.
CRITICAL - 2023-12-31 04:44:20 --> Invalid file: "mahasiswa/usulanUpdate.php"
in SYSTEMPATH\Exceptions\FrameworkException.php on line 39.
 1 SYSTEMPATH\View\View.php(216): CodeIgniter\Exceptions\FrameworkException::forInvalidFile('mahasiswa/usulanUpdate.php')
 2 SYSTEMPATH\Common.php(1190): CodeIgniter\View\View->render('mahasiswa/usulanUpdate', [], true)
 3 APPPATH\Controllers\mahasiswa\Usulan.php(103): view('mahasiswa/usulanUpdate', [...])
 4 SYSTEMPATH\CodeIgniter.php(942): App\Controllers\Mahasiswa\Usulan->update('13')
 5 SYSTEMPATH\CodeIgniter.php(502): CodeIgniter\CodeIgniter->runController(Object(App\Controllers\Mahasiswa\Usulan))
 6 SYSTEMPATH\CodeIgniter.php(361): CodeIgniter\CodeIgniter->handleRequest(null, Object(Config\Cache), false)
 7 FCPATH\index.php(79): CodeIgniter\CodeIgniter->run()
 8 SYSTEMPATH\Commands\Server\rewrite.php(47): require_once('C:\\Users\\Shiroo Neko\\Pictures\\mypkm\\public\\index.php')
INFO - 2023-12-31 04:45:22 --> Session: Class initialized using 'CodeIgniter\Session\Handlers\FileHandler' driver.
CRITICAL - 2023-12-31 04:45:26 --> Undefined array key "skema"
in APPPATH\Views\mahasiswa\usulanDetail.php on line 86.
 1 APPPATH\Views\mahasiswa\usulanDetail.php(86): CodeIgniter\Debug\Exceptions->errorHandler(2, 'Undefined array key "skema"', 'C:\\Users\\Shiroo Neko\\Pictures\\mypkm\\app\\Views\\mahasiswa\\usulanDetail.php', 86)
 2 SYSTEMPATH\View\View.php(228): include('C:\\Users\\Shiroo Neko\\Pictures\\mypkm\\app\\Views\\mahasiswa\\usulanDetail.php')
 3 SYSTEMPATH\View\View.php(231): CodeIgniter\View\View->CodeIgniter\View\{closure}()
 4 SYSTEMPATH\Common.php(1190): CodeIgniter\View\View->render('mahasiswa/usulanDetail', [], true)
 5 APPPATH\Controllers\mahasiswa\Usulan.php(185): view('mahasiswa/usulanDetail', [...])
 6 SYSTEMPATH\CodeIgniter.php(942): App\Controllers\Mahasiswa\Usulan->detail('13')
 7 SYSTEMPATH\CodeIgniter.php(502): CodeIgniter\CodeIgniter->runController(Object(App\Controllers\Mahasiswa\Usulan))
 8 SYSTEMPATH\CodeIgniter.php(361): CodeIgniter\CodeIgniter->handleRequest(null, Object(Config\Cache), false)
 9 FCPATH\index.php(79): CodeIgniter\CodeIgniter->run()
10 SYSTEMPATH\Commands\Server\rewrite.php(47): require_once('C:\\Users\\Shiroo Neko\\Pictures\\mypkm\\public\\index.php')
INFO - 2023-12-31 04:46:48 --> Session: Class initialized using 'CodeIgniter\Session\Handlers\FileHandler' driver.
INFO - 2023-12-31 04:47:06 --> Session: Class initialized using 'CodeIgniter\Session\Handlers\FileHandler' driver.
INFO - 2023-12-31 04:47:10 --> Session: Class initialized using 'CodeIgniter\Session\Handlers\FileHandler' driver.
INFO - 2023-12-31 04:47:10 --> Session: Class initialized using 'CodeIgniter\Session\Handlers\FileHandler' driver.
INFO - 2023-12-31 04:47:11 --> Session: Class initialized using 'CodeIgniter\Session\Handlers\FileHandler' driver.
INFO - 2023-12-31 04:47:37 --> Session: Class initialized using 'CodeIgniter\Session\Handlers\FileHandler' driver.
INFO - 2023-12-31 04:47:57 --> Session: Class initialized using 'CodeIgniter\Session\Handlers\FileHandler' driver.
INFO - 2023-12-31 04:48:11 --> Session: Class initialized using 'CodeIgniter\Session\Handlers\FileHandler' driver.
INFO - 2023-12-31 04:48:43 --> Session: Class initialized using 'CodeIgniter\Session\Handlers\FileHandler' driver.
INFO - 2023-12-31 04:55:24 --> Session: Class initialized using 'CodeIgniter\Session\Handlers\FileHandler' driver.
INFO - 2023-12-31 04:57:29 --> Session: Class initialized using 'CodeIgniter\Session\Handlers\FileHandler' driver.
INFO - 2023-12-31 04:58:29 --> Session: Class initialized using 'CodeIgniter\Session\Handlers\FileHandler' driver.
INFO - 2023-12-31 04:58:36 --> Session: Class initialized using 'CodeIgniter\Session\Handlers\FileHandler' driver.
INFO - 2023-12-31 04:59:23 --> Session: Class initialized using 'CodeIgniter\Session\Handlers\FileHandler' driver.
INFO - 2023-12-31 04:59:25 --> Session: Class initialized using 'CodeIgniter\Session\Handlers\FileHandler' driver.
INFO - 2023-12-31 04:59:46 --> Session: Class initialized using 'CodeIgniter\Session\Handlers\FileHandler' driver.
INFO - 2023-12-31 04:59:48 --> Session: Class initialized using 'CodeIgniter\Session\Handlers\FileHandler' driver.
INFO - 2023-12-31 04:59:49 --> Session: Class initialized using 'CodeIgniter\Session\Handlers\FileHandler' driver.
INFO - 2023-12-31 04:59:54 --> Session: Class initialized using 'CodeIgniter\Session\Handlers\FileHandler' driver.
INFO - 2023-12-31 04:59:57 --> Session: Class initialized using 'CodeIgniter\Session\Handlers\FileHandler' driver.
INFO - 2023-12-31 05:00:13 --> Session: Class initialized using 'CodeIgniter\Session\Handlers\FileHandler' driver.
INFO - 2023-12-31 05:00:19 --> Session: Class initialized using 'CodeIgniter\Session\Handlers\FileHandler' driver.
INFO - 2023-12-31 05:00:23 --> Session: Class initialized using 'CodeIgniter\Session\Handlers\FileHandler' driver.
INFO - 2023-12-31 05:00:27 --> Session: Class initialized using 'CodeIgniter\Session\Handlers\FileHandler' driver.
INFO - 2023-12-31 05:00:27 --> Session: Class initialized using 'CodeIgniter\Session\Handlers\FileHandler' driver.
INFO - 2023-12-31 05:00:30 --> Session: Class initialized using 'CodeIgniter\Session\Handlers\FileHandler' driver.
INFO - 2023-12-31 05:00:30 --> Session: Class initialized using 'CodeIgniter\Session\Handlers\FileHandler' driver.
INFO - 2023-12-31 05:00:40 --> Session: Class initialized using 'CodeIgniter\Session\Handlers\FileHandler' driver.
INFO - 2023-12-31 05:00:40 --> Session: Class initialized using 'CodeIgniter\Session\Handlers\FileHandler' driver.
INFO - 2023-12-31 05:00:42 --> Session: Class initialized using 'CodeIgniter\Session\Handlers\FileHandler' driver.
INFO - 2023-12-31 05:00:44 --> Session: Class initialized using 'CodeIgniter\Session\Handlers\FileHandler' driver.
INFO - 2023-12-31 05:00:51 --> Session: Class initialized using 'CodeIgniter\Session\Handlers\FileHandler' driver.
INFO - 2023-12-31 05:00:51 --> Session: Class initialized using 'CodeIgniter\Session\Handlers\FileHandler' driver.
INFO - 2023-12-31 05:00:57 --> Session: Class initialized using 'CodeIgniter\Session\Handlers\FileHandler' driver.
INFO - 2023-12-31 05:00:57 --> Session: Class initialized using 'CodeIgniter\Session\Handlers\FileHandler' driver.
INFO - 2023-12-31 05:01:05 --> Session: Class initialized using 'CodeIgniter\Session\Handlers\FileHandler' driver.
INFO - 2023-12-31 05:01:05 --> Session: Class initialized using 'CodeIgniter\Session\Handlers\FileHandler' driver.
CRITICAL - 2023-12-31 05:01:10 --> Undefined array key "skema"
in APPPATH\Views\kabag\dataUsulan.php on line 35.
 1 APPPATH\Views\kabag\dataUsulan.php(35): CodeIgniter\Debug\Exceptions->errorHandler(2, 'Undefined array key "skema"', 'C:\\Users\\Shiroo Neko\\Pictures\\mypkm\\app\\Views\\kabag\\dataUsulan.php', 35)
 2 SYSTEMPATH\View\View.php(228): include('C:\\Users\\Shiroo Neko\\Pictures\\mypkm\\app\\Views\\kabag\\dataUsulan.php')
 3 SYSTEMPATH\View\View.php(231): CodeIgniter\View\View->CodeIgniter\View\{closure}()
 4 SYSTEMPATH\Common.php(1190): CodeIgniter\View\View->render('kabag/dataUsulan', [], true)
 5 APPPATH\Controllers\kabag\Usulan.php(27): view('kabag/dataUsulan', [...])
 6 SYSTEMPATH\CodeIgniter.php(942): App\Controllers\Kabag\Usulan->index()
 7 SYSTEMPATH\CodeIgniter.php(502): CodeIgniter\CodeIgniter->runController(Object(App\Controllers\Kabag\Usulan))
 8 SYSTEMPATH\CodeIgniter.php(361): CodeIgniter\CodeIgniter->handleRequest(null, Object(Config\Cache), false)
 9 FCPATH\index.php(79): CodeIgniter\CodeIgniter->run()
10 SYSTEMPATH\Commands\Server\rewrite.php(47): require_once('C:\\Users\\Shiroo Neko\\Pictures\\mypkm\\public\\index.php')
INFO - 2023-12-31 05:01:50 --> Session: Class initialized using 'CodeIgniter\Session\Handlers\FileHandler' driver.
INFO - 2023-12-31 05:01:52 --> Session: Class initialized using 'CodeIgniter\Session\Handlers\FileHandler' driver.
CRITICAL - 2023-12-31 05:01:53 --> Undefined array key "skema"
in APPPATH\Views\kabag\usulanDetail.php on line 81.
 1 APPPATH\Views\kabag\usulanDetail.php(81): CodeIgniter\Debug\Exceptions->errorHandler(2, 'Undefined array key "skema"', 'C:\\Users\\Shiroo Neko\\Pictures\\mypkm\\app\\Views\\kabag\\usulanDetail.php', 81)
 2 SYSTEMPATH\View\View.php(228): include('C:\\Users\\Shiroo Neko\\Pictures\\mypkm\\app\\Views\\kabag\\usulanDetail.php')
 3 SYSTEMPATH\View\View.php(231): CodeIgniter\View\View->CodeIgniter\View\{closure}()
 4 SYSTEMPATH\Common.php(1190): CodeIgniter\View\View->render('kabag/usulanDetail', [], true)
 5 APPPATH\Controllers\kabag\Usulan.php(38): view('kabag/usulanDetail', [...])
 6 SYSTEMPATH\CodeIgniter.php(942): App\Controllers\Kabag\Usulan->detail('13')
 7 SYSTEMPATH\CodeIgniter.php(502): CodeIgniter\CodeIgniter->runController(Object(App\Controllers\Kabag\Usulan))
 8 SYSTEMPATH\CodeIgniter.php(361): CodeIgniter\CodeIgniter->handleRequest(null, Object(Config\Cache), false)
 9 FCPATH\index.php(79): CodeIgniter\CodeIgniter->run()
10 SYSTEMPATH\Commands\Server\rewrite.php(47): require_once('C:\\Users\\Shiroo Neko\\Pictures\\mypkm\\public\\index.php')
INFO - 2023-12-31 05:05:32 --> Session: Class initialized using 'CodeIgniter\Session\Handlers\FileHandler' driver.
INFO - 2023-12-31 05:05:32 --> Session: Class initialized using 'CodeIgniter\Session\Handlers\FileHandler' driver.
INFO - 2023-12-31 05:05:39 --> Session: Class initialized using 'CodeIgniter\Session\Handlers\FileHandler' driver.
INFO - 2023-12-31 05:05:39 --> Session: Class initialized using 'CodeIgniter\Session\Handlers\FileHandler' driver.
CRITICAL - 2023-12-31 05:05:40 --> Undefined array key "skema"
in APPPATH\Views\kasubag\dataUsulan.php on line 35.
 1 APPPATH\Views\kasubag\dataUsulan.php(35): CodeIgniter\Debug\Exceptions->errorHandler(2, 'Undefined array key "skema"', 'C:\\Users\\Shiroo Neko\\Pictures\\mypkm\\app\\Views\\kasubag\\dataUsulan.php', 35)
 2 SYSTEMPATH\View\View.php(228): include('C:\\Users\\Shiroo Neko\\Pictures\\mypkm\\app\\Views\\kasubag\\dataUsulan.php')
 3 SYSTEMPATH\View\View.php(231): CodeIgniter\View\View->CodeIgniter\View\{closure}()
 4 SYSTEMPATH\Common.php(1190): CodeIgniter\View\View->render('kasubag/dataUsulan', [], true)
 5 APPPATH\Controllers\kasubag\Usulan.php(27): view('kasubag/dataUsulan', [...])
 6 SYSTEMPATH\CodeIgniter.php(942): App\Controllers\Kasubag\Usulan->index()
 7 SYSTEMPATH\CodeIgniter.php(502): CodeIgniter\CodeIgniter->runController(Object(App\Controllers\Kasubag\Usulan))
 8 SYSTEMPATH\CodeIgniter.php(361): CodeIgniter\CodeIgniter->handleRequest(null, Object(Config\Cache), false)
 9 FCPATH\index.php(79): CodeIgniter\CodeIgniter->run()
10 SYSTEMPATH\Commands\Server\rewrite.php(47): require_once('C:\\Users\\Shiroo Neko\\Pictures\\mypkm\\public\\index.php')
INFO - 2023-12-31 05:06:17 --> Session: Class initialized using 'CodeIgniter\Session\Handlers\FileHandler' driver.
INFO - 2023-12-31 05:06:21 --> Session: Class initialized using 'CodeIgniter\Session\Handlers\FileHandler' driver.
INFO - 2023-12-31 05:06:21 --> Session: Class initialized using 'CodeIgniter\Session\Handlers\FileHandler' driver.
INFO - 2023-12-31 05:07:31 --> Session: Class initialized using 'CodeIgniter\Session\Handlers\FileHandler' driver.
INFO - 2023-12-31 05:07:31 --> Session: Class initialized using 'CodeIgniter\Session\Handlers\FileHandler' driver.
CRITICAL - 2023-12-31 05:07:33 --> Undefined array key "skema"
in APPPATH\Views\wadir\dataUsulan.php on line 35.
 1 APPPATH\Views\wadir\dataUsulan.php(35): CodeIgniter\Debug\Exceptions->errorHandler(2, 'Undefined array key "skema"', 'C:\\Users\\Shiroo Neko\\Pictures\\mypkm\\app\\Views\\wadir\\dataUsulan.php', 35)
 2 SYSTEMPATH\View\View.php(228): include('C:\\Users\\Shiroo Neko\\Pictures\\mypkm\\app\\Views\\wadir\\dataUsulan.php')
 3 SYSTEMPATH\View\View.php(231): CodeIgniter\View\View->CodeIgniter\View\{closure}()
 4 SYSTEMPATH\Common.php(1190): CodeIgniter\View\View->render('wadir/dataUsulan', [], true)
 5 APPPATH\Controllers\wadir\Usulan.php(27): view('wadir/dataUsulan', [...])
 6 SYSTEMPATH\CodeIgniter.php(942): App\Controllers\Wadir\Usulan->index()
 7 SYSTEMPATH\CodeIgniter.php(502): CodeIgniter\CodeIgniter->runController(Object(App\Controllers\Wadir\Usulan))
 8 SYSTEMPATH\CodeIgniter.php(361): CodeIgniter\CodeIgniter->handleRequest(null, Object(Config\Cache), false)
 9 FCPATH\index.php(79): CodeIgniter\CodeIgniter->run()
10 SYSTEMPATH\Commands\Server\rewrite.php(47): require_once('C:\\Users\\Shiroo Neko\\Pictures\\mypkm\\public\\index.php')
CRITICAL - 2023-12-31 05:08:15 --> Undefined array key "skema"
in APPPATH\Views\wadir\usulanDetail.php on line 86.
 1 APPPATH\Views\wadir\usulanDetail.php(86): CodeIgniter\Debug\Exceptions->errorHandler(2, 'Undefined array key "skema"', 'C:\\Users\\Shiroo Neko\\Pictures\\mypkm\\app\\Views\\wadir\\usulanDetail.php', 86)
 2 SYSTEMPATH\View\View.php(228): include('C:\\Users\\Shiroo Neko\\Pictures\\mypkm\\app\\Views\\wadir\\usulanDetail.php')
 3 SYSTEMPATH\View\View.php(231): CodeIgniter\View\View->CodeIgniter\View\{closure}()
 4 SYSTEMPATH\Common.php(1190): CodeIgniter\View\View->render('wadir/usulanDetail', [], true)
 5 APPPATH\Controllers\wadir\Usulan.php(39): view('wadir/usulanDetail', [...])
 6 SYSTEMPATH\CodeIgniter.php(942): App\Controllers\Wadir\Usulan->detail('13')
 7 SYSTEMPATH\CodeIgniter.php(502): CodeIgniter\CodeIgniter->runController(Object(App\Controllers\Wadir\Usulan))
 8 SYSTEMPATH\CodeIgniter.php(361): CodeIgniter\CodeIgniter->handleRequest(null, Object(Config\Cache), false)
 9 FCPATH\index.php(79): CodeIgniter\CodeIgniter->run()
10 SYSTEMPATH\Commands\Server\rewrite.php(47): require_once('C:\\Users\\Shiroo Neko\\Pictures\\mypkm\\public\\index.php')
INFO - 2023-12-31 05:08:56 --> Session: Class initialized using 'CodeIgniter\Session\Handlers\FileHandler' driver.
INFO - 2023-12-31 05:09:06 --> Session: Class initialized using 'CodeIgniter\Session\Handlers\FileHandler' driver.
INFO - 2023-12-31 05:09:08 --> Session: Class initialized using 'CodeIgniter\Session\Handlers\FileHandler' driver.
INFO - 2023-12-31 05:09:32 --> Session: Class initialized using 'CodeIgniter\Session\Handlers\FileHandler' driver.
INFO - 2023-12-31 05:09:33 --> Session: Class initialized using 'CodeIgniter\Session\Handlers\FileHandler' driver.
INFO - 2023-12-31 05:09:37 --> Session: Class initialized using 'CodeIgniter\Session\Handlers\FileHandler' driver.
INFO - 2023-12-31 05:09:39 --> Session: Class initialized using 'CodeIgniter\Session\Handlers\FileHandler' driver.
INFO - 2023-12-31 05:09:45 --> Session: Class initialized using 'CodeIgniter\Session\Handlers\FileHandler' driver.
INFO - 2023-12-31 05:12:53 --> Session: Class initialized using 'CodeIgniter\Session\Handlers\FileHandler' driver.
INFO - 2023-12-31 05:12:55 --> Session: Class initialized using 'CodeIgniter\Session\Handlers\FileHandler' driver.
CRITICAL - 2023-12-31 05:29:41 --> Invalid file: "wadir/laporan_pdf.php"
in SYSTEMPATH\Exceptions\FrameworkException.php on line 39.
 1 SYSTEMPATH\View\View.php(216): CodeIgniter\Exceptions\FrameworkException::forInvalidFile('wadir/laporan_pdf.php')
 2 SYSTEMPATH\Common.php(1190): CodeIgniter\View\View->render('wadir/laporan_pdf', [], true)
 3 APPPATH\Controllers\wadir\Laporan.php(46): view('wadir/laporan_pdf', [...])
 4 SYSTEMPATH\CodeIgniter.php(942): App\Controllers\Wadir\Laporan->export()
 5 SYSTEMPATH\CodeIgniter.php(502): CodeIgniter\CodeIgniter->runController(Object(App\Controllers\Wadir\Laporan))
 6 SYSTEMPATH\CodeIgniter.php(361): CodeIgniter\CodeIgniter->handleRequest(null, Object(Config\Cache), false)
 7 FCPATH\index.php(79): CodeIgniter\CodeIgniter->run()
 8 SYSTEMPATH\Commands\Server\rewrite.php(47): require_once('C:\\Users\\Shiroo Neko\\Pictures\\mypkm\\public\\index.php')
CRITICAL - 2023-12-31 05:30:05 --> Undefined variable $page_title
in APPPATH\Views\wadir\layout.php on line 41.
 1 APPPATH\Views\wadir\layout.php(41): CodeIgniter\Debug\Exceptions->errorHandler(2, 'Undefined variable $page_title', 'C:\\Users\\Shiroo Neko\\Pictures\\mypkm\\app\\Views\\wadir\\layout.php', 41)
 2 SYSTEMPATH\View\View.php(228): include('C:\\Users\\Shiroo Neko\\Pictures\\mypkm\\app\\Views\\wadir\\layout.php')
 3 SYSTEMPATH\View\View.php(231): CodeIgniter\View\View->CodeIgniter\View\{closure}()
 4 SYSTEMPATH\View\View.php(244): CodeIgniter\View\View->render('wadir/layout', [], true)
 5 SYSTEMPATH\Common.php(1190): CodeIgniter\View\View->render('wadir/laporan', [], true)
 6 APPPATH\Controllers\wadir\Laporan.php(46): view('wadir/laporan', [...])
 7 SYSTEMPATH\CodeIgniter.php(942): App\Controllers\Wadir\Laporan->export()
 8 SYSTEMPATH\CodeIgniter.php(502): CodeIgniter\CodeIgniter->runController(Object(App\Controllers\Wadir\Laporan))
 9 SYSTEMPATH\CodeIgniter.php(361): CodeIgniter\CodeIgniter->handleRequest(null, Object(Config\Cache), false)
10 FCPATH\index.php(79): CodeIgniter\CodeIgniter->run()
11 SYSTEMPATH\Commands\Server\rewrite.php(47): require_once('C:\\Users\\Shiroo Neko\\Pictures\\mypkm\\public\\index.php')
CRITICAL - 2023-12-31 05:46:51 --> fopen(C:\Users\Shiroo Neko\Pictures\mypkm\writable\pdf/laporan_mahasiswa.pdf): Failed to open stream: No such file or directory
in VENDORPATH\mpdf\mpdf\src\Mpdf.php on line 9629.
 1 [internal function]: CodeIgniter\Debug\Exceptions->errorHandler(2, 'fopen(C:\\Users\\Shiroo Neko\\Pictures\\mypkm\\writable\\pdf/laporan_mahasiswa.pdf): Failed to open stream: No such file or directory', 'C:\\Users\\Shiroo Neko\\Pictures\\mypkm\\vendor\\mpdf\\mpdf\\src\\Mpdf.php', 9629)
 2 VENDORPATH\mpdf\mpdf\src\Mpdf.php(9629): fopen('C:\\Users\\Shiroo Neko\\Pictures\\mypkm\\writable\\pdf/laporan_mahasiswa.pdf', 'wb')
 3 APPPATH\Controllers\wadir\Laporan.php(93): Mpdf\Mpdf->Output('C:\\Users\\Shiroo Neko\\Pictures\\mypkm\\writable\\pdf/laporan_mahasiswa.pdf', 'F')
 4 SYSTEMPATH\CodeIgniter.php(942): App\Controllers\Wadir\Laporan->export()
 5 SYSTEMPATH\CodeIgniter.php(502): CodeIgniter\CodeIgniter->runController(Object(App\Controllers\Wadir\Laporan))
 6 SYSTEMPATH\CodeIgniter.php(361): CodeIgniter\CodeIgniter->handleRequest(null, Object(Config\Cache), false)
 7 FCPATH\index.php(79): CodeIgniter\CodeIgniter->run()
 8 SYSTEMPATH\Commands\Server\rewrite.php(47): require_once('C:\\Users\\Shiroo Neko\\Pictures\\mypkm\\public\\index.php')
INFO - 2023-12-31 05:51:07 --> Session: Class initialized using 'CodeIgniter\Session\Handlers\FileHandler' driver.
INFO - 2023-12-31 05:51:16 --> Session: Class initialized using 'CodeIgniter\Session\Handlers\FileHandler' driver.
INFO - 2023-12-31 05:52:12 --> Session: Class initialized using 'CodeIgniter\Session\Handlers\FileHandler' driver.
INFO - 2023-12-31 05:52:12 --> Session: Class initialized using 'CodeIgniter\Session\Handlers\FileHandler' driver.
INFO - 2023-12-31 05:52:14 --> Session: Class initialized using 'CodeIgniter\Session\Handlers\FileHandler' driver.
INFO - 2023-12-31 05:52:26 --> Session: Class initialized using 'CodeIgniter\Session\Handlers\FileHandler' driver.
INFO - 2023-12-31 05:52:27 --> Session: Class initialized using 'CodeIgniter\Session\Handlers\FileHandler' driver.
INFO - 2023-12-31 05:52:32 --> Session: Class initialized using 'CodeIgniter\Session\Handlers\FileHandler' driver.
INFO - 2023-12-31 05:52:33 --> Session: Class initialized using 'CodeIgniter\Session\Handlers\FileHandler' driver.
INFO - 2023-12-31 05:52:41 --> Session: Class initialized using 'CodeIgniter\Session\Handlers\FileHandler' driver.
INFO - 2023-12-31 05:52:47 --> Session: Class initialized using 'CodeIgniter\Session\Handlers\FileHandler' driver.
INFO - 2023-12-31 05:52:47 --> Session: Class initialized using 'CodeIgniter\Session\Handlers\FileHandler' driver.
INFO - 2023-12-31 05:53:06 --> Session: Class initialized using 'CodeIgniter\Session\Handlers\FileHandler' driver.
INFO - 2023-12-31 05:53:08 --> Session: Class initialized using 'CodeIgniter\Session\Handlers\FileHandler' driver.
INFO - 2023-12-31 05:53:13 --> Session: Class initialized using 'CodeIgniter\Session\Handlers\FileHandler' driver.
INFO - 2023-12-31 05:53:48 --> Session: Class initialized using 'CodeIgniter\Session\Handlers\FileHandler' driver.
INFO - 2023-12-31 05:53:50 --> Session: Class initialized using 'CodeIgniter\Session\Handlers\FileHandler' driver.
INFO - 2023-12-31 05:53:52 --> Session: Class initialized using 'CodeIgniter\Session\Handlers\FileHandler' driver.
INFO - 2023-12-31 05:54:35 --> Session: Class initialized using 'CodeIgniter\Session\Handlers\FileHandler' driver.
INFO - 2023-12-31 05:54:36 --> Session: Class initialized using 'CodeIgniter\Session\Handlers\FileHandler' driver.
INFO - 2023-12-31 05:54:49 --> Session: Class initialized using 'CodeIgniter\Session\Handlers\FileHandler' driver.
INFO - 2023-12-31 05:54:52 --> Session: Class initialized using 'CodeIgniter\Session\Handlers\FileHandler' driver.
INFO - 2023-12-31 05:54:55 --> Session: Class initialized using 'CodeIgniter\Session\Handlers\FileHandler' driver.
INFO - 2023-12-31 05:54:56 --> Session: Class initialized using 'CodeIgniter\Session\Handlers\FileHandler' driver.
INFO - 2023-12-31 05:55:09 --> Session: Class initialized using 'CodeIgniter\Session\Handlers\FileHandler' driver.
INFO - 2023-12-31 05:55:11 --> Session: Class initialized using 'CodeIgniter\Session\Handlers\FileHandler' driver.
INFO - 2023-12-31 05:55:13 --> Session: Class initialized using 'CodeIgniter\Session\Handlers\FileHandler' driver.
INFO - 2023-12-31 05:55:15 --> Session: Class initialized using 'CodeIgniter\Session\Handlers\FileHandler' driver.
INFO - 2023-12-31 05:55:15 --> Session: Class initialized using 'CodeIgniter\Session\Handlers\FileHandler' driver.
INFO - 2023-12-31 05:55:21 --> Session: Class initialized using 'CodeIgniter\Session\Handlers\FileHandler' driver.
INFO - 2023-12-31 05:55:21 --> Session: Class initialized using 'CodeIgniter\Session\Handlers\FileHandler' driver.
INFO - 2023-12-31 05:55:29 --> Session: Class initialized using 'CodeIgniter\Session\Handlers\FileHandler' driver.
INFO - 2023-12-31 05:55:29 --> Session: Class initialized using 'CodeIgniter\Session\Handlers\FileHandler' driver.
INFO - 2023-12-31 05:55:33 --> Session: Class initialized using 'CodeIgniter\Session\Handlers\FileHandler' driver.
INFO - 2023-12-31 05:55:33 --> Session: Class initialized using 'CodeIgniter\Session\Handlers\FileHandler' driver.
INFO - 2023-12-31 05:55:42 --> Session: Class initialized using 'CodeIgniter\Session\Handlers\FileHandler' driver.
INFO - 2023-12-31 05:55:44 --> Session: Class initialized using 'CodeIgniter\Session\Handlers\FileHandler' driver.
INFO - 2023-12-31 05:55:44 --> Session: Class initialized using 'CodeIgniter\Session\Handlers\FileHandler' driver.
