CRITICAL - 2023-10-24 11:00:48 --> Undefined variable $judul
in APPPATH\Views\home\index.php on line 2.
 1 APPPATH\Views\home\index.php(2): CodeIgniter\Debug\Exceptions->errorHandler(2, 'Undefined variable $judul', 'C:\\Users\\Eti_n\\Documents\\FAFA\\app\\Views\\home\\index.php', 2)
 2 SYSTEMPATH\View\View.php(226): include('C:\\Users\\Eti_n\\Documents\\FAFA\\app\\Views\\home\\index.php')
 3 SYSTEMPATH\View\View.php(229): CodeIgniter\View\View->CodeIgniter\View\{closure}()
 4 SYSTEMPATH\Common.php(1188): CodeIgniter\View\View->render('home/index', [], true)
 5 APPPATH\Controllers\Home.php(15): view('home/index')
 6 SYSTEMPATH\CodeIgniter.php(919): App\Controllers\Home->index()
 7 SYSTEMPATH\CodeIgniter.php(494): CodeIgniter\CodeIgniter->runController(Object(App\Controllers\Home))
 8 SYSTEMPATH\CodeIgniter.php(353): CodeIgniter\CodeIgniter->handleRequest(null, Object(Config\Cache), false)
 9 FCPATH\index.php(79): CodeIgniter\CodeIgniter->run()
10 SYSTEMPATH\Commands\Server\rewrite.php(47): require_once('C:\\Users\\Eti_n\\Documents\\FAFA\\public\\index.php')
CRITICAL - 2023-10-24 11:02:26 --> Undefined variable $judul
in APPPATH\Views\home\index.php on line 2.
 1 APPPATH\Views\home\index.php(2): CodeIgniter\Debug\Exceptions->errorHandler(2, 'Undefined variable $judul', 'C:\\Users\\Eti_n\\Documents\\FAFA\\app\\Views\\home\\index.php', 2)
 2 SYSTEMPATH\View\View.php(226): include('C:\\Users\\Eti_n\\Documents\\FAFA\\app\\Views\\home\\index.php')
 3 SYSTEMPATH\View\View.php(229): CodeIgniter\View\View->CodeIgniter\View\{closure}()
 4 SYSTEMPATH\Common.php(1188): CodeIgniter\View\View->render('home/index', [], true)
 5 APPPATH\Controllers\Home.php(15): view('home/index')
 6 SYSTEMPATH\CodeIgniter.php(919): App\Controllers\Home->index()
 7 SYSTEMPATH\CodeIgniter.php(494): CodeIgniter\CodeIgniter->runController(Object(App\Controllers\Home))
 8 SYSTEMPATH\CodeIgniter.php(353): CodeIgniter\CodeIgniter->handleRequest(null, Object(Config\Cache), false)
 9 FCPATH\index.php(79): CodeIgniter\CodeIgniter->run()
10 SYSTEMPATH\Commands\Server\rewrite.php(47): require_once('C:\\Users\\Eti_n\\Documents\\FAFA\\public\\index.php')
CRITICAL - 2023-10-24 11:05:02 --> Undefined variable $judul
in APPPATH\Views\home\index.php on line 2.
 1 APPPATH\Views\home\index.php(2): CodeIgniter\Debug\Exceptions->errorHandler(2, 'Undefined variable $judul', 'C:\\Users\\Eti_n\\Documents\\FAFA\\app\\Views\\home\\index.php', 2)
 2 SYSTEMPATH\View\View.php(226): include('C:\\Users\\Eti_n\\Documents\\FAFA\\app\\Views\\home\\index.php')
 3 SYSTEMPATH\View\View.php(229): CodeIgniter\View\View->CodeIgniter\View\{closure}()
 4 SYSTEMPATH\Common.php(1188): CodeIgniter\View\View->render('home/index', [], true)
 5 APPPATH\Controllers\Home.php(12): view('home/index')
 6 SYSTEMPATH\CodeIgniter.php(919): App\Controllers\Home->index()
 7 SYSTEMPATH\CodeIgniter.php(494): CodeIgniter\CodeIgniter->runController(Object(App\Controllers\Home))
 8 SYSTEMPATH\CodeIgniter.php(353): CodeIgniter\CodeIgniter->handleRequest(null, Object(Config\Cache), false)
 9 FCPATH\index.php(79): CodeIgniter\CodeIgniter->run()
10 SYSTEMPATH\Commands\Server\rewrite.php(47): require_once('C:\\Users\\Eti_n\\Documents\\FAFA\\public\\index.php')
CRITICAL - 2023-10-24 11:06:23 --> Undefined variable $judul
in APPPATH\Views\home\index.php on line 2.
 1 APPPATH\Views\home\index.php(2): CodeIgniter\Debug\Exceptions->errorHandler(2, 'Undefined variable $judul', 'C:\\Users\\Eti_n\\Documents\\FAFA\\app\\Views\\home\\index.php', 2)
 2 SYSTEMPATH\View\View.php(226): include('C:\\Users\\Eti_n\\Documents\\FAFA\\app\\Views\\home\\index.php')
 3 SYSTEMPATH\View\View.php(229): CodeIgniter\View\View->CodeIgniter\View\{closure}()
 4 SYSTEMPATH\Common.php(1188): CodeIgniter\View\View->render('home/index', [], true)
 5 APPPATH\Controllers\Home.php(12): view('home/index')
 6 SYSTEMPATH\CodeIgniter.php(919): App\Controllers\Home->index()
 7 SYSTEMPATH\CodeIgniter.php(494): CodeIgniter\CodeIgniter->runController(Object(App\Controllers\Home))
 8 SYSTEMPATH\CodeIgniter.php(353): CodeIgniter\CodeIgniter->handleRequest(null, Object(Config\Cache), false)
 9 FCPATH\index.php(79): CodeIgniter\CodeIgniter->run()
10 SYSTEMPATH\Commands\Server\rewrite.php(47): require_once('C:\\Users\\Eti_n\\Documents\\FAFA\\public\\index.php')
CRITICAL - 2023-10-24 11:10:22 --> Invalid file: "layout/layoutheader,$data.php"
in SYSTEMPATH\Exceptions\FrameworkException.php on line 39.
 1 SYSTEMPATH\View\View.php(214): CodeIgniter\Exceptions\FrameworkException::forInvalidFile('layout/layoutheader,$data.php')
 2 SYSTEMPATH\Common.php(1188): CodeIgniter\View\View->render('layout/layoutheader,$data', [], true)
 3 APPPATH\Controllers\Home.php(13): view('layout/layoutheader,$data')
 4 SYSTEMPATH\CodeIgniter.php(919): App\Controllers\Home->index()
 5 SYSTEMPATH\CodeIgniter.php(494): CodeIgniter\CodeIgniter->runController(Object(App\Controllers\Home))
 6 SYSTEMPATH\CodeIgniter.php(353): CodeIgniter\CodeIgniter->handleRequest(null, Object(Config\Cache), false)
 7 FCPATH\index.php(79): CodeIgniter\CodeIgniter->run()
 8 SYSTEMPATH\Commands\Server\rewrite.php(47): require_once('C:\\Users\\Eti_n\\Documents\\FAFA\\public\\index.php')
CRITICAL - 2023-10-24 11:10:40 --> Undefined variable $judul
in APPPATH\Views\layout\layoutheader.php on line 12.
 1 APPPATH\Views\layout\layoutheader.php(12): CodeIgniter\Debug\Exceptions->errorHandler(2, 'Undefined variable $judul', 'C:\\Users\\Eti_n\\Documents\\FAFA\\app\\Views\\layout\\layoutheader.php', 12)
 2 SYSTEMPATH\View\View.php(226): include('C:\\Users\\Eti_n\\Documents\\FAFA\\app\\Views\\layout\\layoutheader.php')
 3 SYSTEMPATH\View\View.php(229): CodeIgniter\View\View->CodeIgniter\View\{closure}()
 4 SYSTEMPATH\Common.php(1188): CodeIgniter\View\View->render('layout/layoutheader', [], true)
 5 APPPATH\Controllers\Home.php(13): view('layout/layoutheader')
 6 SYSTEMPATH\CodeIgniter.php(919): App\Controllers\Home->index()
 7 SYSTEMPATH\CodeIgniter.php(494): CodeIgniter\CodeIgniter->runController(Object(App\Controllers\Home))
 8 SYSTEMPATH\CodeIgniter.php(353): CodeIgniter\CodeIgniter->handleRequest(null, Object(Config\Cache), false)
 9 FCPATH\index.php(79): CodeIgniter\CodeIgniter->run()
10 SYSTEMPATH\Commands\Server\rewrite.php(47): require_once('C:\\Users\\Eti_n\\Documents\\FAFA\\public\\index.php')
CRITICAL - 2023-10-24 11:16:57 --> Invalid file: "layout/sidebar.php"
in SYSTEMPATH\Exceptions\FrameworkException.php on line 39.
 1 SYSTEMPATH\View\View.php(214): CodeIgniter\Exceptions\FrameworkException::forInvalidFile('layout/sidebar.php')
 2 SYSTEMPATH\Common.php(1188): CodeIgniter\View\View->render('layout/sidebar', [], true)
 3 APPPATH\Controllers\Home.php(14): view('layout/sidebar')
 4 SYSTEMPATH\CodeIgniter.php(919): App\Controllers\Home->index()
 5 SYSTEMPATH\CodeIgniter.php(494): CodeIgniter\CodeIgniter->runController(Object(App\Controllers\Home))
 6 SYSTEMPATH\CodeIgniter.php(353): CodeIgniter\CodeIgniter->handleRequest(null, Object(Config\Cache), false)
 7 FCPATH\index.php(79): CodeIgniter\CodeIgniter->run()
 8 SYSTEMPATH\Commands\Server\rewrite.php(47): require_once('C:\\Users\\Eti_n\\Documents\\FAFA\\public\\index.php')
CRITICAL - 2023-10-24 11:25:31 --> Invalid file: "layout/sidebar.php"
in SYSTEMPATH\Exceptions\FrameworkException.php on line 39.
 1 SYSTEMPATH\View\View.php(214): CodeIgniter\Exceptions\FrameworkException::forInvalidFile('layout/sidebar.php')
 2 SYSTEMPATH\Common.php(1188): CodeIgniter\View\View->render('layout/sidebar', [], true)
 3 APPPATH\Controllers\Home.php(14): view('layout/sidebar')
 4 SYSTEMPATH\CodeIgniter.php(919): App\Controllers\Home->index()
 5 SYSTEMPATH\CodeIgniter.php(494): CodeIgniter\CodeIgniter->runController(Object(App\Controllers\Home))
 6 SYSTEMPATH\CodeIgniter.php(353): CodeIgniter\CodeIgniter->handleRequest(null, Object(Config\Cache), false)
 7 FCPATH\index.php(79): CodeIgniter\CodeIgniter->run()
 8 SYSTEMPATH\Commands\Server\rewrite.php(47): require_once('C:\\Users\\Eti_n\\Documents\\FAFA\\public\\index.php')
